10:48:30.406 INFO  manager.ApplicationManager - All tests star in Chrome Browser
10:48:32.011 INFO  manager.ApplicationManager - Current Url -->https://telranedu.web.app/home
10:48:32.015 INFO  manager.ListenerTNG - onStart Gradle test
10:48:32.037 INFO  tests.TestBase - The name of starts method is ---->addContactSuccess
10:48:32.039 INFO  manager.ListenerWD - Before find elements --> By.xpath: //button[text()='Sign Out']
10:48:37.086 INFO  manager.ListenerWD - After find elements --> By.xpath: //button[text()='Sign Out']
10:48:37.088 INFO  manager.ListenerWD - List suze is --> 0
10:48:37.089 INFO  manager.ListenerWD - Before find element --> By.cssSelector: a[href='/login']
10:48:37.114 INFO  manager.ListenerWD - After find element --> By.cssSelector: a[href='/login']
10:48:37.162 INFO  manager.ListenerWD - Before find element --> By.name: email
10:48:37.181 INFO  manager.ListenerWD - After find element --> By.name: email
10:48:37.290 INFO  manager.ListenerWD - Before find element --> By.name: password
10:48:37.307 INFO  manager.ListenerWD - After find element --> By.name: password
10:48:37.383 INFO  manager.ListenerWD - Before find element --> By.cssSelector: [name='login']
10:48:37.397 INFO  manager.ListenerWD - After find element --> By.cssSelector: [name='login']
10:48:37.421 INFO  manager.ListenerTNG - OnTestStart addContactSuccess
10:48:37.436 INFO  manager.ListenerWD - Before find element --> By.cssSelector: a[href='/add']
10:48:38.444 INFO  manager.ListenerWD - After find element --> By.cssSelector: a[href='/add']
10:48:39.485 INFO  manager.ListenerWD - Before find element --> By.cssSelector: input[placeholder='Name']
10:48:39.506 INFO  manager.ListenerWD - After find element --> By.cssSelector: input[placeholder='Name']
10:48:39.583 INFO  manager.ListenerWD - Before find element --> By.cssSelector: input[placeholder='Last Name']
10:48:39.596 INFO  manager.ListenerWD - After find element --> By.cssSelector: input[placeholder='Last Name']
10:48:39.660 INFO  manager.ListenerWD - Before find element --> By.cssSelector: input[placeholder='Phone']
10:48:39.674 INFO  manager.ListenerWD - After find element --> By.cssSelector: input[placeholder='Phone']
10:48:39.748 INFO  manager.ListenerWD - Before find element --> By.cssSelector: input[placeholder='email']
10:48:39.762 INFO  manager.ListenerWD - After find element --> By.cssSelector: input[placeholder='email']
10:48:39.841 INFO  manager.ListenerWD - Before find element --> By.cssSelector: input[placeholder='Address']
10:48:39.856 INFO  manager.ListenerWD - After find element --> By.cssSelector: input[placeholder='Address']
10:48:39.928 INFO  manager.ListenerWD - Before find element --> By.cssSelector: input[placeholder='description']
10:48:39.943 INFO  manager.ListenerWD - After find element --> By.cssSelector: input[placeholder='description']
10:48:39.995 INFO  manager.ListenerWD - Before find element --> By.xpath: //b[text()='Save']
10:48:40.008 INFO  manager.ListenerWD - After find element --> By.xpath: //b[text()='Save']
10:48:41.041 INFO  manager.ListenerWD - Before find elements --> By.cssSelector: h2
10:48:41.329 INFO  manager.ListenerWD - After find elements --> By.cssSelector: h2
10:48:41.330 INFO  manager.ListenerWD - List suze is --> 63
10:48:41.909 INFO  manager.ListenerWD - Before find elements --> By.cssSelector: h3
10:48:42.115 INFO  manager.ListenerWD - After find elements --> By.cssSelector: h3
10:48:42.115 INFO  manager.ListenerWD - List suze is --> 63
10:48:42.720 INFO  manager.ListenerWD - Before find elements --> By.cssSelector: .contact-item_card__2SOIM
10:48:42.943 INFO  manager.ListenerWD - After find elements --> By.cssSelector: .contact-item_card__2SOIM
10:48:42.943 INFO  manager.ListenerWD - List suze is --> 63
10:48:42.972 INFO  manager.ListenerWD - Before find element --> By.cssSelector: .contact-item-detailed_card__50dTS
10:48:42.984 INFO  manager.ListenerWD - After find element --> By.cssSelector: .contact-item-detailed_card__50dTS
10:48:43.021 INFO  manager.ListenerWD - Before find element --> By.cssSelector: .contact-item-detailed_card__50dTS
10:48:43.030 INFO  manager.ListenerWD - After find element --> By.cssSelector: .contact-item-detailed_card__50dTS
10:48:43.069 INFO  manager.ListenerWD - Before find element --> By.cssSelector: .contact-item-detailed_card__50dTS
10:48:43.088 INFO  manager.ListenerWD - After find element --> By.cssSelector: .contact-item-detailed_card__50dTS
10:48:43.121 INFO  manager.ListenerWD - Before find element --> By.cssSelector: .contact-item-detailed_card__50dTS
10:48:43.131 INFO  manager.ListenerWD - After find element --> By.cssSelector: .contact-item-detailed_card__50dTS
10:48:43.164 INFO  manager.ListenerWD - Before find element --> By.cssSelector: .contact-item-detailed_card__50dTS
10:48:43.174 INFO  manager.ListenerWD - After find element --> By.cssSelector: .contact-item-detailed_card__50dTS
10:48:43.209 INFO  manager.ListenerWD - Before find element --> By.cssSelector: .contact-item-detailed_card__50dTS
10:48:43.219 INFO  manager.ListenerWD - After find element --> By.cssSelector: .contact-item-detailed_card__50dTS
10:48:43.253 INFO  manager.ListenerWD - Before find element --> By.cssSelector: .contact-item-detailed_card__50dTS
10:48:43.265 INFO  manager.ListenerWD - After find element --> By.cssSelector: .contact-item-detailed_card__50dTS
10:48:43.299 INFO  manager.ListenerWD - Before find element --> By.cssSelector: .contact-item-detailed_card__50dTS
10:48:43.310 INFO  manager.ListenerWD - After find element --> By.cssSelector: .contact-item-detailed_card__50dTS
10:48:43.348 INFO  manager.ListenerWD - Before find element --> By.cssSelector: .contact-item-detailed_card__50dTS
10:48:43.358 INFO  manager.ListenerWD - After find element --> By.cssSelector: .contact-item-detailed_card__50dTS
10:48:43.396 INFO  manager.ListenerWD - Before find element --> By.cssSelector: .contact-item-detailed_card__50dTS
10:48:43.406 INFO  manager.ListenerWD - After find element --> By.cssSelector: .contact-item-detailed_card__50dTS
10:48:43.442 INFO  manager.ListenerWD - Before find element --> By.cssSelector: .contact-item-detailed_card__50dTS
10:48:43.451 INFO  manager.ListenerWD - After find element --> By.cssSelector: .contact-item-detailed_card__50dTS
10:48:43.483 INFO  manager.ListenerWD - Before find element --> By.cssSelector: .contact-item-detailed_card__50dTS
10:48:43.491 INFO  manager.ListenerWD - After find element --> By.cssSelector: .contact-item-detailed_card__50dTS
10:48:43.520 INFO  manager.ListenerWD - Before find element --> By.cssSelector: .contact-item-detailed_card__50dTS
10:48:43.528 INFO  manager.ListenerWD - After find element --> By.cssSelector: .contact-item-detailed_card__50dTS
10:48:43.557 INFO  manager.ListenerWD - Before find element --> By.cssSelector: .contact-item-detailed_card__50dTS
10:48:43.565 INFO  manager.ListenerWD - After find element --> By.cssSelector: .contact-item-detailed_card__50dTS
10:48:43.595 INFO  manager.ListenerWD - Before find element --> By.cssSelector: .contact-item-detailed_card__50dTS
10:48:43.603 INFO  manager.ListenerWD - After find element --> By.cssSelector: .contact-item-detailed_card__50dTS
10:48:43.636 INFO  manager.ListenerWD - Before find element --> By.cssSelector: .contact-item-detailed_card__50dTS
10:48:43.647 INFO  manager.ListenerWD - After find element --> By.cssSelector: .contact-item-detailed_card__50dTS
10:48:43.684 INFO  manager.ListenerWD - Before find element --> By.cssSelector: .contact-item-detailed_card__50dTS
10:48:43.698 INFO  manager.ListenerWD - After find element --> By.cssSelector: .contact-item-detailed_card__50dTS
10:48:43.733 INFO  manager.ListenerWD - Before find element --> By.cssSelector: .contact-item-detailed_card__50dTS
10:48:43.744 INFO  manager.ListenerWD - After find element --> By.cssSelector: .contact-item-detailed_card__50dTS
10:48:43.783 INFO  manager.ListenerWD - Before find element --> By.cssSelector: .contact-item-detailed_card__50dTS
10:48:43.795 INFO  manager.ListenerWD - After find element --> By.cssSelector: .contact-item-detailed_card__50dTS
10:48:43.836 INFO  manager.ListenerWD - Before find element --> By.cssSelector: .contact-item-detailed_card__50dTS
10:48:43.848 INFO  manager.ListenerWD - After find element --> By.cssSelector: .contact-item-detailed_card__50dTS
10:48:43.884 INFO  manager.ListenerWD - Before find element --> By.cssSelector: .contact-item-detailed_card__50dTS
10:48:43.894 INFO  manager.ListenerWD - After find element --> By.cssSelector: .contact-item-detailed_card__50dTS
10:48:43.930 INFO  manager.ListenerWD - Before find element --> By.cssSelector: .contact-item-detailed_card__50dTS
10:48:43.941 INFO  manager.ListenerWD - After find element --> By.cssSelector: .contact-item-detailed_card__50dTS
10:48:43.979 INFO  manager.ListenerWD - Before find element --> By.cssSelector: .contact-item-detailed_card__50dTS
10:48:43.987 INFO  manager.ListenerWD - After find element --> By.cssSelector: .contact-item-detailed_card__50dTS
10:48:44.031 INFO  manager.ListenerWD - Before find element --> By.cssSelector: .contact-item-detailed_card__50dTS
10:48:44.044 INFO  manager.ListenerWD - After find element --> By.cssSelector: .contact-item-detailed_card__50dTS
10:48:44.100 INFO  manager.ListenerWD - Before find element --> By.cssSelector: .contact-item-detailed_card__50dTS
10:48:44.112 INFO  manager.ListenerWD - After find element --> By.cssSelector: .contact-item-detailed_card__50dTS
10:48:44.148 INFO  manager.ListenerWD - Before find element --> By.cssSelector: .contact-item-detailed_card__50dTS
10:48:44.157 INFO  manager.ListenerWD - After find element --> By.cssSelector: .contact-item-detailed_card__50dTS
10:48:44.186 INFO  manager.ListenerWD - Before find element --> By.cssSelector: .contact-item-detailed_card__50dTS
10:48:44.196 INFO  manager.ListenerWD - After find element --> By.cssSelector: .contact-item-detailed_card__50dTS
10:48:44.226 INFO  manager.ListenerWD - Before find element --> By.cssSelector: .contact-item-detailed_card__50dTS
10:48:44.234 INFO  manager.ListenerWD - After find element --> By.cssSelector: .contact-item-detailed_card__50dTS
10:48:44.266 INFO  manager.ListenerWD - Before find element --> By.cssSelector: .contact-item-detailed_card__50dTS
10:48:44.273 INFO  manager.ListenerWD - After find element --> By.cssSelector: .contact-item-detailed_card__50dTS
10:48:44.305 INFO  manager.ListenerWD - Before find element --> By.cssSelector: .contact-item-detailed_card__50dTS
10:48:44.314 INFO  manager.ListenerWD - After find element --> By.cssSelector: .contact-item-detailed_card__50dTS
10:48:44.344 INFO  manager.ListenerWD - Before find element --> By.cssSelector: .contact-item-detailed_card__50dTS
10:48:44.351 INFO  manager.ListenerWD - After find element --> By.cssSelector: .contact-item-detailed_card__50dTS
10:48:44.383 INFO  manager.ListenerWD - Before find element --> By.cssSelector: .contact-item-detailed_card__50dTS
10:48:44.391 INFO  manager.ListenerWD - After find element --> By.cssSelector: .contact-item-detailed_card__50dTS
10:48:44.420 INFO  manager.ListenerWD - Before find element --> By.cssSelector: .contact-item-detailed_card__50dTS
10:48:44.428 INFO  manager.ListenerWD - After find element --> By.cssSelector: .contact-item-detailed_card__50dTS
10:48:44.456 INFO  manager.ListenerWD - Before find element --> By.cssSelector: .contact-item-detailed_card__50dTS
10:48:44.465 INFO  manager.ListenerWD - After find element --> By.cssSelector: .contact-item-detailed_card__50dTS
10:48:44.493 INFO  manager.ListenerWD - Before find element --> By.cssSelector: .contact-item-detailed_card__50dTS
10:48:44.500 INFO  manager.ListenerWD - After find element --> By.cssSelector: .contact-item-detailed_card__50dTS
10:48:44.529 INFO  manager.ListenerWD - Before find element --> By.cssSelector: .contact-item-detailed_card__50dTS
10:48:44.536 INFO  manager.ListenerWD - After find element --> By.cssSelector: .contact-item-detailed_card__50dTS
10:48:44.571 INFO  manager.ListenerWD - Before find element --> By.cssSelector: .contact-item-detailed_card__50dTS
10:48:44.580 INFO  manager.ListenerWD - After find element --> By.cssSelector: .contact-item-detailed_card__50dTS
10:48:44.618 INFO  manager.ListenerWD - Before find element --> By.cssSelector: .contact-item-detailed_card__50dTS
10:48:44.632 INFO  manager.ListenerWD - After find element --> By.cssSelector: .contact-item-detailed_card__50dTS
10:48:44.678 INFO  manager.ListenerWD - Before find element --> By.cssSelector: .contact-item-detailed_card__50dTS
10:48:44.691 INFO  manager.ListenerWD - After find element --> By.cssSelector: .contact-item-detailed_card__50dTS
10:48:44.739 INFO  manager.ListenerWD - Before find element --> By.cssSelector: .contact-item-detailed_card__50dTS
10:48:44.753 INFO  manager.ListenerWD - After find element --> By.cssSelector: .contact-item-detailed_card__50dTS
10:48:44.796 INFO  manager.ListenerWD - Before find element --> By.cssSelector: .contact-item-detailed_card__50dTS
10:48:44.808 INFO  manager.ListenerWD - After find element --> By.cssSelector: .contact-item-detailed_card__50dTS
10:48:44.849 INFO  manager.ListenerWD - Before find element --> By.cssSelector: .contact-item-detailed_card__50dTS
10:48:44.860 INFO  manager.ListenerWD - After find element --> By.cssSelector: .contact-item-detailed_card__50dTS
10:48:44.902 INFO  manager.ListenerWD - Before find element --> By.cssSelector: .contact-item-detailed_card__50dTS
10:48:44.914 INFO  manager.ListenerWD - After find element --> By.cssSelector: .contact-item-detailed_card__50dTS
10:48:44.954 INFO  manager.ListenerWD - Before find element --> By.cssSelector: .contact-item-detailed_card__50dTS
10:48:44.967 INFO  manager.ListenerWD - After find element --> By.cssSelector: .contact-item-detailed_card__50dTS
10:48:45.005 INFO  manager.ListenerWD - Before find element --> By.cssSelector: .contact-item-detailed_card__50dTS
10:48:45.014 INFO  manager.ListenerWD - After find element --> By.cssSelector: .contact-item-detailed_card__50dTS
10:48:45.044 INFO  manager.ListenerWD - Before find element --> By.cssSelector: .contact-item-detailed_card__50dTS
10:48:45.051 INFO  manager.ListenerWD - After find element --> By.cssSelector: .contact-item-detailed_card__50dTS
10:48:45.080 INFO  manager.ListenerWD - Before find element --> By.cssSelector: .contact-item-detailed_card__50dTS
10:48:45.087 INFO  manager.ListenerWD - After find element --> By.cssSelector: .contact-item-detailed_card__50dTS
10:48:45.115 INFO  manager.ListenerWD - Before find element --> By.cssSelector: .contact-item-detailed_card__50dTS
10:48:45.122 INFO  manager.ListenerWD - After find element --> By.cssSelector: .contact-item-detailed_card__50dTS
10:48:45.152 INFO  manager.ListenerWD - Before find element --> By.cssSelector: .contact-item-detailed_card__50dTS
10:48:45.159 INFO  manager.ListenerWD - After find element --> By.cssSelector: .contact-item-detailed_card__50dTS
10:48:45.188 INFO  manager.ListenerWD - Before find element --> By.cssSelector: .contact-item-detailed_card__50dTS
10:48:45.196 INFO  manager.ListenerWD - After find element --> By.cssSelector: .contact-item-detailed_card__50dTS
10:48:45.224 INFO  manager.ListenerWD - Before find element --> By.cssSelector: .contact-item-detailed_card__50dTS
10:48:45.232 INFO  manager.ListenerWD - After find element --> By.cssSelector: .contact-item-detailed_card__50dTS
10:48:45.265 INFO  manager.ListenerWD - Before find element --> By.cssSelector: .contact-item-detailed_card__50dTS
10:48:45.274 INFO  manager.ListenerWD - After find element --> By.cssSelector: .contact-item-detailed_card__50dTS
10:48:45.310 INFO  manager.ListenerWD - Before find element --> By.cssSelector: .contact-item-detailed_card__50dTS
10:48:45.318 INFO  manager.ListenerWD - After find element --> By.cssSelector: .contact-item-detailed_card__50dTS
10:48:45.349 INFO  manager.ListenerWD - Before find element --> By.cssSelector: .contact-item-detailed_card__50dTS
10:48:45.356 INFO  manager.ListenerWD - After find element --> By.cssSelector: .contact-item-detailed_card__50dTS
10:48:45.384 INFO  manager.ListenerWD - Before find element --> By.cssSelector: .contact-item-detailed_card__50dTS
10:48:45.392 INFO  manager.ListenerWD - After find element --> By.cssSelector: .contact-item-detailed_card__50dTS
10:48:45.421 INFO  manager.ListenerWD - Before find element --> By.cssSelector: .contact-item-detailed_card__50dTS
10:48:45.430 INFO  manager.ListenerWD - After find element --> By.cssSelector: .contact-item-detailed_card__50dTS
10:48:45.460 INFO  manager.ListenerWD - Before find element --> By.cssSelector: .contact-item-detailed_card__50dTS
10:48:45.467 INFO  manager.ListenerWD - After find element --> By.cssSelector: .contact-item-detailed_card__50dTS
10:48:45.498 INFO  manager.ListenerWD - Before find element --> By.cssSelector: .contact-item-detailed_card__50dTS
10:48:45.505 INFO  manager.ListenerWD - After find element --> By.cssSelector: .contact-item-detailed_card__50dTS
10:48:45.534 INFO  manager.ListenerWD - Before find element --> By.cssSelector: .contact-item-detailed_card__50dTS
10:48:45.541 INFO  manager.ListenerWD - After find element --> By.cssSelector: .contact-item-detailed_card__50dTS
10:48:45.571 INFO  manager.ListenerWD - Before find element --> By.cssSelector: .contact-item-detailed_card__50dTS
10:48:45.578 INFO  manager.ListenerWD - After find element --> By.cssSelector: .contact-item-detailed_card__50dTS
10:48:45.608 INFO  manager.ListenerWD - Before find element --> By.cssSelector: .contact-item-detailed_card__50dTS
10:48:45.615 INFO  manager.ListenerWD - After find element --> By.cssSelector: .contact-item-detailed_card__50dTS
10:48:45.646 INFO  manager.ListenerWD - Before find element --> By.cssSelector: .contact-item-detailed_card__50dTS
10:48:45.654 INFO  manager.ListenerWD - After find element --> By.cssSelector: .contact-item-detailed_card__50dTS
10:48:45.683 INFO  manager.ListenerWD - Before find element --> By.cssSelector: .contact-item-detailed_card__50dTS
10:48:45.689 INFO  manager.ListenerWD - After find element --> By.cssSelector: .contact-item-detailed_card__50dTS
10:48:45.698 INFO  manager.ListenerTNG - OnTestSuccess addContactSuccess
10:48:45.699 INFO  tests.TestBase - The name of starts method is ---->addContactSuccessRequiredFields
10:48:45.699 INFO  manager.ListenerWD - Before find elements --> By.xpath: //button[text()='Sign Out']
10:48:45.709 INFO  manager.ListenerWD - After find elements --> By.xpath: //button[text()='Sign Out']
10:48:45.709 INFO  manager.ListenerWD - List suze is --> 1
10:48:45.709 INFO  manager.ListenerTNG - OnTestStart addContactSuccessRequiredFields
10:48:45.710 INFO  manager.ListenerWD - Before find element --> By.cssSelector: a[href='/add']
10:48:45.718 INFO  manager.ListenerWD - After find element --> By.cssSelector: a[href='/add']
10:48:46.749 INFO  manager.ListenerWD - Before find element --> By.cssSelector: input[placeholder='Name']
10:48:46.767 INFO  manager.ListenerWD - After find element --> By.cssSelector: input[placeholder='Name']
10:48:46.836 INFO  manager.ListenerWD - Before find element --> By.cssSelector: input[placeholder='Last Name']
10:48:46.844 INFO  manager.ListenerWD - After find element --> By.cssSelector: input[placeholder='Last Name']
10:48:46.910 INFO  manager.ListenerWD - Before find element --> By.cssSelector: input[placeholder='Phone']
10:48:46.917 INFO  manager.ListenerWD - After find element --> By.cssSelector: input[placeholder='Phone']
10:48:46.991 INFO  manager.ListenerWD - Before find element --> By.cssSelector: input[placeholder='email']
10:48:46.998 INFO  manager.ListenerWD - After find element --> By.cssSelector: input[placeholder='email']
10:48:47.075 INFO  manager.ListenerWD - Before find element --> By.cssSelector: input[placeholder='Address']
10:48:47.082 INFO  manager.ListenerWD - After find element --> By.cssSelector: input[placeholder='Address']
10:48:47.154 INFO  manager.ListenerWD - Before find element --> By.cssSelector: input[placeholder='description']
10:48:47.162 INFO  manager.ListenerWD - After find element --> By.cssSelector: input[placeholder='description']
10:48:47.280 INFO  manager.ListenerWD - Before find element --> By.xpath: //b[text()='Save']
10:48:47.288 INFO  manager.ListenerWD - After find element --> By.xpath: //b[text()='Save']
10:48:48.320 INFO  manager.ListenerWD - Before find elements --> By.cssSelector: h2
10:48:48.477 INFO  manager.ListenerWD - After find elements --> By.cssSelector: h2
10:48:48.477 INFO  manager.ListenerWD - List suze is --> 64
10:48:49.112 INFO  manager.ListenerWD - Before find elements --> By.cssSelector: h3
10:48:49.250 INFO  manager.ListenerWD - After find elements --> By.cssSelector: h3
10:48:49.251 INFO  manager.ListenerWD - List suze is --> 64
10:48:49.930 INFO  manager.ListenerWD - Before find elements --> By.cssSelector: .contact-item_card__2SOIM
10:48:50.077 INFO  manager.ListenerWD - After find elements --> By.cssSelector: .contact-item_card__2SOIM
10:48:50.078 INFO  manager.ListenerWD - List suze is --> 64
10:48:50.107 INFO  manager.ListenerWD - Before find element --> By.cssSelector: .contact-item-detailed_card__50dTS
10:48:50.115 INFO  manager.ListenerWD - After find element --> By.cssSelector: .contact-item-detailed_card__50dTS
10:48:50.153 INFO  manager.ListenerWD - Before find element --> By.cssSelector: .contact-item-detailed_card__50dTS
10:48:50.162 INFO  manager.ListenerWD - After find element --> By.cssSelector: .contact-item-detailed_card__50dTS
10:48:50.191 INFO  manager.ListenerWD - Before find element --> By.cssSelector: .contact-item-detailed_card__50dTS
10:48:50.199 INFO  manager.ListenerWD - After find element --> By.cssSelector: .contact-item-detailed_card__50dTS
10:48:50.232 INFO  manager.ListenerWD - Before find element --> By.cssSelector: .contact-item-detailed_card__50dTS
10:48:50.239 INFO  manager.ListenerWD - After find element --> By.cssSelector: .contact-item-detailed_card__50dTS
10:48:50.269 INFO  manager.ListenerWD - Before find element --> By.cssSelector: .contact-item-detailed_card__50dTS
10:48:50.276 INFO  manager.ListenerWD - After find element --> By.cssSelector: .contact-item-detailed_card__50dTS
10:48:50.307 INFO  manager.ListenerWD - Before find element --> By.cssSelector: .contact-item-detailed_card__50dTS
10:48:50.314 INFO  manager.ListenerWD - After find element --> By.cssSelector: .contact-item-detailed_card__50dTS
10:48:50.345 INFO  manager.ListenerWD - Before find element --> By.cssSelector: .contact-item-detailed_card__50dTS
10:48:50.351 INFO  manager.ListenerWD - After find element --> By.cssSelector: .contact-item-detailed_card__50dTS
10:48:50.382 INFO  manager.ListenerWD - Before find element --> By.cssSelector: .contact-item-detailed_card__50dTS
10:48:50.389 INFO  manager.ListenerWD - After find element --> By.cssSelector: .contact-item-detailed_card__50dTS
10:48:50.423 INFO  manager.ListenerWD - Before find element --> By.cssSelector: .contact-item-detailed_card__50dTS
10:48:50.430 INFO  manager.ListenerWD - After find element --> By.cssSelector: .contact-item-detailed_card__50dTS
10:48:50.458 INFO  manager.ListenerWD - Before find element --> By.cssSelector: .contact-item-detailed_card__50dTS
10:48:50.465 INFO  manager.ListenerWD - After find element --> By.cssSelector: .contact-item-detailed_card__50dTS
10:48:50.495 INFO  manager.ListenerWD - Before find element --> By.cssSelector: .contact-item-detailed_card__50dTS
10:48:50.501 INFO  manager.ListenerWD - After find element --> By.cssSelector: .contact-item-detailed_card__50dTS
10:48:50.531 INFO  manager.ListenerWD - Before find element --> By.cssSelector: .contact-item-detailed_card__50dTS
10:48:50.538 INFO  manager.ListenerWD - After find element --> By.cssSelector: .contact-item-detailed_card__50dTS
10:48:50.568 INFO  manager.ListenerWD - Before find element --> By.cssSelector: .contact-item-detailed_card__50dTS
10:48:50.576 INFO  manager.ListenerWD - After find element --> By.cssSelector: .contact-item-detailed_card__50dTS
10:48:50.608 INFO  manager.ListenerWD - Before find element --> By.cssSelector: .contact-item-detailed_card__50dTS
10:48:50.618 INFO  manager.ListenerWD - After find element --> By.cssSelector: .contact-item-detailed_card__50dTS
10:48:50.663 INFO  manager.ListenerWD - Before find element --> By.cssSelector: .contact-item-detailed_card__50dTS
10:48:50.674 INFO  manager.ListenerWD - After find element --> By.cssSelector: .contact-item-detailed_card__50dTS
10:48:50.710 INFO  manager.ListenerWD - Before find element --> By.cssSelector: .contact-item-detailed_card__50dTS
10:48:50.716 INFO  manager.ListenerWD - After find element --> By.cssSelector: .contact-item-detailed_card__50dTS
10:48:50.747 INFO  manager.ListenerWD - Before find element --> By.cssSelector: .contact-item-detailed_card__50dTS
10:48:50.753 INFO  manager.ListenerWD - After find element --> By.cssSelector: .contact-item-detailed_card__50dTS
10:48:50.786 INFO  manager.ListenerWD - Before find element --> By.cssSelector: .contact-item-detailed_card__50dTS
10:48:50.794 INFO  manager.ListenerWD - After find element --> By.cssSelector: .contact-item-detailed_card__50dTS
10:48:50.823 INFO  manager.ListenerWD - Before find element --> By.cssSelector: .contact-item-detailed_card__50dTS
10:48:50.830 INFO  manager.ListenerWD - After find element --> By.cssSelector: .contact-item-detailed_card__50dTS
10:48:50.861 INFO  manager.ListenerWD - Before find element --> By.cssSelector: .contact-item-detailed_card__50dTS
10:48:50.868 INFO  manager.ListenerWD - After find element --> By.cssSelector: .contact-item-detailed_card__50dTS
10:48:50.900 INFO  manager.ListenerWD - Before find element --> By.cssSelector: .contact-item-detailed_card__50dTS
10:48:50.908 INFO  manager.ListenerWD - After find element --> By.cssSelector: .contact-item-detailed_card__50dTS
10:48:50.940 INFO  manager.ListenerWD - Before find element --> By.cssSelector: .contact-item-detailed_card__50dTS
10:48:50.947 INFO  manager.ListenerWD - After find element --> By.cssSelector: .contact-item-detailed_card__50dTS
10:48:50.982 INFO  manager.ListenerWD - Before find element --> By.cssSelector: .contact-item-detailed_card__50dTS
10:48:50.991 INFO  manager.ListenerWD - After find element --> By.cssSelector: .contact-item-detailed_card__50dTS
10:48:51.028 INFO  manager.ListenerWD - Before find element --> By.cssSelector: .contact-item-detailed_card__50dTS
10:48:51.036 INFO  manager.ListenerWD - After find element --> By.cssSelector: .contact-item-detailed_card__50dTS
10:48:51.067 INFO  manager.ListenerWD - Before find element --> By.cssSelector: .contact-item-detailed_card__50dTS
10:48:51.075 INFO  manager.ListenerWD - After find element --> By.cssSelector: .contact-item-detailed_card__50dTS
10:48:51.108 INFO  manager.ListenerWD - Before find element --> By.cssSelector: .contact-item-detailed_card__50dTS
10:48:51.115 INFO  manager.ListenerWD - After find element --> By.cssSelector: .contact-item-detailed_card__50dTS
10:48:51.147 INFO  manager.ListenerWD - Before find element --> By.cssSelector: .contact-item-detailed_card__50dTS
10:48:51.154 INFO  manager.ListenerWD - After find element --> By.cssSelector: .contact-item-detailed_card__50dTS
10:48:51.186 INFO  manager.ListenerWD - Before find element --> By.cssSelector: .contact-item-detailed_card__50dTS
10:48:51.195 INFO  manager.ListenerWD - After find element --> By.cssSelector: .contact-item-detailed_card__50dTS
10:48:51.231 INFO  manager.ListenerWD - Before find element --> By.cssSelector: .contact-item-detailed_card__50dTS
10:48:51.239 INFO  manager.ListenerWD - After find element --> By.cssSelector: .contact-item-detailed_card__50dTS
10:48:51.276 INFO  manager.ListenerWD - Before find element --> By.cssSelector: .contact-item-detailed_card__50dTS
10:48:51.284 INFO  manager.ListenerWD - After find element --> By.cssSelector: .contact-item-detailed_card__50dTS
10:48:51.319 INFO  manager.ListenerWD - Before find element --> By.cssSelector: .contact-item-detailed_card__50dTS
10:48:51.327 INFO  manager.ListenerWD - After find element --> By.cssSelector: .contact-item-detailed_card__50dTS
10:48:51.362 INFO  manager.ListenerWD - Before find element --> By.cssSelector: .contact-item-detailed_card__50dTS
10:48:51.369 INFO  manager.ListenerWD - After find element --> By.cssSelector: .contact-item-detailed_card__50dTS
10:48:51.406 INFO  manager.ListenerWD - Before find element --> By.cssSelector: .contact-item-detailed_card__50dTS
10:48:51.414 INFO  manager.ListenerWD - After find element --> By.cssSelector: .contact-item-detailed_card__50dTS
10:48:51.448 INFO  manager.ListenerWD - Before find element --> By.cssSelector: .contact-item-detailed_card__50dTS
10:48:51.455 INFO  manager.ListenerWD - After find element --> By.cssSelector: .contact-item-detailed_card__50dTS
10:48:51.487 INFO  manager.ListenerWD - Before find element --> By.cssSelector: .contact-item-detailed_card__50dTS
10:48:51.495 INFO  manager.ListenerWD - After find element --> By.cssSelector: .contact-item-detailed_card__50dTS
10:48:51.524 INFO  manager.ListenerWD - Before find element --> By.cssSelector: .contact-item-detailed_card__50dTS
10:48:51.531 INFO  manager.ListenerWD - After find element --> By.cssSelector: .contact-item-detailed_card__50dTS
10:48:51.562 INFO  manager.ListenerWD - Before find element --> By.cssSelector: .contact-item-detailed_card__50dTS
10:48:51.569 INFO  manager.ListenerWD - After find element --> By.cssSelector: .contact-item-detailed_card__50dTS
10:48:51.600 INFO  manager.ListenerWD - Before find element --> By.cssSelector: .contact-item-detailed_card__50dTS
10:48:51.608 INFO  manager.ListenerWD - After find element --> By.cssSelector: .contact-item-detailed_card__50dTS
10:48:51.641 INFO  manager.ListenerWD - Before find element --> By.cssSelector: .contact-item-detailed_card__50dTS
10:48:51.648 INFO  manager.ListenerWD - After find element --> By.cssSelector: .contact-item-detailed_card__50dTS
10:48:51.679 INFO  manager.ListenerWD - Before find element --> By.cssSelector: .contact-item-detailed_card__50dTS
10:48:51.687 INFO  manager.ListenerWD - After find element --> By.cssSelector: .contact-item-detailed_card__50dTS
10:48:51.725 INFO  manager.ListenerWD - Before find element --> By.cssSelector: .contact-item-detailed_card__50dTS
10:48:51.732 INFO  manager.ListenerWD - After find element --> By.cssSelector: .contact-item-detailed_card__50dTS
10:48:51.766 INFO  manager.ListenerWD - Before find element --> By.cssSelector: .contact-item-detailed_card__50dTS
10:48:51.774 INFO  manager.ListenerWD - After find element --> By.cssSelector: .contact-item-detailed_card__50dTS
10:48:51.806 INFO  manager.ListenerWD - Before find element --> By.cssSelector: .contact-item-detailed_card__50dTS
10:48:51.813 INFO  manager.ListenerWD - After find element --> By.cssSelector: .contact-item-detailed_card__50dTS
10:48:51.847 INFO  manager.ListenerWD - Before find element --> By.cssSelector: .contact-item-detailed_card__50dTS
10:48:51.857 INFO  manager.ListenerWD - After find element --> By.cssSelector: .contact-item-detailed_card__50dTS
10:48:51.891 INFO  manager.ListenerWD - Before find element --> By.cssSelector: .contact-item-detailed_card__50dTS
10:48:51.898 INFO  manager.ListenerWD - After find element --> By.cssSelector: .contact-item-detailed_card__50dTS
10:48:51.931 INFO  manager.ListenerWD - Before find element --> By.cssSelector: .contact-item-detailed_card__50dTS
10:48:51.938 INFO  manager.ListenerWD - After find element --> By.cssSelector: .contact-item-detailed_card__50dTS
10:48:51.968 INFO  manager.ListenerWD - Before find element --> By.cssSelector: .contact-item-detailed_card__50dTS
10:48:51.975 INFO  manager.ListenerWD - After find element --> By.cssSelector: .contact-item-detailed_card__50dTS
10:48:52.005 INFO  manager.ListenerWD - Before find element --> By.cssSelector: .contact-item-detailed_card__50dTS
10:48:52.013 INFO  manager.ListenerWD - After find element --> By.cssSelector: .contact-item-detailed_card__50dTS
10:48:52.044 INFO  manager.ListenerWD - Before find element --> By.cssSelector: .contact-item-detailed_card__50dTS
10:48:52.051 INFO  manager.ListenerWD - After find element --> By.cssSelector: .contact-item-detailed_card__50dTS
10:48:52.082 INFO  manager.ListenerWD - Before find element --> By.cssSelector: .contact-item-detailed_card__50dTS
10:48:52.089 INFO  manager.ListenerWD - After find element --> By.cssSelector: .contact-item-detailed_card__50dTS
10:48:52.121 INFO  manager.ListenerWD - Before find element --> By.cssSelector: .contact-item-detailed_card__50dTS
10:48:52.128 INFO  manager.ListenerWD - After find element --> By.cssSelector: .contact-item-detailed_card__50dTS
10:48:52.160 INFO  manager.ListenerWD - Before find element --> By.cssSelector: .contact-item-detailed_card__50dTS
10:48:52.166 INFO  manager.ListenerWD - After find element --> By.cssSelector: .contact-item-detailed_card__50dTS
10:48:52.197 INFO  manager.ListenerWD - Before find element --> By.cssSelector: .contact-item-detailed_card__50dTS
10:48:52.204 INFO  manager.ListenerWD - After find element --> By.cssSelector: .contact-item-detailed_card__50dTS
10:48:52.236 INFO  manager.ListenerWD - Before find element --> By.cssSelector: .contact-item-detailed_card__50dTS
10:48:52.243 INFO  manager.ListenerWD - After find element --> By.cssSelector: .contact-item-detailed_card__50dTS
10:48:52.275 INFO  manager.ListenerWD - Before find element --> By.cssSelector: .contact-item-detailed_card__50dTS
10:48:52.281 INFO  manager.ListenerWD - After find element --> By.cssSelector: .contact-item-detailed_card__50dTS
10:48:52.314 INFO  manager.ListenerWD - Before find element --> By.cssSelector: .contact-item-detailed_card__50dTS
10:48:52.321 INFO  manager.ListenerWD - After find element --> By.cssSelector: .contact-item-detailed_card__50dTS
10:48:52.353 INFO  manager.ListenerWD - Before find element --> By.cssSelector: .contact-item-detailed_card__50dTS
10:48:52.360 INFO  manager.ListenerWD - After find element --> By.cssSelector: .contact-item-detailed_card__50dTS
10:48:52.389 INFO  manager.ListenerWD - Before find element --> By.cssSelector: .contact-item-detailed_card__50dTS
10:48:52.396 INFO  manager.ListenerWD - After find element --> By.cssSelector: .contact-item-detailed_card__50dTS
10:48:52.429 INFO  manager.ListenerWD - Before find element --> By.cssSelector: .contact-item-detailed_card__50dTS
10:48:52.436 INFO  manager.ListenerWD - After find element --> By.cssSelector: .contact-item-detailed_card__50dTS
10:48:52.467 INFO  manager.ListenerWD - Before find element --> By.cssSelector: .contact-item-detailed_card__50dTS
10:48:52.474 INFO  manager.ListenerWD - After find element --> By.cssSelector: .contact-item-detailed_card__50dTS
10:48:52.505 INFO  manager.ListenerWD - Before find element --> By.cssSelector: .contact-item-detailed_card__50dTS
10:48:52.512 INFO  manager.ListenerWD - After find element --> By.cssSelector: .contact-item-detailed_card__50dTS
10:48:52.544 INFO  manager.ListenerWD - Before find element --> By.cssSelector: .contact-item-detailed_card__50dTS
10:48:52.551 INFO  manager.ListenerWD - After find element --> By.cssSelector: .contact-item-detailed_card__50dTS
10:48:52.584 INFO  manager.ListenerWD - Before find element --> By.cssSelector: .contact-item-detailed_card__50dTS
10:48:52.592 INFO  manager.ListenerWD - After find element --> By.cssSelector: .contact-item-detailed_card__50dTS
10:48:52.624 INFO  manager.ListenerWD - Before find element --> By.cssSelector: .contact-item-detailed_card__50dTS
10:48:52.630 INFO  manager.ListenerWD - After find element --> By.cssSelector: .contact-item-detailed_card__50dTS
10:48:52.638 INFO  tests.TestBase - Tests start with data : Contact(name=Marina1920, lastName=Zara, email=Zara1920@gmail.com, address=Haifa, phone=22222221920, description=null)
10:48:52.638 INFO  manager.ListenerTNG - OnTestSuccess addContactSuccessRequiredFields
10:48:52.638 INFO  tests.TestBase - The name of starts method is ---->addNewContactWrongAddress
10:48:52.639 INFO  manager.ListenerWD - Before find elements --> By.xpath: //button[text()='Sign Out']
10:48:52.645 INFO  manager.ListenerWD - After find elements --> By.xpath: //button[text()='Sign Out']
10:48:52.645 INFO  manager.ListenerWD - List suze is --> 1
10:48:52.646 INFO  manager.ListenerTNG - OnTestStart addNewContactWrongAddress
10:48:52.646 INFO  manager.ListenerWD - Before find element --> By.cssSelector: a[href='/add']
10:48:52.652 INFO  manager.ListenerWD - After find element --> By.cssSelector: a[href='/add']
10:48:53.682 INFO  manager.ListenerWD - Before find element --> By.cssSelector: input[placeholder='Name']
10:48:53.699 INFO  manager.ListenerWD - After find element --> By.cssSelector: input[placeholder='Name']
10:48:53.776 INFO  manager.ListenerWD - Before find element --> By.cssSelector: input[placeholder='Last Name']
10:48:53.783 INFO  manager.ListenerWD - After find element --> By.cssSelector: input[placeholder='Last Name']
10:48:53.864 INFO  manager.ListenerWD - Before find element --> By.cssSelector: input[placeholder='Phone']
10:48:53.871 INFO  manager.ListenerWD - After find element --> By.cssSelector: input[placeholder='Phone']
10:48:53.938 INFO  manager.ListenerWD - Before find element --> By.cssSelector: input[placeholder='email']
10:48:53.945 INFO  manager.ListenerWD - After find element --> By.cssSelector: input[placeholder='email']
10:48:54.014 INFO  manager.ListenerWD - Before find element --> By.cssSelector: input[placeholder='Address']
10:48:54.021 INFO  manager.ListenerWD - After find element --> By.cssSelector: input[placeholder='Address']
10:48:54.082 INFO  manager.ListenerWD - Before find element --> By.cssSelector: input[placeholder='description']
10:48:54.089 INFO  manager.ListenerWD - After find element --> By.cssSelector: input[placeholder='description']
10:48:54.158 INFO  manager.ListenerWD - Before find element --> By.xpath: //b[text()='Save']
10:48:54.165 INFO  manager.ListenerWD - After find element --> By.xpath: //b[text()='Save']
10:48:55.194 INFO  manager.ListenerWD - Before find elements --> By.cssSelector: a.active[href='/add']
10:48:55.213 INFO  manager.ListenerWD - After find elements --> By.cssSelector: a.active[href='/add']
10:48:55.213 INFO  manager.ListenerWD - List suze is --> 1
10:48:55.213 INFO  manager.ListenerTNG - OnTestSuccess addNewContactWrongAddress
10:48:55.213 INFO  tests.TestBase - The name of starts method is ---->addNewContactWrongEmail
10:48:55.214 INFO  manager.ListenerWD - Before find elements --> By.xpath: //button[text()='Sign Out']
10:48:55.221 INFO  manager.ListenerWD - After find elements --> By.xpath: //button[text()='Sign Out']
10:48:55.221 INFO  manager.ListenerWD - List suze is --> 1
10:48:55.221 INFO  manager.ListenerTNG - OnTestStart addNewContactWrongEmail
10:48:55.222 INFO  manager.ListenerWD - Before find element --> By.cssSelector: a[href='/add']
10:48:55.229 INFO  manager.ListenerWD - After find element --> By.cssSelector: a[href='/add']
10:48:56.265 INFO  manager.ListenerWD - Before find element --> By.cssSelector: input[placeholder='Name']
10:48:56.276 INFO  manager.ListenerWD - After find element --> By.cssSelector: input[placeholder='Name']
10:48:56.343 INFO  manager.ListenerWD - Before find element --> By.cssSelector: input[placeholder='Last Name']
10:48:56.350 INFO  manager.ListenerWD - After find element --> By.cssSelector: input[placeholder='Last Name']
10:48:56.409 INFO  manager.ListenerWD - Before find element --> By.cssSelector: input[placeholder='Phone']
10:48:56.417 INFO  manager.ListenerWD - After find element --> By.cssSelector: input[placeholder='Phone']
10:48:56.477 INFO  manager.ListenerWD - Before find element --> By.cssSelector: input[placeholder='email']
10:48:56.485 INFO  manager.ListenerWD - After find element --> By.cssSelector: input[placeholder='email']
10:48:56.548 INFO  manager.ListenerWD - Before find element --> By.cssSelector: input[placeholder='Address']
10:48:56.555 INFO  manager.ListenerWD - After find element --> By.cssSelector: input[placeholder='Address']
10:48:56.609 INFO  manager.ListenerWD - Before find element --> By.cssSelector: input[placeholder='description']
10:48:56.615 INFO  manager.ListenerWD - After find element --> By.cssSelector: input[placeholder='description']
10:48:56.665 INFO  manager.ListenerWD - Before find element --> By.xpath: //b[text()='Save']
10:48:56.672 INFO  manager.ListenerWD - After find element --> By.xpath: //b[text()='Save']
10:48:57.724 INFO  manager.ListenerTNG - OnTestSuccess addNewContactWrongEmail
10:48:57.724 INFO  tests.TestBase - The name of starts method is ---->addNewContactWrongLastName
10:48:57.725 INFO  manager.ListenerWD - Before find elements --> By.xpath: //button[text()='Sign Out']
10:48:57.734 INFO  manager.ListenerWD - After find elements --> By.xpath: //button[text()='Sign Out']
10:48:57.734 INFO  manager.ListenerWD - List suze is --> 1
10:48:57.734 INFO  manager.ListenerTNG - OnTestStart addNewContactWrongLastName
10:48:57.734 INFO  manager.ListenerWD - Before find element --> By.cssSelector: a[href='/add']
10:48:57.742 INFO  manager.ListenerWD - After find element --> By.cssSelector: a[href='/add']
10:48:58.767 INFO  manager.ListenerWD - Before find element --> By.cssSelector: input[placeholder='Name']
10:48:58.782 INFO  manager.ListenerWD - After find element --> By.cssSelector: input[placeholder='Name']
10:48:58.836 INFO  manager.ListenerWD - Before find element --> By.cssSelector: input[placeholder='Last Name']
10:48:58.843 INFO  manager.ListenerWD - After find element --> By.cssSelector: input[placeholder='Last Name']
10:48:58.891 INFO  manager.ListenerWD - Before find element --> By.cssSelector: input[placeholder='Phone']
10:48:58.898 INFO  manager.ListenerWD - After find element --> By.cssSelector: input[placeholder='Phone']
10:48:58.951 INFO  manager.ListenerWD - Before find element --> By.cssSelector: input[placeholder='email']
10:48:58.958 INFO  manager.ListenerWD - After find element --> By.cssSelector: input[placeholder='email']
10:48:59.014 INFO  manager.ListenerWD - Before find element --> By.cssSelector: input[placeholder='Address']
10:48:59.020 INFO  manager.ListenerWD - After find element --> By.cssSelector: input[placeholder='Address']
10:48:59.070 INFO  manager.ListenerWD - Before find element --> By.cssSelector: input[placeholder='description']
10:48:59.078 INFO  manager.ListenerWD - After find element --> By.cssSelector: input[placeholder='description']
10:48:59.133 INFO  manager.ListenerWD - Before find element --> By.xpath: //b[text()='Save']
10:48:59.140 INFO  manager.ListenerWD - After find element --> By.xpath: //b[text()='Save']
10:49:00.165 INFO  manager.ListenerWD - Before find elements --> By.cssSelector: a.active[href='/add']
10:49:00.181 INFO  manager.ListenerWD - After find elements --> By.cssSelector: a.active[href='/add']
10:49:00.181 INFO  manager.ListenerWD - List suze is --> 1
10:49:00.181 INFO  manager.ListenerTNG - OnTestSuccess addNewContactWrongLastName
10:49:00.181 INFO  tests.TestBase - The name of starts method is ---->addNewContactWrongName
10:49:00.182 INFO  manager.ListenerWD - Before find elements --> By.xpath: //button[text()='Sign Out']
10:49:00.189 INFO  manager.ListenerWD - After find elements --> By.xpath: //button[text()='Sign Out']
10:49:00.189 INFO  manager.ListenerWD - List suze is --> 1
10:49:00.190 INFO  manager.ListenerTNG - OnTestStart addNewContactWrongName
10:49:00.190 INFO  manager.ListenerWD - Before find element --> By.cssSelector: a[href='/add']
10:49:00.198 INFO  manager.ListenerWD - After find element --> By.cssSelector: a[href='/add']
10:49:01.222 INFO  manager.ListenerWD - Before find element --> By.cssSelector: input[placeholder='Name']
10:49:01.233 INFO  manager.ListenerWD - After find element --> By.cssSelector: input[placeholder='Name']
10:49:01.281 INFO  manager.ListenerWD - Before find element --> By.cssSelector: input[placeholder='Last Name']
10:49:01.289 INFO  manager.ListenerWD - After find element --> By.cssSelector: input[placeholder='Last Name']
10:49:01.343 INFO  manager.ListenerWD - Before find element --> By.cssSelector: input[placeholder='Phone']
10:49:01.350 INFO  manager.ListenerWD - After find element --> By.cssSelector: input[placeholder='Phone']
10:49:01.408 INFO  manager.ListenerWD - Before find element --> By.cssSelector: input[placeholder='email']
10:49:01.416 INFO  manager.ListenerWD - After find element --> By.cssSelector: input[placeholder='email']
10:49:01.476 INFO  manager.ListenerWD - Before find element --> By.cssSelector: input[placeholder='Address']
10:49:01.491 INFO  manager.ListenerWD - After find element --> By.cssSelector: input[placeholder='Address']
10:49:01.548 INFO  manager.ListenerWD - Before find element --> By.cssSelector: input[placeholder='description']
10:49:01.555 INFO  manager.ListenerWD - After find element --> By.cssSelector: input[placeholder='description']
10:49:01.616 INFO  manager.ListenerWD - Before find element --> By.xpath: //b[text()='Save']
10:49:01.623 INFO  manager.ListenerWD - After find element --> By.xpath: //b[text()='Save']
10:49:02.639 INFO  manager.ListenerWD - Before find elements --> By.cssSelector: a.active[href='/add']
10:49:02.652 INFO  manager.ListenerWD - After find elements --> By.cssSelector: a.active[href='/add']
10:49:02.652 INFO  manager.ListenerWD - List suze is --> 1
10:49:02.652 INFO  manager.ListenerTNG - OnTestSuccess addNewContactWrongName
10:49:02.652 INFO  tests.TestBase - The name of starts method is ---->addNewContactWrongName1
10:49:02.653 INFO  manager.ListenerWD - Before find elements --> By.xpath: //button[text()='Sign Out']
10:49:02.666 INFO  manager.ListenerWD - After find elements --> By.xpath: //button[text()='Sign Out']
10:49:02.667 INFO  manager.ListenerWD - List suze is --> 1
10:49:02.667 INFO  manager.ListenerTNG - OnTestStart addNewContactWrongName1
10:49:02.667 INFO  manager.ListenerWD - Before find element --> By.cssSelector: a[href='/add']
10:49:02.689 INFO  manager.ListenerWD - After find element --> By.cssSelector: a[href='/add']
10:49:03.713 INFO  manager.ListenerWD - Before find element --> By.cssSelector: input[placeholder='Name']
10:49:03.720 INFO  manager.ListenerWD - After find element --> By.cssSelector: input[placeholder='Name']
10:49:03.767 INFO  manager.ListenerWD - Before find element --> By.cssSelector: input[placeholder='Last Name']
10:49:03.773 INFO  manager.ListenerWD - After find element --> By.cssSelector: input[placeholder='Last Name']
10:49:03.826 INFO  manager.ListenerWD - Before find element --> By.cssSelector: input[placeholder='Phone']
10:49:03.833 INFO  manager.ListenerWD - After find element --> By.cssSelector: input[placeholder='Phone']
10:49:03.886 INFO  manager.ListenerWD - Before find element --> By.cssSelector: input[placeholder='email']
10:49:03.892 INFO  manager.ListenerWD - After find element --> By.cssSelector: input[placeholder='email']
10:49:03.951 INFO  manager.ListenerWD - Before find element --> By.cssSelector: input[placeholder='Address']
10:49:03.958 INFO  manager.ListenerWD - After find element --> By.cssSelector: input[placeholder='Address']
10:49:04.009 INFO  manager.ListenerWD - Before find element --> By.cssSelector: input[placeholder='description']
10:49:04.016 INFO  manager.ListenerWD - After find element --> By.cssSelector: input[placeholder='description']
10:49:04.070 INFO  manager.ListenerWD - Before find element --> By.xpath: //b[text()='Save']
10:49:04.077 INFO  manager.ListenerWD - After find element --> By.xpath: //b[text()='Save']
10:49:05.096 INFO  manager.ListenerWD - Before find elements --> By.cssSelector: a.active[href='/add']
10:49:05.119 INFO  manager.ListenerWD - After find elements --> By.cssSelector: a.active[href='/add']
10:49:05.119 INFO  manager.ListenerWD - List suze is --> 1
10:49:05.120 INFO  manager.ListenerTNG - OnTestSuccess addNewContactWrongName1
10:49:05.121 INFO  tests.TestBase - The name of starts method is ---->addNewContactWrongPhone
10:49:05.121 INFO  manager.ListenerWD - Before find elements --> By.xpath: //button[text()='Sign Out']
10:49:05.129 INFO  manager.ListenerWD - After find elements --> By.xpath: //button[text()='Sign Out']
10:49:05.129 INFO  manager.ListenerWD - List suze is --> 1
10:49:05.129 INFO  manager.ListenerTNG - OnTestStart addNewContactWrongPhone
10:49:05.129 INFO  manager.ListenerWD - Before find element --> By.cssSelector: a[href='/add']
10:49:05.136 INFO  manager.ListenerWD - After find element --> By.cssSelector: a[href='/add']
10:49:06.153 INFO  manager.ListenerWD - Before find element --> By.cssSelector: input[placeholder='Name']
10:49:06.162 INFO  manager.ListenerWD - After find element --> By.cssSelector: input[placeholder='Name']
10:49:06.217 INFO  manager.ListenerWD - Before find element --> By.cssSelector: input[placeholder='Last Name']
10:49:06.223 INFO  manager.ListenerWD - After find element --> By.cssSelector: input[placeholder='Last Name']
10:49:06.277 INFO  manager.ListenerWD - Before find element --> By.cssSelector: input[placeholder='Phone']
10:49:06.284 INFO  manager.ListenerWD - After find element --> By.cssSelector: input[placeholder='Phone']
10:49:06.341 INFO  manager.ListenerWD - Before find element --> By.cssSelector: input[placeholder='email']
10:49:06.348 INFO  manager.ListenerWD - After find element --> By.cssSelector: input[placeholder='email']
10:49:06.405 INFO  manager.ListenerWD - Before find element --> By.cssSelector: input[placeholder='Address']
10:49:06.411 INFO  manager.ListenerWD - After find element --> By.cssSelector: input[placeholder='Address']
10:49:06.461 INFO  manager.ListenerWD - Before find element --> By.cssSelector: input[placeholder='description']
10:49:06.468 INFO  manager.ListenerWD - After find element --> By.cssSelector: input[placeholder='description']
10:49:06.517 INFO  manager.ListenerWD - Before find element --> By.xpath: //b[text()='Save']
10:49:06.523 INFO  manager.ListenerWD - After find element --> By.xpath: //b[text()='Save']
10:49:07.549 INFO  manager.ListenerTNG - OnTestSuccess addNewContactWrongPhone
10:49:07.552 INFO  tests.TestBase - The name of starts method is ---->loginSuccess
10:49:07.552 INFO  manager.ListenerWD - Before find elements --> By.xpath: //button[text()='Sign Out']
10:49:07.562 INFO  manager.ListenerWD - After find elements --> By.xpath: //button[text()='Sign Out']
10:49:07.562 INFO  manager.ListenerWD - List suze is --> 1
10:49:07.562 INFO  manager.ListenerWD - Before find element --> By.xpath: //button[text()='Sign Out']
10:49:07.573 INFO  manager.ListenerWD - After find element --> By.xpath: //button[text()='Sign Out']
10:49:07.599 INFO  tests.TestBase - I need logout
10:49:07.599 INFO  manager.ListenerTNG - OnTestStart loginSuccess
10:49:07.602 INFO  tests.TestBase - Login with valid data : email: innayrchenko77@gmail.com & password: AlisMaksim2!
10:49:07.602 INFO  manager.ListenerWD - Before find element --> By.cssSelector: a[href='/login']
10:49:07.612 INFO  manager.ListenerWD - After find element --> By.cssSelector: a[href='/login']
10:49:07.637 INFO  manager.ListenerWD - Before find element --> By.name: email
10:49:07.647 INFO  manager.ListenerWD - After find element --> By.name: email
10:49:07.729 INFO  manager.ListenerWD - Before find element --> By.name: password
10:49:07.739 INFO  manager.ListenerWD - After find element --> By.name: password
10:49:07.817 INFO  manager.ListenerWD - Before find element --> By.cssSelector: [name='login']
10:49:07.826 INFO  manager.ListenerWD - After find element --> By.cssSelector: [name='login']
10:49:07.847 INFO  manager.ListenerWD - Before find elements --> By.xpath: //button[text()='Sign Out']
10:49:08.179 INFO  manager.ListenerWD - After find elements --> By.xpath: //button[text()='Sign Out']
10:49:08.179 INFO  manager.ListenerWD - List suze is --> 1
10:49:08.179 INFO  tests.TestBase - Tests success
10:49:08.179 INFO  manager.ListenerTNG - OnTestSuccess loginSuccess
10:49:08.180 INFO  tests.TestBase - The name of starts method is ---->loginSuccess
10:49:08.180 INFO  manager.ListenerWD - Before find elements --> By.xpath: //button[text()='Sign Out']
10:49:08.187 INFO  manager.ListenerWD - After find elements --> By.xpath: //button[text()='Sign Out']
10:49:08.187 INFO  manager.ListenerWD - List suze is --> 1
10:49:08.187 INFO  manager.ListenerWD - Before find element --> By.xpath: //button[text()='Sign Out']
10:49:08.194 INFO  manager.ListenerWD - After find element --> By.xpath: //button[text()='Sign Out']
10:49:08.219 INFO  tests.TestBase - I need logout
10:49:08.219 INFO  manager.ListenerTNG - OnTestStart loginSuccess
10:49:08.219 INFO  tests.TestBase - Login with valid data : email: innayrchenko77@gmail.com & password: AlisMaksim2!
10:49:08.219 INFO  manager.ListenerWD - Before find element --> By.cssSelector: a[href='/login']
10:49:08.227 INFO  manager.ListenerWD - After find element --> By.cssSelector: a[href='/login']
10:49:08.248 INFO  manager.ListenerWD - Before find element --> By.name: email
10:49:08.254 INFO  manager.ListenerWD - After find element --> By.name: email
10:49:08.334 INFO  manager.ListenerWD - Before find element --> By.name: password
10:49:08.341 INFO  manager.ListenerWD - After find element --> By.name: password
10:49:08.411 INFO  manager.ListenerWD - Before find element --> By.cssSelector: [name='login']
10:49:08.417 INFO  manager.ListenerWD - After find element --> By.cssSelector: [name='login']
10:49:08.438 INFO  manager.ListenerWD - Before find elements --> By.xpath: //button[text()='Sign Out']
10:49:08.778 INFO  manager.ListenerWD - After find elements --> By.xpath: //button[text()='Sign Out']
10:49:08.778 INFO  manager.ListenerWD - List suze is --> 1
10:49:08.778 INFO  tests.TestBase - Tests success
10:49:08.778 INFO  manager.ListenerTNG - OnTestSuccess loginSuccess
10:49:08.779 INFO  tests.TestBase - The name of starts method is ---->loginSuccess
10:49:08.779 INFO  manager.ListenerWD - Before find elements --> By.xpath: //button[text()='Sign Out']
10:49:08.786 INFO  manager.ListenerWD - After find elements --> By.xpath: //button[text()='Sign Out']
10:49:08.786 INFO  manager.ListenerWD - List suze is --> 1
10:49:08.786 INFO  manager.ListenerWD - Before find element --> By.xpath: //button[text()='Sign Out']
10:49:08.794 INFO  manager.ListenerWD - After find element --> By.xpath: //button[text()='Sign Out']
10:49:08.817 INFO  tests.TestBase - I need logout
10:49:08.817 INFO  manager.ListenerTNG - OnTestStart loginSuccess
10:49:08.817 INFO  tests.TestBase - Login with valid data : email: innayrchenko77@gmail.com & password: AlisMaksim2!
10:49:08.817 INFO  manager.ListenerWD - Before find element --> By.cssSelector: a[href='/login']
10:49:08.824 INFO  manager.ListenerWD - After find element --> By.cssSelector: a[href='/login']
10:49:08.847 INFO  manager.ListenerWD - Before find element --> By.name: email
10:49:08.854 INFO  manager.ListenerWD - After find element --> By.name: email
10:49:08.929 INFO  manager.ListenerWD - Before find element --> By.name: password
10:49:08.936 INFO  manager.ListenerWD - After find element --> By.name: password
10:49:09.007 INFO  manager.ListenerWD - Before find element --> By.cssSelector: [name='login']
10:49:09.015 INFO  manager.ListenerWD - After find element --> By.cssSelector: [name='login']
10:49:09.036 INFO  manager.ListenerWD - Before find elements --> By.xpath: //button[text()='Sign Out']
10:49:09.373 INFO  manager.ListenerWD - After find elements --> By.xpath: //button[text()='Sign Out']
10:49:09.373 INFO  manager.ListenerWD - List suze is --> 1
10:49:09.373 INFO  tests.TestBase - Tests success
10:49:09.373 INFO  manager.ListenerTNG - OnTestSuccess loginSuccess
10:49:09.375 INFO  tests.TestBase - The name of starts method is ---->loginSuccess2
10:49:09.376 INFO  manager.ListenerWD - Before find elements --> By.xpath: //button[text()='Sign Out']
10:49:09.385 INFO  manager.ListenerWD - After find elements --> By.xpath: //button[text()='Sign Out']
10:49:09.386 INFO  manager.ListenerWD - List suze is --> 1
10:49:09.386 INFO  manager.ListenerWD - Before find element --> By.xpath: //button[text()='Sign Out']
10:49:09.393 INFO  manager.ListenerWD - After find element --> By.xpath: //button[text()='Sign Out']
10:49:09.421 INFO  tests.TestBase - I need logout
10:49:09.422 INFO  manager.ListenerTNG - OnTestStart loginSuccess2
10:49:09.422 INFO  tests.TestBase - Login with valid data : email: innayrchenko77@gmail.com & password: AlisMaksim2!
10:49:09.422 INFO  manager.ListenerWD - Before find element --> By.cssSelector: a[href='/login']
10:49:09.430 INFO  manager.ListenerWD - After find element --> By.cssSelector: a[href='/login']
10:49:09.450 INFO  manager.ListenerWD - Before find element --> By.name: email
10:49:09.456 INFO  manager.ListenerWD - After find element --> By.name: email
10:49:09.532 INFO  manager.ListenerWD - Before find element --> By.name: password
10:49:09.539 INFO  manager.ListenerWD - After find element --> By.name: password
10:49:09.611 INFO  manager.ListenerWD - Before find element --> By.cssSelector: [name='login']
10:49:09.618 INFO  manager.ListenerWD - After find element --> By.cssSelector: [name='login']
10:49:09.638 INFO  manager.ListenerWD - Before find elements --> By.xpath: //button[text()='Sign Out']
10:49:09.950 INFO  manager.ListenerWD - After find elements --> By.xpath: //button[text()='Sign Out']
10:49:09.950 INFO  manager.ListenerWD - List suze is --> 1
10:49:09.950 INFO  tests.TestBase - Tests success
10:49:09.950 INFO  manager.ListenerTNG - OnTestSuccess loginSuccess2
10:49:09.951 INFO  tests.TestBase - The name of starts method is ---->loginSuccess2
10:49:09.951 INFO  manager.ListenerWD - Before find elements --> By.xpath: //button[text()='Sign Out']
10:49:09.958 INFO  manager.ListenerWD - After find elements --> By.xpath: //button[text()='Sign Out']
10:49:09.958 INFO  manager.ListenerWD - List suze is --> 1
10:49:09.958 INFO  manager.ListenerWD - Before find element --> By.xpath: //button[text()='Sign Out']
10:49:09.965 INFO  manager.ListenerWD - After find element --> By.xpath: //button[text()='Sign Out']
10:49:09.989 INFO  tests.TestBase - I need logout
10:49:09.989 INFO  manager.ListenerTNG - OnTestStart loginSuccess2
10:49:09.990 INFO  tests.TestBase - Login with valid data : email: innayrchenko77@gmail.com & password: AlisMaksim2!
10:49:09.990 INFO  manager.ListenerWD - Before find element --> By.cssSelector: a[href='/login']
10:49:09.998 INFO  manager.ListenerWD - After find element --> By.cssSelector: a[href='/login']
10:49:10.019 INFO  manager.ListenerWD - Before find element --> By.name: email
10:49:10.026 INFO  manager.ListenerWD - After find element --> By.name: email
10:49:10.113 INFO  manager.ListenerWD - Before find element --> By.name: password
10:49:10.120 INFO  manager.ListenerWD - After find element --> By.name: password
10:49:10.191 INFO  manager.ListenerWD - Before find element --> By.cssSelector: [name='login']
10:49:10.198 INFO  manager.ListenerWD - After find element --> By.cssSelector: [name='login']
10:49:10.219 INFO  manager.ListenerWD - Before find elements --> By.xpath: //button[text()='Sign Out']
10:49:10.502 INFO  manager.ListenerWD - After find elements --> By.xpath: //button[text()='Sign Out']
10:49:10.502 INFO  manager.ListenerWD - List suze is --> 1
10:49:10.502 INFO  tests.TestBase - Tests success
10:49:10.502 INFO  manager.ListenerTNG - OnTestSuccess loginSuccess2
10:49:10.503 INFO  tests.TestBase - The name of starts method is ---->loginSuccess2
10:49:10.503 INFO  manager.ListenerWD - Before find elements --> By.xpath: //button[text()='Sign Out']
10:49:10.511 INFO  manager.ListenerWD - After find elements --> By.xpath: //button[text()='Sign Out']
10:49:10.511 INFO  manager.ListenerWD - List suze is --> 1
10:49:10.511 INFO  manager.ListenerWD - Before find element --> By.xpath: //button[text()='Sign Out']
10:49:10.518 INFO  manager.ListenerWD - After find element --> By.xpath: //button[text()='Sign Out']
10:49:10.540 INFO  tests.TestBase - I need logout
10:49:10.541 INFO  manager.ListenerTNG - OnTestStart loginSuccess2
10:49:10.541 INFO  tests.TestBase - Login with valid data : email: innayrchenko77@gmail.com & password: AlisMaksim2!
10:49:10.541 INFO  manager.ListenerWD - Before find element --> By.cssSelector: a[href='/login']
10:49:10.549 INFO  manager.ListenerWD - After find element --> By.cssSelector: a[href='/login']
10:49:10.570 INFO  manager.ListenerWD - Before find element --> By.name: email
10:49:10.577 INFO  manager.ListenerWD - After find element --> By.name: email
10:49:10.657 INFO  manager.ListenerWD - Before find element --> By.name: password
10:49:10.673 INFO  manager.ListenerWD - After find element --> By.name: password
10:49:10.745 INFO  manager.ListenerWD - Before find element --> By.cssSelector: [name='login']
10:49:10.751 INFO  manager.ListenerWD - After find element --> By.cssSelector: [name='login']
10:49:10.772 INFO  manager.ListenerWD - Before find elements --> By.xpath: //button[text()='Sign Out']
10:49:11.123 INFO  manager.ListenerWD - After find elements --> By.xpath: //button[text()='Sign Out']
10:49:11.124 INFO  manager.ListenerWD - List suze is --> 1
10:49:11.124 INFO  tests.TestBase - Tests success
10:49:11.124 INFO  manager.ListenerTNG - OnTestSuccess loginSuccess2
10:49:11.126 INFO  tests.TestBase - The name of starts method is ---->loginSuccessModel
10:49:11.126 INFO  manager.ListenerWD - Before find elements --> By.xpath: //button[text()='Sign Out']
10:49:11.139 INFO  manager.ListenerWD - After find elements --> By.xpath: //button[text()='Sign Out']
10:49:11.139 INFO  manager.ListenerWD - List suze is --> 1
10:49:11.139 INFO  manager.ListenerWD - Before find element --> By.xpath: //button[text()='Sign Out']
10:49:11.147 INFO  manager.ListenerWD - After find element --> By.xpath: //button[text()='Sign Out']
10:49:11.171 INFO  tests.TestBase - I need logout
10:49:11.172 INFO  manager.ListenerTNG - OnTestStart loginSuccessModel
10:49:11.175 INFO  tests.TestBase - Tests start with user model   User(email=innayrchenko77@gmail.com, password=AlisMaksim2!)
10:49:11.176 INFO  manager.ListenerWD - Before find element --> By.cssSelector: a[href='/login']
10:49:11.183 INFO  manager.ListenerWD - After find element --> By.cssSelector: a[href='/login']
10:49:11.205 INFO  manager.ListenerWD - Before find element --> By.name: email
10:49:11.212 INFO  manager.ListenerWD - After find element --> By.name: email
10:49:11.291 INFO  manager.ListenerWD - Before find element --> By.name: password
10:49:11.298 INFO  manager.ListenerWD - After find element --> By.name: password
10:49:11.371 INFO  manager.ListenerWD - Before find element --> By.cssSelector: [name='login']
10:49:11.378 INFO  manager.ListenerWD - After find element --> By.cssSelector: [name='login']
10:49:11.398 INFO  manager.ListenerWD - Before find elements --> By.xpath: //button[text()='Sign Out']
10:49:11.714 INFO  manager.ListenerWD - After find elements --> By.xpath: //button[text()='Sign Out']
10:49:11.714 INFO  manager.ListenerWD - List suze is --> 1
10:49:11.714 INFO  manager.ListenerTNG - OnTestSuccess loginSuccessModel
10:49:11.715 INFO  tests.TestBase - The name of starts method is ---->loginSuccessModel
10:49:11.715 INFO  manager.ListenerWD - Before find elements --> By.xpath: //button[text()='Sign Out']
10:49:11.723 INFO  manager.ListenerWD - After find elements --> By.xpath: //button[text()='Sign Out']
10:49:11.723 INFO  manager.ListenerWD - List suze is --> 1
10:49:11.723 INFO  manager.ListenerWD - Before find element --> By.xpath: //button[text()='Sign Out']
10:49:11.731 INFO  manager.ListenerWD - After find element --> By.xpath: //button[text()='Sign Out']
10:49:11.755 INFO  tests.TestBase - I need logout
10:49:11.755 INFO  manager.ListenerTNG - OnTestStart loginSuccessModel
10:49:11.755 INFO  tests.TestBase - Tests start with user model   User(email=innayrchenko77@gmail.com, password=AlisMaksim2!)
10:49:11.755 INFO  manager.ListenerWD - Before find element --> By.cssSelector: a[href='/login']
10:49:11.763 INFO  manager.ListenerWD - After find element --> By.cssSelector: a[href='/login']
10:49:11.784 INFO  manager.ListenerWD - Before find element --> By.name: email
10:49:11.792 INFO  manager.ListenerWD - After find element --> By.name: email
10:49:11.869 INFO  manager.ListenerWD - Before find element --> By.name: password
10:49:11.876 INFO  manager.ListenerWD - After find element --> By.name: password
10:49:11.952 INFO  manager.ListenerWD - Before find element --> By.cssSelector: [name='login']
10:49:11.959 INFO  manager.ListenerWD - After find element --> By.cssSelector: [name='login']
10:49:11.980 INFO  manager.ListenerWD - Before find elements --> By.xpath: //button[text()='Sign Out']
10:49:12.291 INFO  manager.ListenerWD - After find elements --> By.xpath: //button[text()='Sign Out']
10:49:12.291 INFO  manager.ListenerWD - List suze is --> 1
10:49:12.292 INFO  manager.ListenerTNG - OnTestSuccess loginSuccessModel
10:49:12.292 INFO  tests.TestBase - The name of starts method is ---->loginSuccessModel
10:49:12.292 INFO  manager.ListenerWD - Before find elements --> By.xpath: //button[text()='Sign Out']
10:49:12.300 INFO  manager.ListenerWD - After find elements --> By.xpath: //button[text()='Sign Out']
10:49:12.300 INFO  manager.ListenerWD - List suze is --> 1
10:49:12.300 INFO  manager.ListenerWD - Before find element --> By.xpath: //button[text()='Sign Out']
10:49:12.307 INFO  manager.ListenerWD - After find element --> By.xpath: //button[text()='Sign Out']
10:49:12.331 INFO  tests.TestBase - I need logout
10:49:12.331 INFO  manager.ListenerTNG - OnTestStart loginSuccessModel
10:49:12.331 INFO  tests.TestBase - Tests start with user model   User(email=innayrchenko77@gmail.com, password=AlisMaksim2!)
10:49:12.332 INFO  manager.ListenerWD - Before find element --> By.cssSelector: a[href='/login']
10:49:12.338 INFO  manager.ListenerWD - After find element --> By.cssSelector: a[href='/login']
10:49:12.359 INFO  manager.ListenerWD - Before find element --> By.name: email
10:49:12.365 INFO  manager.ListenerWD - After find element --> By.name: email
10:49:12.447 INFO  manager.ListenerWD - Before find element --> By.name: password
10:49:12.454 INFO  manager.ListenerWD - After find element --> By.name: password
10:49:12.524 INFO  manager.ListenerWD - Before find element --> By.cssSelector: [name='login']
10:49:12.531 INFO  manager.ListenerWD - After find element --> By.cssSelector: [name='login']
10:49:12.552 INFO  manager.ListenerWD - Before find elements --> By.xpath: //button[text()='Sign Out']
10:49:12.868 INFO  manager.ListenerWD - After find elements --> By.xpath: //button[text()='Sign Out']
10:49:12.869 INFO  manager.ListenerWD - List suze is --> 1
10:49:12.869 INFO  manager.ListenerTNG - OnTestSuccess loginSuccessModel
10:49:12.870 INFO  tests.TestBase - The name of starts method is ---->loginSuccessModelFromFile
10:49:12.870 INFO  manager.ListenerWD - Before find elements --> By.xpath: //button[text()='Sign Out']
10:49:12.879 INFO  manager.ListenerWD - After find elements --> By.xpath: //button[text()='Sign Out']
10:49:12.879 INFO  manager.ListenerWD - List suze is --> 1
10:49:12.879 INFO  manager.ListenerWD - Before find element --> By.xpath: //button[text()='Sign Out']
10:49:12.885 INFO  manager.ListenerWD - After find element --> By.xpath: //button[text()='Sign Out']
10:49:12.909 INFO  tests.TestBase - I need logout
10:49:12.909 INFO  manager.ListenerTNG - OnTestStart loginSuccessModelFromFile
10:49:12.909 INFO  tests.TestBase - Tests start with user model   User(email=innayrchenko77@gmail.com, password=AlisMaksim2!)
10:49:12.910 INFO  manager.ListenerWD - Before find element --> By.cssSelector: a[href='/login']
10:49:12.917 INFO  manager.ListenerWD - After find element --> By.cssSelector: a[href='/login']
10:49:12.937 INFO  manager.ListenerWD - Before find element --> By.name: email
10:49:12.944 INFO  manager.ListenerWD - After find element --> By.name: email
10:49:13.022 INFO  manager.ListenerWD - Before find element --> By.name: password
10:49:13.029 INFO  manager.ListenerWD - After find element --> By.name: password
10:49:13.102 INFO  manager.ListenerWD - Before find element --> By.cssSelector: [name='login']
10:49:13.109 INFO  manager.ListenerWD - After find element --> By.cssSelector: [name='login']
10:49:13.131 INFO  manager.ListenerWD - Before find elements --> By.xpath: //button[text()='Sign Out']
10:49:13.444 INFO  manager.ListenerWD - After find elements --> By.xpath: //button[text()='Sign Out']
10:49:13.444 INFO  manager.ListenerWD - List suze is --> 1
10:49:13.445 INFO  manager.ListenerTNG - OnTestSuccess loginSuccessModelFromFile
10:49:13.445 INFO  tests.TestBase - The name of starts method is ---->loginSuccessModelFromFile
10:49:13.445 INFO  manager.ListenerWD - Before find elements --> By.xpath: //button[text()='Sign Out']
10:49:13.453 INFO  manager.ListenerWD - After find elements --> By.xpath: //button[text()='Sign Out']
10:49:13.453 INFO  manager.ListenerWD - List suze is --> 1
10:49:13.453 INFO  manager.ListenerWD - Before find element --> By.xpath: //button[text()='Sign Out']
10:49:13.460 INFO  manager.ListenerWD - After find element --> By.xpath: //button[text()='Sign Out']
10:49:13.483 INFO  tests.TestBase - I need logout
10:49:13.484 INFO  manager.ListenerTNG - OnTestStart loginSuccessModelFromFile
10:49:13.484 INFO  tests.TestBase - Tests start with user model   User(email=innayrchenko77@gmail.com, password=AlisMaksim2!)
10:49:13.484 INFO  manager.ListenerWD - Before find element --> By.cssSelector: a[href='/login']
10:49:13.491 INFO  manager.ListenerWD - After find element --> By.cssSelector: a[href='/login']
10:49:13.511 INFO  manager.ListenerWD - Before find element --> By.name: email
10:49:13.518 INFO  manager.ListenerWD - After find element --> By.name: email
10:49:13.594 INFO  manager.ListenerWD - Before find element --> By.name: password
10:49:13.600 INFO  manager.ListenerWD - After find element --> By.name: password
10:49:13.671 INFO  manager.ListenerWD - Before find element --> By.cssSelector: [name='login']
10:49:13.678 INFO  manager.ListenerWD - After find element --> By.cssSelector: [name='login']
10:49:13.698 INFO  manager.ListenerWD - Before find elements --> By.xpath: //button[text()='Sign Out']
10:49:14.015 INFO  manager.ListenerWD - After find elements --> By.xpath: //button[text()='Sign Out']
10:49:14.015 INFO  manager.ListenerWD - List suze is --> 1
10:49:14.015 INFO  manager.ListenerTNG - OnTestSuccess loginSuccessModelFromFile
10:49:14.015 INFO  tests.TestBase - The name of starts method is ---->loginSuccessModelFromFile
10:49:14.016 INFO  manager.ListenerWD - Before find elements --> By.xpath: //button[text()='Sign Out']
10:49:14.023 INFO  manager.ListenerWD - After find elements --> By.xpath: //button[text()='Sign Out']
10:49:14.024 INFO  manager.ListenerWD - List suze is --> 1
10:49:14.024 INFO  manager.ListenerWD - Before find element --> By.xpath: //button[text()='Sign Out']
10:49:14.030 INFO  manager.ListenerWD - After find element --> By.xpath: //button[text()='Sign Out']
10:49:14.058 INFO  tests.TestBase - I need logout
10:49:14.058 INFO  manager.ListenerTNG - OnTestStart loginSuccessModelFromFile
10:49:14.058 INFO  tests.TestBase - Tests start with user model   User(email=innayrchenko77@gmail.com, password=AlisMaksim2!)
10:49:14.059 INFO  manager.ListenerWD - Before find element --> By.cssSelector: a[href='/login']
10:49:14.067 INFO  manager.ListenerWD - After find element --> By.cssSelector: a[href='/login']
10:49:14.093 INFO  manager.ListenerWD - Before find element --> By.name: email
10:49:14.100 INFO  manager.ListenerWD - After find element --> By.name: email
10:49:14.178 INFO  manager.ListenerWD - Before find element --> By.name: password
10:49:14.184 INFO  manager.ListenerWD - After find element --> By.name: password
10:49:14.259 INFO  manager.ListenerWD - Before find element --> By.cssSelector: [name='login']
10:49:14.267 INFO  manager.ListenerWD - After find element --> By.cssSelector: [name='login']
10:49:14.288 INFO  manager.ListenerWD - Before find elements --> By.xpath: //button[text()='Sign Out']
10:49:14.620 INFO  manager.ListenerWD - After find elements --> By.xpath: //button[text()='Sign Out']
10:49:14.620 INFO  manager.ListenerWD - List suze is --> 1
10:49:14.620 INFO  manager.ListenerTNG - OnTestSuccess loginSuccessModelFromFile
10:49:14.621 INFO  tests.TestBase - The name of starts method is ---->loginSuccessNew
10:49:14.621 INFO  manager.ListenerWD - Before find elements --> By.xpath: //button[text()='Sign Out']
10:49:14.628 INFO  manager.ListenerWD - After find elements --> By.xpath: //button[text()='Sign Out']
10:49:14.628 INFO  manager.ListenerWD - List suze is --> 1
10:49:14.628 INFO  manager.ListenerWD - Before find element --> By.xpath: //button[text()='Sign Out']
10:49:14.636 INFO  manager.ListenerWD - After find element --> By.xpath: //button[text()='Sign Out']
10:49:14.659 INFO  tests.TestBase - I need logout
10:49:14.660 INFO  manager.ListenerTNG - OnTestStart loginSuccessNew
10:49:14.660 INFO  manager.ListenerWD - Before find element --> By.cssSelector: a[href='/login']
10:49:14.667 INFO  manager.ListenerWD - After find element --> By.cssSelector: a[href='/login']
10:49:14.690 INFO  manager.ListenerWD - Before find element --> By.name: email
10:49:14.701 INFO  manager.ListenerWD - After find element --> By.name: email
10:49:14.780 INFO  manager.ListenerWD - Before find element --> By.name: password
10:49:14.786 INFO  manager.ListenerWD - After find element --> By.name: password
10:49:14.860 INFO  manager.ListenerWD - Before find element --> By.cssSelector: [name='login']
10:49:14.866 INFO  manager.ListenerWD - After find element --> By.cssSelector: [name='login']
10:49:14.887 INFO  manager.ListenerWD - Before find elements --> By.xpath: //button[text()='Sign Out']
10:49:15.226 INFO  manager.ListenerWD - After find elements --> By.xpath: //button[text()='Sign Out']
10:49:15.226 INFO  manager.ListenerWD - List suze is --> 1
10:49:15.226 INFO  manager.ListenerTNG - OnTestSuccess loginSuccessNew
10:49:15.227 INFO  tests.TestBase - The name of starts method is ---->loginSuccessNew
10:49:15.228 INFO  manager.ListenerWD - Before find elements --> By.xpath: //button[text()='Sign Out']
10:49:15.241 INFO  manager.ListenerWD - After find elements --> By.xpath: //button[text()='Sign Out']
10:49:15.241 INFO  manager.ListenerWD - List suze is --> 1
10:49:15.241 INFO  manager.ListenerWD - Before find element --> By.xpath: //button[text()='Sign Out']
10:49:15.249 INFO  manager.ListenerWD - After find element --> By.xpath: //button[text()='Sign Out']
10:49:15.273 INFO  tests.TestBase - I need logout
10:49:15.273 INFO  manager.ListenerTNG - OnTestStart loginSuccessNew
10:49:15.274 INFO  manager.ListenerWD - Before find element --> By.cssSelector: a[href='/login']
10:49:15.281 INFO  manager.ListenerWD - After find element --> By.cssSelector: a[href='/login']
10:49:15.302 INFO  manager.ListenerWD - Before find element --> By.name: email
10:49:15.309 INFO  manager.ListenerWD - After find element --> By.name: email
10:49:15.383 INFO  manager.ListenerWD - Before find element --> By.name: password
10:49:15.389 INFO  manager.ListenerWD - After find element --> By.name: password
10:49:15.460 INFO  manager.ListenerWD - Before find element --> By.cssSelector: [name='login']
10:49:15.467 INFO  manager.ListenerWD - After find element --> By.cssSelector: [name='login']
10:49:15.487 INFO  manager.ListenerWD - Before find elements --> By.xpath: //button[text()='Sign Out']
10:49:15.814 INFO  manager.ListenerWD - After find elements --> By.xpath: //button[text()='Sign Out']
10:49:15.814 INFO  manager.ListenerWD - List suze is --> 1
10:49:15.814 INFO  manager.ListenerTNG - OnTestSuccess loginSuccessNew
10:49:15.815 INFO  tests.TestBase - The name of starts method is ---->loginUnregisterUser
10:49:15.816 INFO  manager.ListenerWD - Before find elements --> By.xpath: //button[text()='Sign Out']
10:49:15.828 INFO  manager.ListenerWD - After find elements --> By.xpath: //button[text()='Sign Out']
10:49:15.828 INFO  manager.ListenerWD - List suze is --> 1
10:49:15.828 INFO  manager.ListenerWD - Before find element --> By.xpath: //button[text()='Sign Out']
10:49:15.835 INFO  manager.ListenerWD - After find element --> By.xpath: //button[text()='Sign Out']
10:49:15.860 INFO  tests.TestBase - I need logout
10:49:15.860 INFO  manager.ListenerTNG - OnTestStart loginUnregisterUser
10:49:15.861 INFO  manager.ListenerWD - Before find element --> By.cssSelector: a[href='/login']
10:49:15.868 INFO  manager.ListenerWD - After find element --> By.cssSelector: a[href='/login']
10:49:15.888 INFO  manager.ListenerWD - Before find element --> By.name: email
10:49:15.895 INFO  manager.ListenerWD - After find element --> By.name: email
10:49:15.980 INFO  manager.ListenerWD - Before find element --> By.name: password
10:49:15.991 INFO  manager.ListenerWD - After find element --> By.name: password
10:49:16.069 INFO  manager.ListenerWD - Before find element --> By.cssSelector: [name='login']
10:49:16.075 INFO  manager.ListenerWD - After find element --> By.cssSelector: [name='login']
10:49:16.095 INFO  manager.ListenerWD - Before find elements --> By.xpath: //button[text()='Sign Out']
10:49:16.492 INFO  manager.ListenerWD - After find elements --> By.xpath: //button[text()='Sign Out']
10:49:16.492 INFO  manager.ListenerWD - List suze is --> 0
10:49:16.499 INFO  manager.ListenerTNG - OnTestSuccess loginUnregisterUser
10:49:16.499 INFO  tests.TestBase - The name of starts method is ---->loginWrongEmail
10:49:16.500 INFO  manager.ListenerWD - Before find elements --> By.xpath: //button[text()='Sign Out']
10:49:21.524 INFO  manager.ListenerWD - After find elements --> By.xpath: //button[text()='Sign Out']
10:49:21.524 INFO  manager.ListenerWD - List suze is --> 0
10:49:21.524 INFO  manager.ListenerTNG - OnTestStart loginWrongEmail
10:49:21.524 INFO  manager.ListenerWD - Before find element --> By.cssSelector: a[href='/login']
10:49:21.531 INFO  manager.ListenerWD - After find element --> By.cssSelector: a[href='/login']
10:49:21.548 INFO  manager.ListenerWD - Before find element --> By.name: email
10:49:21.556 INFO  manager.ListenerWD - After find element --> By.name: email
10:49:21.634 INFO  manager.ListenerWD - Before find element --> By.name: password
10:49:21.642 INFO  manager.ListenerWD - After find element --> By.name: password
10:49:21.709 INFO  manager.ListenerWD - Before find element --> By.cssSelector: [name='login']
10:49:21.715 INFO  manager.ListenerWD - After find element --> By.cssSelector: [name='login']
10:49:21.736 INFO  manager.ListenerWD - Before find elements --> By.xpath: //button[text()='Sign Out']
10:49:22.175 INFO  manager.ListenerWD - After find elements --> By.xpath: //button[text()='Sign Out']
10:49:22.175 INFO  manager.ListenerWD - List suze is --> 0
10:49:22.189 INFO  manager.ListenerTNG - OnTestSuccess loginWrongEmail
10:49:22.189 INFO  tests.TestBase - The name of starts method is ---->loginWrongPassword
10:49:22.190 INFO  manager.ListenerWD - Before find elements --> By.xpath: //button[text()='Sign Out']
10:49:27.214 INFO  manager.ListenerWD - After find elements --> By.xpath: //button[text()='Sign Out']
10:49:27.214 INFO  manager.ListenerWD - List suze is --> 0
10:49:27.214 INFO  manager.ListenerTNG - OnTestStart loginWrongPassword
10:49:27.214 INFO  manager.ListenerWD - Before find element --> By.cssSelector: a[href='/login']
10:49:27.221 INFO  manager.ListenerWD - After find element --> By.cssSelector: a[href='/login']
10:49:27.239 INFO  manager.ListenerWD - Before find element --> By.name: email
10:49:27.247 INFO  manager.ListenerWD - After find element --> By.name: email
10:49:27.322 INFO  manager.ListenerWD - Before find element --> By.name: password
10:49:27.329 INFO  manager.ListenerWD - After find element --> By.name: password
10:49:27.398 INFO  manager.ListenerWD - Before find element --> By.cssSelector: [name='login']
10:49:27.406 INFO  manager.ListenerWD - After find element --> By.cssSelector: [name='login']
10:49:27.428 INFO  manager.ListenerWD - Before find elements --> By.xpath: //button[text()='Sign Out']
10:49:27.868 INFO  manager.ListenerWD - After find elements --> By.xpath: //button[text()='Sign Out']
10:49:27.868 INFO  manager.ListenerWD - List suze is --> 0
10:49:27.890 INFO  manager.ListenerTNG - OnTestSuccess loginWrongPassword
10:49:27.891 INFO  tests.TestBase - The name of starts method is ---->registrationSuccess
10:49:27.892 INFO  manager.ListenerWD - Before find elements --> By.xpath: //button[text()='Sign Out']
10:49:32.901 INFO  manager.ListenerWD - After find elements --> By.xpath: //button[text()='Sign Out']
10:49:32.901 INFO  manager.ListenerWD - List suze is --> 0
10:49:32.901 INFO  manager.ListenerTNG - OnTestStart registrationSuccess
10:49:32.901 INFO  manager.ListenerWD - Before find element --> By.cssSelector: a[href='/login']
10:49:32.909 INFO  manager.ListenerWD - After find element --> By.cssSelector: a[href='/login']
10:49:32.925 INFO  manager.ListenerWD - Before find element --> By.name: email
10:49:32.932 INFO  manager.ListenerWD - After find element --> By.name: email
10:49:33.002 INFO  manager.ListenerWD - Before find element --> By.name: password
10:49:33.013 INFO  manager.ListenerWD - After find element --> By.name: password
10:49:33.088 INFO  manager.ListenerWD - Before find element --> By.cssSelector: [name='registration']
10:49:33.098 INFO  manager.ListenerWD - After find element --> By.cssSelector: [name='registration']
10:49:33.120 INFO  manager.ListenerWD - Before find elements --> By.xpath: //button[text()='Sign Out']
10:49:33.684 INFO  manager.ListenerWD - After find elements --> By.xpath: //button[text()='Sign Out']
10:49:33.685 INFO  manager.ListenerWD - List suze is --> 1
10:49:33.685 INFO  manager.ListenerTNG - OnTestSuccess registrationSuccess
10:49:33.685 INFO  tests.TestBase - The name of starts method is ---->registrationUserAlreadyExists
10:49:33.685 INFO  manager.ListenerWD - Before find elements --> By.xpath: //button[text()='Sign Out']
10:49:33.692 INFO  manager.ListenerWD - After find elements --> By.xpath: //button[text()='Sign Out']
10:49:33.692 INFO  manager.ListenerWD - List suze is --> 1
10:49:33.693 INFO  manager.ListenerWD - Before find element --> By.xpath: //button[text()='Sign Out']
10:49:33.700 INFO  manager.ListenerWD - After find element --> By.xpath: //button[text()='Sign Out']
10:49:33.725 INFO  manager.ListenerTNG - OnTestStart registrationUserAlreadyExists
10:49:33.725 INFO  manager.ListenerWD - Before find element --> By.cssSelector: a[href='/login']
10:49:33.733 INFO  manager.ListenerWD - After find element --> By.cssSelector: a[href='/login']
10:49:33.754 INFO  manager.ListenerWD - Before find element --> By.name: email
10:49:33.760 INFO  manager.ListenerWD - After find element --> By.name: email
10:49:33.845 INFO  manager.ListenerWD - Before find element --> By.name: password
10:49:33.852 INFO  manager.ListenerWD - After find element --> By.name: password
10:49:33.932 INFO  manager.ListenerWD - Before find element --> By.cssSelector: [name='registration']
10:49:33.939 INFO  manager.ListenerWD - After find element --> By.cssSelector: [name='registration']
10:49:33.964 INFO  manager.ListenerWD - Before find elements --> By.xpath: //button[text()='Sign Out']
10:49:34.220 INFO  manager.ListenerWD - After find elements --> By.xpath: //button[text()='Sign Out']
10:49:34.220 INFO  manager.ListenerWD - List suze is --> 0
10:49:34.234 INFO  manager.ListenerTNG - OnTestSuccess registrationUserAlreadyExists
10:49:34.234 INFO  tests.TestBase - The name of starts method is ---->registrationWrongEmail
10:49:34.234 INFO  manager.ListenerWD - Before find elements --> By.xpath: //button[text()='Sign Out']
10:49:39.264 INFO  manager.ListenerWD - After find elements --> By.xpath: //button[text()='Sign Out']
10:49:39.264 INFO  manager.ListenerWD - List suze is --> 0
10:49:39.264 INFO  manager.ListenerTNG - OnTestStart registrationWrongEmail
10:49:39.264 INFO  manager.ListenerWD - Before find element --> By.cssSelector: a[href='/login']
10:49:39.271 INFO  manager.ListenerWD - After find element --> By.cssSelector: a[href='/login']
10:49:39.287 INFO  manager.ListenerWD - Before find element --> By.name: email
10:49:39.295 INFO  manager.ListenerWD - After find element --> By.name: email
10:49:39.364 INFO  manager.ListenerWD - Before find element --> By.name: password
10:49:39.370 INFO  manager.ListenerWD - After find element --> By.name: password
10:49:39.435 INFO  manager.ListenerWD - Before find element --> By.cssSelector: [name='registration']
10:49:39.441 INFO  manager.ListenerWD - After find element --> By.cssSelector: [name='registration']
10:49:39.461 INFO  manager.ListenerWD - Before find elements --> By.xpath: //button[text()='Sign Out']
10:49:39.650 INFO  manager.ListenerWD - After find elements --> By.xpath: //button[text()='Sign Out']
10:49:39.650 INFO  manager.ListenerWD - List suze is --> 0
10:49:39.660 INFO  manager.ListenerTNG - OnTestSuccess registrationWrongEmail
10:49:39.661 INFO  tests.TestBase - The name of starts method is ---->registrationWrongPassword
10:49:39.661 INFO  manager.ListenerWD - Before find elements --> By.xpath: //button[text()='Sign Out']
10:49:44.685 INFO  manager.ListenerWD - After find elements --> By.xpath: //button[text()='Sign Out']
10:49:44.685 INFO  manager.ListenerWD - List suze is --> 0
10:49:44.685 INFO  manager.ListenerTNG - OnTestStart registrationWrongPassword
10:49:44.686 INFO  manager.ListenerWD - Before find element --> By.cssSelector: a[href='/login']
10:49:44.695 INFO  manager.ListenerWD - After find element --> By.cssSelector: a[href='/login']
10:49:44.710 INFO  manager.ListenerWD - Before find element --> By.name: email
10:49:44.718 INFO  manager.ListenerWD - After find element --> By.name: email
10:49:44.791 INFO  manager.ListenerWD - Before find element --> By.name: password
10:49:44.797 INFO  manager.ListenerWD - After find element --> By.name: password
10:49:44.864 INFO  manager.ListenerWD - Before find element --> By.cssSelector: [name='registration']
10:49:44.872 INFO  manager.ListenerWD - After find element --> By.cssSelector: [name='registration']
10:49:44.893 INFO  manager.ListenerWD - Before find elements --> By.xpath: //button[text()='Sign Out']
10:49:45.080 INFO  manager.ListenerWD - After find elements --> By.xpath: //button[text()='Sign Out']
10:49:45.080 INFO  manager.ListenerWD - List suze is --> 0
10:49:45.087 INFO  manager.ListenerTNG - OnTestSuccess registrationWrongPassword
10:49:45.089 INFO  manager.ListenerTNG - onFinish Gradle test
