22:49:53.157 INFO  manager.ApplicationManager - All tests star in Chrome Browser
22:49:55.227 INFO  manager.ApplicationManager - Current Url -->https://telranedu.web.app/home
22:49:55.239 INFO  manager.ListenerTNG - onStart Gradle test
22:49:55.284 INFO  tests.TestBase - The name of starts method is ---->loginSuccess
22:49:55.287 INFO  manager.ListenerWD - Before find elements --> By.xpath: //button[text()='Sign Out']
22:50:00.312 INFO  manager.ListenerWD - After find elements --> By.xpath: //button[text()='Sign Out']
22:50:00.318 INFO  manager.ListenerWD - List suze is --> 0
22:50:00.321 INFO  manager.ListenerTNG - OnTestStart loginSuccess
22:50:00.333 INFO  tests.TestBase - Login with valid data : email: innayrchenko77@gmail.com & password: AlisMaksim2!
22:50:00.333 INFO  manager.ListenerWD - Before find element --> By.cssSelector: a[href='/login']
22:50:00.378 INFO  manager.ListenerWD - After find element --> By.cssSelector: a[href='/login']
22:50:00.483 INFO  manager.ListenerWD - Before find element --> By.name: email
22:50:00.529 INFO  manager.ListenerWD - After find element --> By.name: email
22:50:00.762 INFO  manager.ListenerWD - Before find element --> By.name: password
22:50:00.807 INFO  manager.ListenerWD - After find element --> By.name: password
22:50:00.988 INFO  manager.ListenerWD - Before find element --> By.cssSelector: [name='login']
22:50:01.022 INFO  manager.ListenerWD - After find element --> By.cssSelector: [name='login']
22:50:01.074 INFO  manager.ListenerWD - Before find elements --> By.xpath: //button[text()='Sign Out']
22:50:02.498 INFO  manager.ListenerWD - After find elements --> By.xpath: //button[text()='Sign Out']
22:50:02.499 INFO  manager.ListenerWD - List suze is --> 1
22:50:02.504 INFO  tests.TestBase - Tests success
22:50:02.507 INFO  manager.ListenerTNG - OnTestSuccess loginSuccess
22:50:02.509 INFO  tests.TestBase - The name of starts method is ---->loginSuccess
22:50:02.510 INFO  manager.ListenerWD - Before find elements --> By.xpath: //button[text()='Sign Out']
22:50:02.540 INFO  manager.ListenerWD - After find elements --> By.xpath: //button[text()='Sign Out']
22:50:02.540 INFO  manager.ListenerWD - List suze is --> 1
22:50:02.540 INFO  manager.ListenerWD - Before find element --> By.xpath: //button[text()='Sign Out']
22:50:02.581 INFO  manager.ListenerWD - After find element --> By.xpath: //button[text()='Sign Out']
22:50:02.648 INFO  tests.TestBase - I need logout
22:50:02.649 INFO  manager.ListenerTNG - OnTestStart loginSuccess
22:50:02.650 INFO  tests.TestBase - Login with valid data : email: innayrchenko77@gmail.com & password: AlisMaksim2!
22:50:02.651 INFO  manager.ListenerWD - Before find element --> By.cssSelector: a[href='/login']
22:50:02.683 INFO  manager.ListenerWD - After find element --> By.cssSelector: a[href='/login']
22:50:02.748 INFO  manager.ListenerWD - Before find element --> By.name: email
22:50:02.783 INFO  manager.ListenerWD - After find element --> By.name: email
22:50:02.985 INFO  manager.ListenerWD - Before find element --> By.name: password
22:50:03.015 INFO  manager.ListenerWD - After find element --> By.name: password
22:50:03.235 INFO  manager.ListenerWD - Before find element --> By.cssSelector: [name='login']
22:50:03.262 INFO  manager.ListenerWD - After find element --> By.cssSelector: [name='login']
22:50:03.319 INFO  manager.ListenerWD - Before find elements --> By.xpath: //button[text()='Sign Out']
22:50:03.727 INFO  manager.ListenerWD - After find elements --> By.xpath: //button[text()='Sign Out']
22:50:03.728 INFO  manager.ListenerWD - List suze is --> 1
22:50:03.742 INFO  tests.TestBase - Tests success
22:50:03.743 INFO  manager.ListenerTNG - OnTestSuccess loginSuccess
22:50:03.745 INFO  tests.TestBase - The name of starts method is ---->loginSuccess
22:50:03.746 INFO  manager.ListenerWD - Before find elements --> By.xpath: //button[text()='Sign Out']
22:50:03.776 INFO  manager.ListenerWD - After find elements --> By.xpath: //button[text()='Sign Out']
22:50:03.777 INFO  manager.ListenerWD - List suze is --> 1
22:50:03.777 INFO  manager.ListenerWD - Before find element --> By.xpath: //button[text()='Sign Out']
22:50:03.804 INFO  manager.ListenerWD - After find element --> By.xpath: //button[text()='Sign Out']
22:50:03.858 INFO  tests.TestBase - I need logout
22:50:03.859 INFO  manager.ListenerTNG - OnTestStart loginSuccess
22:50:03.860 INFO  tests.TestBase - Login with valid data : email: innayrchenko77@gmail.com & password: AlisMaksim2!
22:50:03.861 INFO  manager.ListenerWD - Before find element --> By.cssSelector: a[href='/login']
22:50:03.890 INFO  manager.ListenerWD - After find element --> By.cssSelector: a[href='/login']
22:50:03.937 INFO  manager.ListenerWD - Before find element --> By.name: email
22:50:03.961 INFO  manager.ListenerWD - After find element --> By.name: email
22:50:04.186 INFO  manager.ListenerWD - Before find element --> By.name: password
22:50:04.214 INFO  manager.ListenerWD - After find element --> By.name: password
22:50:04.407 INFO  manager.ListenerWD - Before find element --> By.cssSelector: [name='login']
22:50:04.438 INFO  manager.ListenerWD - After find element --> By.cssSelector: [name='login']
22:50:04.495 INFO  manager.ListenerWD - Before find elements --> By.xpath: //button[text()='Sign Out']
22:50:04.964 INFO  manager.ListenerWD - After find elements --> By.xpath: //button[text()='Sign Out']
22:50:04.964 INFO  manager.ListenerWD - List suze is --> 1
22:50:04.965 INFO  tests.TestBase - Tests success
22:50:04.967 INFO  manager.ListenerTNG - OnTestSuccess loginSuccess
22:50:04.976 INFO  manager.ListenerTNG - onFinish Gradle test
