23:12:42.751 INFO  manager.ApplicationManager - All tests star in Chrome Browser
23:12:55.922 INFO  manager.ApplicationManager - Current Url -->https://telranedu.web.app/home
23:12:55.945 INFO  tests.TestBase - The name of starts method is ---->loginSuccess
23:12:55.947 INFO  manager.ListenerWD - Before find elements --> By.xpath: //button[text()='Sign Out']
23:13:00.976 INFO  manager.ListenerWD - After find elements --> By.xpath: //button[text()='Sign Out']
23:13:00.978 INFO  manager.ListenerWD - List suze is --> 0
23:13:00.979 INFO  manager.ListenerTNG - OnTestStart loginSuccess
23:13:00.989 INFO  tests.TestBase - Login with valid data : email: 'innayrchenko77@gmail.com' & password: AlisMaksim2!
23:13:00.990 INFO  manager.ListenerWD - Before find element --> By.cssSelector: a[href='/login']
23:13:01.010 INFO  manager.ListenerWD - After find element --> By.cssSelector: a[href='/login']
23:13:01.061 INFO  manager.ListenerWD - Before find element --> By.name: email
23:13:01.080 INFO  manager.ListenerWD - After find element --> By.name: email
23:13:01.188 INFO  manager.ListenerWD - Before find element --> By.name: password
23:13:01.208 INFO  manager.ListenerWD - After find element --> By.name: password
23:13:01.285 INFO  manager.ListenerWD - Before find element --> By.cssSelector: [name='login']
23:13:01.301 INFO  manager.ListenerWD - After find element --> By.cssSelector: [name='login']
23:13:01.325 INFO  manager.ListenerWD - Before find elements --> By.xpath: //button[text()='Sign Out']
23:13:02.347 INFO  manager.ListenerWD - After find elements --> By.xpath: //button[text()='Sign Out']
23:13:02.347 INFO  manager.ListenerWD - List suze is --> 1
23:13:02.348 INFO  tests.TestBase - Tests success
23:13:02.350 INFO  manager.ListenerTNG - OnTestSuccess loginSuccess
23:13:02.352 INFO  manager.ListenerTNG - onFinish Gradle test
