22:24:28.546 INFO  manager.ApplicationManager - All tests star in Chrome Browser
22:24:29.938 INFO  manager.ApplicationManager - Current Url -->https://telranedu.web.app/home
22:24:29.962 INFO  tests.TestBase - The name of starts method is ---->loginSuccess
22:24:29.964 INFO  manager.ListenerWD - Before find elements --> By.xpath: //button[text()='Sign Out']
22:24:35.008 INFO  manager.ListenerWD - After find elements --> By.xpath: //button[text()='Sign Out']
22:24:35.011 INFO  manager.ListenerWD - List suze is --> 0
22:24:35.012 INFO  tests.TestBase - Login with valid data : email: 'innayrchenko77@gmail.com' & password: AlisMaksim2!
22:24:35.013 INFO  manager.ListenerWD - Before find element --> By.cssSelector: a[href='/l']
22:24:40.069 INFO  manager.ListenerWD - 'Tests ends with error'
22:24:40.069 INFO  manager.ListenerWD - ============================
22:24:40.070 INFO  manager.ListenerWD - Method method findElement
22:24:40.070 INFO  manager.ListenerWD - ============================
22:24:40.070 INFO  manager.ListenerWD - ============================
22:24:40.071 INFO  manager.ListenerWD - InvocationTargetException getTargetException() org.openqa.selenium.NoSuchElementException: no such element: Unable to locate element: {"method":"css selector","selector":"a[href='/l']"}
  (Session info: chrome=109.0.5414.120)
For documentation on this error, please visit: https://selenium.dev/exceptions/#no_such_element
Build info: version: '4.7.1', revision: 'c6795baf1a3'
System info: os.name: 'Windows 11', os.arch: 'amd64', os.version: '10.0', java.version: '11.0.17'
Driver info: org.openqa.selenium.chrome.ChromeDriver
Command: [893d692babc9be11881b3d1b9c03f853, findElement {using=css selector, value=a[href='/l']}]
Capabilities {acceptInsecureCerts: false, browserName: chrome, browserVersion: 109.0.5414.120, chrome: {chromedriverVersion: 108.0.5359.71 (1e0e3868ee06..., userDataDir: C:\Users\Saibo\AppData\Loca...}, goog:chromeOptions: {debuggerAddress: localhost:50364}, networkConnectionEnabled: false, pageLoadStrategy: normal, platformName: WINDOWS, proxy: Proxy(), se:cdp: ws://localhost:50364/devtoo..., se:cdpVersion: 109.0.5414.120, setWindowRect: true, strictFileInteractability: false, timeouts: {implicit: 0, pageLoad: 300000, script: 30000}, unhandledPromptBehavior: dismiss and notify, webauthn:extension:credBlob: true, webauthn:extension:largeBlob: true, webauthn:virtualAuthenticators: true}
Session ID: 893d692babc9be11881b3d1b9c03f853
22:24:40.072 INFO  manager.ListenerWD - ============================
22:24:40.072 INFO  manager.ListenerWD - ============================
22:24:40.072 INFO  manager.ListenerWD - Object target ChromeDriver: chrome on WINDOWS (893d692babc9be11881b3d1b9c03f853)
22:24:40.072 INFO  manager.ListenerWD - ============================
22:24:40.075 INFO  manager.ListenerWD - Screen with error is ---> src/test/screenshots/screen - 1368.png
