23:37:53.574 INFO  manager.ApplicationManager - All tests star in Chrome Browser
23:37:55.362 INFO  manager.ApplicationManager - Current Url -->https://telranedu.web.app/home
23:37:55.441 INFO  tests.TestBase - The name of starts method is ---->addContactSuccess
23:37:55.444 INFO  manager.ListenerWD - Before find elements --> By.xpath: //button[text()='Sign Out']
23:38:00.465 INFO  manager.ListenerWD - After find elements --> By.xpath: //button[text()='Sign Out']
23:38:00.470 INFO  manager.ListenerWD - List suze is --> 0
23:38:00.473 INFO  manager.ListenerWD - Before find element --> By.cssSelector: a[href='/login']
23:38:00.550 INFO  manager.ListenerWD - After find element --> By.cssSelector: a[href='/login']
23:38:00.663 INFO  manager.ListenerWD - Before find element --> By.name: email
23:38:00.705 INFO  manager.ListenerWD - After find element --> By.name: email
23:38:00.948 INFO  manager.ListenerWD - Before find element --> By.name: password
23:38:00.988 INFO  manager.ListenerWD - After find element --> By.name: password
23:38:01.176 INFO  manager.ListenerWD - Before find element --> By.cssSelector: [name='login']
23:38:01.213 INFO  manager.ListenerWD - After find element --> By.cssSelector: [name='login']
23:38:01.322 INFO  manager.ListenerWD - Before find element --> By.cssSelector: a[href='/add']
23:38:02.550 INFO  manager.ListenerWD - After find element --> By.cssSelector: a[href='/add']
23:38:03.622 INFO  manager.ListenerWD - Before find element --> By.cssSelector: input[placeholder='Name']
23:38:03.663 INFO  manager.ListenerWD - After find element --> By.cssSelector: input[placeholder='Name']
23:38:03.861 INFO  manager.ListenerWD - Before find element --> By.cssSelector: input[placeholder='Last Name']
23:38:03.899 INFO  manager.ListenerWD - After find element --> By.cssSelector: input[placeholder='Last Name']
23:38:04.075 INFO  manager.ListenerWD - Before find element --> By.cssSelector: input[placeholder='Phone']
23:38:04.107 INFO  manager.ListenerWD - After find element --> By.cssSelector: input[placeholder='Phone']
23:38:04.284 INFO  manager.ListenerWD - Before find element --> By.cssSelector: input[placeholder='email']
23:38:04.317 INFO  manager.ListenerWD - After find element --> By.cssSelector: input[placeholder='email']
23:38:04.511 INFO  manager.ListenerWD - Before find element --> By.cssSelector: input[placeholder='Address']
23:38:04.545 INFO  manager.ListenerWD - After find element --> By.cssSelector: input[placeholder='Address']
23:38:04.710 INFO  manager.ListenerWD - Before find element --> By.cssSelector: input[placeholder='description']
23:38:04.749 INFO  manager.ListenerWD - After find element --> By.cssSelector: input[placeholder='description']
23:38:04.893 INFO  manager.ListenerWD - Before find element --> By.xpath: //b[text()='Save']
23:38:04.934 INFO  manager.ListenerWD - After find element --> By.xpath: //b[text()='Save']
23:38:05.990 INFO  manager.ListenerWD - Before find elements --> By.cssSelector: h2
23:38:06.688 INFO  manager.ListenerWD - After find elements --> By.cssSelector: h2
23:38:06.689 INFO  manager.ListenerWD - List suze is --> 77
23:38:08.430 INFO  manager.ListenerWD - Before find elements --> By.cssSelector: h3
23:38:09.124 INFO  manager.ListenerWD - After find elements --> By.cssSelector: h3
23:38:09.124 INFO  manager.ListenerWD - List suze is --> 77
23:38:11.170 INFO  manager.ListenerWD - Before find elements --> By.cssSelector: .contact-item_card__2SOIM
23:38:11.733 INFO  manager.ListenerWD - After find elements --> By.cssSelector: .contact-item_card__2SOIM
23:38:11.734 INFO  manager.ListenerWD - List suze is --> 77
23:38:11.818 INFO  manager.ListenerWD - Before find element --> By.cssSelector: .contact-item-detailed_card__50dTS
23:38:11.844 INFO  manager.ListenerWD - After find element --> By.cssSelector: .contact-item-detailed_card__50dTS
23:38:11.940 INFO  manager.ListenerWD - Before find element --> By.cssSelector: .contact-item-detailed_card__50dTS
23:38:11.959 INFO  manager.ListenerWD - After find element --> By.cssSelector: .contact-item-detailed_card__50dTS
23:38:12.025 INFO  manager.ListenerWD - Before find element --> By.cssSelector: .contact-item-detailed_card__50dTS
23:38:12.042 INFO  manager.ListenerWD - After find element --> By.cssSelector: .contact-item-detailed_card__50dTS
23:38:12.109 INFO  manager.ListenerWD - Before find element --> By.cssSelector: .contact-item-detailed_card__50dTS
23:38:12.128 INFO  manager.ListenerWD - After find element --> By.cssSelector: .contact-item-detailed_card__50dTS
23:38:12.202 INFO  manager.ListenerWD - Before find element --> By.cssSelector: .contact-item-detailed_card__50dTS
23:38:12.223 INFO  manager.ListenerWD - After find element --> By.cssSelector: .contact-item-detailed_card__50dTS
23:38:12.293 INFO  manager.ListenerWD - Before find element --> By.cssSelector: .contact-item-detailed_card__50dTS
23:38:12.315 INFO  manager.ListenerWD - After find element --> By.cssSelector: .contact-item-detailed_card__50dTS
23:38:12.388 INFO  manager.ListenerWD - Before find element --> By.cssSelector: .contact-item-detailed_card__50dTS
23:38:12.411 INFO  manager.ListenerWD - After find element --> By.cssSelector: .contact-item-detailed_card__50dTS
23:38:12.491 INFO  manager.ListenerWD - Before find element --> By.cssSelector: .contact-item-detailed_card__50dTS
23:38:12.513 INFO  manager.ListenerWD - After find element --> By.cssSelector: .contact-item-detailed_card__50dTS
23:38:12.592 INFO  manager.ListenerWD - Before find element --> By.cssSelector: .contact-item-detailed_card__50dTS
23:38:12.617 INFO  manager.ListenerWD - After find element --> By.cssSelector: .contact-item-detailed_card__50dTS
23:38:12.707 INFO  manager.ListenerWD - Before find element --> By.cssSelector: .contact-item-detailed_card__50dTS
23:38:12.731 INFO  manager.ListenerWD - After find element --> By.cssSelector: .contact-item-detailed_card__50dTS
23:38:12.808 INFO  manager.ListenerWD - Before find element --> By.cssSelector: .contact-item-detailed_card__50dTS
23:38:12.831 INFO  manager.ListenerWD - After find element --> By.cssSelector: .contact-item-detailed_card__50dTS
23:38:12.917 INFO  manager.ListenerWD - Before find element --> By.cssSelector: .contact-item-detailed_card__50dTS
23:38:12.937 INFO  manager.ListenerWD - After find element --> By.cssSelector: .contact-item-detailed_card__50dTS
23:38:13.012 INFO  manager.ListenerWD - Before find element --> By.cssSelector: .contact-item-detailed_card__50dTS
23:38:13.032 INFO  manager.ListenerWD - After find element --> By.cssSelector: .contact-item-detailed_card__50dTS
23:38:13.107 INFO  manager.ListenerWD - Before find element --> By.cssSelector: .contact-item-detailed_card__50dTS
23:38:13.125 INFO  manager.ListenerWD - After find element --> By.cssSelector: .contact-item-detailed_card__50dTS
23:38:13.203 INFO  manager.ListenerWD - Before find element --> By.cssSelector: .contact-item-detailed_card__50dTS
23:38:13.220 INFO  manager.ListenerWD - After find element --> By.cssSelector: .contact-item-detailed_card__50dTS
23:38:13.284 INFO  manager.ListenerWD - Before find element --> By.cssSelector: .contact-item-detailed_card__50dTS
23:38:13.304 INFO  manager.ListenerWD - After find element --> By.cssSelector: .contact-item-detailed_card__50dTS
23:38:13.375 INFO  manager.ListenerWD - Before find element --> By.cssSelector: .contact-item-detailed_card__50dTS
23:38:13.395 INFO  manager.ListenerWD - After find element --> By.cssSelector: .contact-item-detailed_card__50dTS
23:38:13.460 INFO  manager.ListenerWD - Before find element --> By.cssSelector: .contact-item-detailed_card__50dTS
23:38:13.481 INFO  manager.ListenerWD - After find element --> By.cssSelector: .contact-item-detailed_card__50dTS
23:38:13.550 INFO  manager.ListenerWD - Before find element --> By.cssSelector: .contact-item-detailed_card__50dTS
23:38:13.567 INFO  manager.ListenerWD - After find element --> By.cssSelector: .contact-item-detailed_card__50dTS
23:38:13.632 INFO  manager.ListenerWD - Before find element --> By.cssSelector: .contact-item-detailed_card__50dTS
23:38:13.650 INFO  manager.ListenerWD - After find element --> By.cssSelector: .contact-item-detailed_card__50dTS
23:38:13.717 INFO  manager.ListenerWD - Before find element --> By.cssSelector: .contact-item-detailed_card__50dTS
23:38:13.734 INFO  manager.ListenerWD - After find element --> By.cssSelector: .contact-item-detailed_card__50dTS
23:38:13.803 INFO  manager.ListenerWD - Before find element --> By.cssSelector: .contact-item-detailed_card__50dTS
23:38:13.823 INFO  manager.ListenerWD - After find element --> By.cssSelector: .contact-item-detailed_card__50dTS
23:38:13.891 INFO  manager.ListenerWD - Before find element --> By.cssSelector: .contact-item-detailed_card__50dTS
23:38:13.912 INFO  manager.ListenerWD - After find element --> By.cssSelector: .contact-item-detailed_card__50dTS
23:38:13.995 INFO  manager.ListenerWD - Before find element --> By.cssSelector: .contact-item-detailed_card__50dTS
23:38:14.023 INFO  manager.ListenerWD - After find element --> By.cssSelector: .contact-item-detailed_card__50dTS
23:38:14.125 INFO  manager.ListenerWD - Before find element --> By.cssSelector: .contact-item-detailed_card__50dTS
23:38:14.151 INFO  manager.ListenerWD - After find element --> By.cssSelector: .contact-item-detailed_card__50dTS
23:38:14.243 INFO  manager.ListenerWD - Before find element --> By.cssSelector: .contact-item-detailed_card__50dTS
23:38:14.262 INFO  manager.ListenerWD - After find element --> By.cssSelector: .contact-item-detailed_card__50dTS
23:38:14.328 INFO  manager.ListenerWD - Before find element --> By.cssSelector: .contact-item-detailed_card__50dTS
23:38:14.343 INFO  manager.ListenerWD - After find element --> By.cssSelector: .contact-item-detailed_card__50dTS
23:38:14.415 INFO  manager.ListenerWD - Before find element --> By.cssSelector: .contact-item-detailed_card__50dTS
23:38:14.434 INFO  manager.ListenerWD - After find element --> By.cssSelector: .contact-item-detailed_card__50dTS
23:38:14.504 INFO  manager.ListenerWD - Before find element --> By.cssSelector: .contact-item-detailed_card__50dTS
23:38:14.520 INFO  manager.ListenerWD - After find element --> By.cssSelector: .contact-item-detailed_card__50dTS
23:38:14.600 INFO  manager.ListenerWD - Before find element --> By.cssSelector: .contact-item-detailed_card__50dTS
23:38:14.620 INFO  manager.ListenerWD - After find element --> By.cssSelector: .contact-item-detailed_card__50dTS
23:38:14.682 INFO  manager.ListenerWD - Before find element --> By.cssSelector: .contact-item-detailed_card__50dTS
23:38:14.698 INFO  manager.ListenerWD - After find element --> By.cssSelector: .contact-item-detailed_card__50dTS
23:38:14.763 INFO  manager.ListenerWD - Before find element --> By.cssSelector: .contact-item-detailed_card__50dTS
23:38:14.782 INFO  manager.ListenerWD - After find element --> By.cssSelector: .contact-item-detailed_card__50dTS
23:38:14.848 INFO  manager.ListenerWD - Before find element --> By.cssSelector: .contact-item-detailed_card__50dTS
23:38:14.866 INFO  manager.ListenerWD - After find element --> By.cssSelector: .contact-item-detailed_card__50dTS
23:38:14.933 INFO  manager.ListenerWD - Before find element --> By.cssSelector: .contact-item-detailed_card__50dTS
23:38:14.949 INFO  manager.ListenerWD - After find element --> By.cssSelector: .contact-item-detailed_card__50dTS
23:38:15.017 INFO  manager.ListenerWD - Before find element --> By.cssSelector: .contact-item-detailed_card__50dTS
23:38:15.034 INFO  manager.ListenerWD - After find element --> By.cssSelector: .contact-item-detailed_card__50dTS
23:38:15.100 INFO  manager.ListenerWD - Before find element --> By.cssSelector: .contact-item-detailed_card__50dTS
23:38:15.119 INFO  manager.ListenerWD - After find element --> By.cssSelector: .contact-item-detailed_card__50dTS
23:38:15.189 INFO  manager.ListenerWD - Before find element --> By.cssSelector: .contact-item-detailed_card__50dTS
23:38:15.206 INFO  manager.ListenerWD - After find element --> By.cssSelector: .contact-item-detailed_card__50dTS
23:38:15.269 INFO  manager.ListenerWD - Before find element --> By.cssSelector: .contact-item-detailed_card__50dTS
23:38:15.286 INFO  manager.ListenerWD - After find element --> By.cssSelector: .contact-item-detailed_card__50dTS
23:38:15.348 INFO  manager.ListenerWD - Before find element --> By.cssSelector: .contact-item-detailed_card__50dTS
23:38:15.366 INFO  manager.ListenerWD - After find element --> By.cssSelector: .contact-item-detailed_card__50dTS
23:38:15.434 INFO  manager.ListenerWD - Before find element --> By.cssSelector: .contact-item-detailed_card__50dTS
23:38:15.450 INFO  manager.ListenerWD - After find element --> By.cssSelector: .contact-item-detailed_card__50dTS
23:38:15.523 INFO  manager.ListenerWD - Before find element --> By.cssSelector: .contact-item-detailed_card__50dTS
23:38:15.545 INFO  manager.ListenerWD - After find element --> By.cssSelector: .contact-item-detailed_card__50dTS
23:38:15.632 INFO  manager.ListenerWD - Before find element --> By.cssSelector: .contact-item-detailed_card__50dTS
23:38:15.656 INFO  manager.ListenerWD - After find element --> By.cssSelector: .contact-item-detailed_card__50dTS
23:38:15.738 INFO  manager.ListenerWD - Before find element --> By.cssSelector: .contact-item-detailed_card__50dTS
23:38:15.757 INFO  manager.ListenerWD - After find element --> By.cssSelector: .contact-item-detailed_card__50dTS
23:38:15.835 INFO  manager.ListenerWD - Before find element --> By.cssSelector: .contact-item-detailed_card__50dTS
23:38:15.854 INFO  manager.ListenerWD - After find element --> By.cssSelector: .contact-item-detailed_card__50dTS
23:38:15.928 INFO  manager.ListenerWD - Before find element --> By.cssSelector: .contact-item-detailed_card__50dTS
23:38:15.947 INFO  manager.ListenerWD - After find element --> By.cssSelector: .contact-item-detailed_card__50dTS
23:38:16.022 INFO  manager.ListenerWD - Before find element --> By.cssSelector: .contact-item-detailed_card__50dTS
23:38:16.040 INFO  manager.ListenerWD - After find element --> By.cssSelector: .contact-item-detailed_card__50dTS
23:38:16.107 INFO  manager.ListenerWD - Before find element --> By.cssSelector: .contact-item-detailed_card__50dTS
23:38:16.124 INFO  manager.ListenerWD - After find element --> By.cssSelector: .contact-item-detailed_card__50dTS
23:38:16.191 INFO  manager.ListenerWD - Before find element --> By.cssSelector: .contact-item-detailed_card__50dTS
23:38:16.211 INFO  manager.ListenerWD - After find element --> By.cssSelector: .contact-item-detailed_card__50dTS
23:38:16.286 INFO  manager.ListenerWD - Before find element --> By.cssSelector: .contact-item-detailed_card__50dTS
23:38:16.304 INFO  manager.ListenerWD - After find element --> By.cssSelector: .contact-item-detailed_card__50dTS
23:38:16.379 INFO  manager.ListenerWD - Before find element --> By.cssSelector: .contact-item-detailed_card__50dTS
23:38:16.398 INFO  manager.ListenerWD - After find element --> By.cssSelector: .contact-item-detailed_card__50dTS
23:38:16.463 INFO  manager.ListenerWD - Before find element --> By.cssSelector: .contact-item-detailed_card__50dTS
23:38:16.482 INFO  manager.ListenerWD - After find element --> By.cssSelector: .contact-item-detailed_card__50dTS
23:38:16.546 INFO  manager.ListenerWD - Before find element --> By.cssSelector: .contact-item-detailed_card__50dTS
23:38:16.564 INFO  manager.ListenerWD - After find element --> By.cssSelector: .contact-item-detailed_card__50dTS
23:38:16.627 INFO  manager.ListenerWD - Before find element --> By.cssSelector: .contact-item-detailed_card__50dTS
23:38:16.644 INFO  manager.ListenerWD - After find element --> By.cssSelector: .contact-item-detailed_card__50dTS
23:38:16.708 INFO  manager.ListenerWD - Before find element --> By.cssSelector: .contact-item-detailed_card__50dTS
23:38:16.727 INFO  manager.ListenerWD - After find element --> By.cssSelector: .contact-item-detailed_card__50dTS
23:38:16.803 INFO  manager.ListenerWD - Before find element --> By.cssSelector: .contact-item-detailed_card__50dTS
23:38:16.823 INFO  manager.ListenerWD - After find element --> By.cssSelector: .contact-item-detailed_card__50dTS
23:38:16.897 INFO  manager.ListenerWD - Before find element --> By.cssSelector: .contact-item-detailed_card__50dTS
23:38:16.914 INFO  manager.ListenerWD - After find element --> By.cssSelector: .contact-item-detailed_card__50dTS
23:38:16.977 INFO  manager.ListenerWD - Before find element --> By.cssSelector: .contact-item-detailed_card__50dTS
23:38:16.992 INFO  manager.ListenerWD - After find element --> By.cssSelector: .contact-item-detailed_card__50dTS
23:38:17.063 INFO  manager.ListenerWD - Before find element --> By.cssSelector: .contact-item-detailed_card__50dTS
23:38:17.080 INFO  manager.ListenerWD - After find element --> By.cssSelector: .contact-item-detailed_card__50dTS
23:38:17.143 INFO  manager.ListenerWD - Before find element --> By.cssSelector: .contact-item-detailed_card__50dTS
23:38:17.161 INFO  manager.ListenerWD - After find element --> By.cssSelector: .contact-item-detailed_card__50dTS
23:38:17.249 INFO  manager.ListenerWD - Before find element --> By.cssSelector: .contact-item-detailed_card__50dTS
23:38:17.268 INFO  manager.ListenerWD - After find element --> By.cssSelector: .contact-item-detailed_card__50dTS
23:38:17.333 INFO  manager.ListenerWD - Before find element --> By.cssSelector: .contact-item-detailed_card__50dTS
23:38:17.349 INFO  manager.ListenerWD - After find element --> By.cssSelector: .contact-item-detailed_card__50dTS
23:38:17.415 INFO  manager.ListenerWD - Before find element --> By.cssSelector: .contact-item-detailed_card__50dTS
23:38:17.431 INFO  manager.ListenerWD - After find element --> By.cssSelector: .contact-item-detailed_card__50dTS
23:38:17.498 INFO  manager.ListenerWD - Before find element --> By.cssSelector: .contact-item-detailed_card__50dTS
23:38:17.514 INFO  manager.ListenerWD - After find element --> By.cssSelector: .contact-item-detailed_card__50dTS
23:38:17.581 INFO  manager.ListenerWD - Before find element --> By.cssSelector: .contact-item-detailed_card__50dTS
23:38:17.597 INFO  manager.ListenerWD - After find element --> By.cssSelector: .contact-item-detailed_card__50dTS
23:38:17.659 INFO  manager.ListenerWD - Before find element --> By.cssSelector: .contact-item-detailed_card__50dTS
23:38:17.678 INFO  manager.ListenerWD - After find element --> By.cssSelector: .contact-item-detailed_card__50dTS
23:38:17.744 INFO  manager.ListenerWD - Before find element --> By.cssSelector: .contact-item-detailed_card__50dTS
23:38:17.761 INFO  manager.ListenerWD - After find element --> By.cssSelector: .contact-item-detailed_card__50dTS
23:38:17.834 INFO  manager.ListenerWD - Before find element --> By.cssSelector: .contact-item-detailed_card__50dTS
23:38:17.852 INFO  manager.ListenerWD - After find element --> By.cssSelector: .contact-item-detailed_card__50dTS
23:38:17.928 INFO  manager.ListenerWD - Before find element --> By.cssSelector: .contact-item-detailed_card__50dTS
23:38:17.947 INFO  manager.ListenerWD - After find element --> By.cssSelector: .contact-item-detailed_card__50dTS
23:38:18.023 INFO  manager.ListenerWD - Before find element --> By.cssSelector: .contact-item-detailed_card__50dTS
23:38:18.044 INFO  manager.ListenerWD - After find element --> By.cssSelector: .contact-item-detailed_card__50dTS
23:38:18.123 INFO  manager.ListenerWD - Before find element --> By.cssSelector: .contact-item-detailed_card__50dTS
23:38:18.141 INFO  manager.ListenerWD - After find element --> By.cssSelector: .contact-item-detailed_card__50dTS
23:38:18.216 INFO  manager.ListenerWD - Before find element --> By.cssSelector: .contact-item-detailed_card__50dTS
23:38:18.235 INFO  manager.ListenerWD - After find element --> By.cssSelector: .contact-item-detailed_card__50dTS
23:38:18.308 INFO  manager.ListenerWD - Before find element --> By.cssSelector: .contact-item-detailed_card__50dTS
23:38:18.323 INFO  manager.ListenerWD - After find element --> By.cssSelector: .contact-item-detailed_card__50dTS
23:38:18.392 INFO  manager.ListenerWD - Before find element --> By.cssSelector: .contact-item-detailed_card__50dTS
23:38:18.408 INFO  manager.ListenerWD - After find element --> By.cssSelector: .contact-item-detailed_card__50dTS
23:38:18.478 INFO  manager.ListenerWD - Before find element --> By.cssSelector: .contact-item-detailed_card__50dTS
23:38:18.494 INFO  manager.ListenerWD - After find element --> By.cssSelector: .contact-item-detailed_card__50dTS
23:38:18.561 INFO  manager.ListenerWD - Before find element --> By.cssSelector: .contact-item-detailed_card__50dTS
23:38:18.577 INFO  manager.ListenerWD - After find element --> By.cssSelector: .contact-item-detailed_card__50dTS
23:38:18.648 INFO  manager.ListenerWD - Before find element --> By.cssSelector: .contact-item-detailed_card__50dTS
23:38:18.664 INFO  manager.ListenerWD - After find element --> By.cssSelector: .contact-item-detailed_card__50dTS
23:38:18.725 INFO  manager.ListenerWD - Before find element --> By.cssSelector: .contact-item-detailed_card__50dTS
23:38:18.744 INFO  manager.ListenerWD - After find element --> By.cssSelector: .contact-item-detailed_card__50dTS
23:38:18.765 INFO  tests.TestBase - The name of starts method is ---->addContactSuccessRequiredFields
23:38:18.766 INFO  manager.ListenerWD - Before find elements --> By.xpath: //button[text()='Sign Out']
23:38:18.782 INFO  manager.ListenerWD - After find elements --> By.xpath: //button[text()='Sign Out']
23:38:18.782 INFO  manager.ListenerWD - List suze is --> 1
23:38:18.783 INFO  manager.ListenerWD - Before find element --> By.cssSelector: a[href='/add']
23:38:18.798 INFO  manager.ListenerWD - After find element --> By.cssSelector: a[href='/add']
23:38:19.854 INFO  manager.ListenerWD - Before find element --> By.cssSelector: input[placeholder='Name']
23:38:19.871 INFO  manager.ListenerWD - After find element --> By.cssSelector: input[placeholder='Name']
23:38:20.072 INFO  manager.ListenerWD - Before find element --> By.cssSelector: input[placeholder='Last Name']
23:38:20.088 INFO  manager.ListenerWD - After find element --> By.cssSelector: input[placeholder='Last Name']
23:38:20.257 INFO  manager.ListenerWD - Before find element --> By.cssSelector: input[placeholder='Phone']
23:38:20.274 INFO  manager.ListenerWD - After find element --> By.cssSelector: input[placeholder='Phone']
23:38:20.473 INFO  manager.ListenerWD - Before find element --> By.cssSelector: input[placeholder='email']
23:38:20.486 INFO  manager.ListenerWD - After find element --> By.cssSelector: input[placeholder='email']
23:38:20.646 INFO  manager.ListenerWD - Before find element --> By.cssSelector: input[placeholder='Address']
23:38:20.660 INFO  manager.ListenerWD - After find element --> By.cssSelector: input[placeholder='Address']
23:38:20.805 INFO  manager.ListenerWD - Before find element --> By.cssSelector: input[placeholder='description']
23:38:20.819 INFO  manager.ListenerWD - After find element --> By.cssSelector: input[placeholder='description']
23:38:20.942 INFO  manager.ListenerWD - Before find element --> By.xpath: //b[text()='Save']
23:38:20.960 INFO  manager.ListenerWD - After find element --> By.xpath: //b[text()='Save']
23:38:22.022 INFO  manager.ListenerWD - Before find elements --> By.cssSelector: h2
23:38:22.408 INFO  manager.ListenerWD - After find elements --> By.cssSelector: h2
23:38:22.408 INFO  manager.ListenerWD - List suze is --> 78
23:38:24.157 INFO  manager.ListenerWD - Before find elements --> By.cssSelector: h3
23:38:24.524 INFO  manager.ListenerWD - After find elements --> By.cssSelector: h3
23:38:24.524 INFO  manager.ListenerWD - List suze is --> 78
23:38:26.336 INFO  manager.ListenerWD - Before find elements --> By.cssSelector: .contact-item_card__2SOIM
23:38:26.619 INFO  manager.ListenerWD - After find elements --> By.cssSelector: .contact-item_card__2SOIM
23:38:26.619 INFO  manager.ListenerWD - List suze is --> 78
23:38:26.676 INFO  manager.ListenerWD - Before find element --> By.cssSelector: .contact-item-detailed_card__50dTS
23:38:26.695 INFO  manager.ListenerWD - After find element --> By.cssSelector: .contact-item-detailed_card__50dTS
23:38:26.808 INFO  manager.ListenerWD - Before find element --> By.cssSelector: .contact-item-detailed_card__50dTS
23:38:26.824 INFO  manager.ListenerWD - After find element --> By.cssSelector: .contact-item-detailed_card__50dTS
23:38:26.903 INFO  manager.ListenerWD - Before find element --> By.cssSelector: .contact-item-detailed_card__50dTS
23:38:26.924 INFO  manager.ListenerWD - After find element --> By.cssSelector: .contact-item-detailed_card__50dTS
23:38:27.007 INFO  manager.ListenerWD - Before find element --> By.cssSelector: .contact-item-detailed_card__50dTS
23:38:27.024 INFO  manager.ListenerWD - After find element --> By.cssSelector: .contact-item-detailed_card__50dTS
23:38:27.098 INFO  manager.ListenerWD - Before find element --> By.cssSelector: .contact-item-detailed_card__50dTS
23:38:27.118 INFO  manager.ListenerWD - After find element --> By.cssSelector: .contact-item-detailed_card__50dTS
23:38:27.193 INFO  manager.ListenerWD - Before find element --> By.cssSelector: .contact-item-detailed_card__50dTS
23:38:27.214 INFO  manager.ListenerWD - After find element --> By.cssSelector: .contact-item-detailed_card__50dTS
23:38:27.294 INFO  manager.ListenerWD - Before find element --> By.cssSelector: .contact-item-detailed_card__50dTS
23:38:27.311 INFO  manager.ListenerWD - After find element --> By.cssSelector: .contact-item-detailed_card__50dTS
23:38:27.382 INFO  manager.ListenerWD - Before find element --> By.cssSelector: .contact-item-detailed_card__50dTS
23:38:27.399 INFO  manager.ListenerWD - After find element --> By.cssSelector: .contact-item-detailed_card__50dTS
23:38:27.469 INFO  manager.ListenerWD - Before find element --> By.cssSelector: .contact-item-detailed_card__50dTS
23:38:27.487 INFO  manager.ListenerWD - After find element --> By.cssSelector: .contact-item-detailed_card__50dTS
23:38:27.564 INFO  manager.ListenerWD - Before find element --> By.cssSelector: .contact-item-detailed_card__50dTS
23:38:27.580 INFO  manager.ListenerWD - After find element --> By.cssSelector: .contact-item-detailed_card__50dTS
23:38:27.656 INFO  manager.ListenerWD - Before find element --> By.cssSelector: .contact-item-detailed_card__50dTS
23:38:27.672 INFO  manager.ListenerWD - After find element --> By.cssSelector: .contact-item-detailed_card__50dTS
23:38:27.741 INFO  manager.ListenerWD - Before find element --> By.cssSelector: .contact-item-detailed_card__50dTS
23:38:27.756 INFO  manager.ListenerWD - After find element --> By.cssSelector: .contact-item-detailed_card__50dTS
23:38:27.831 INFO  manager.ListenerWD - Before find element --> By.cssSelector: .contact-item-detailed_card__50dTS
23:38:27.848 INFO  manager.ListenerWD - After find element --> By.cssSelector: .contact-item-detailed_card__50dTS
23:38:27.927 INFO  manager.ListenerWD - Before find element --> By.cssSelector: .contact-item-detailed_card__50dTS
23:38:27.949 INFO  manager.ListenerWD - After find element --> By.cssSelector: .contact-item-detailed_card__50dTS
23:38:28.019 INFO  manager.ListenerWD - Before find element --> By.cssSelector: .contact-item-detailed_card__50dTS
23:38:28.037 INFO  manager.ListenerWD - After find element --> By.cssSelector: .contact-item-detailed_card__50dTS
23:38:28.109 INFO  manager.ListenerWD - Before find element --> By.cssSelector: .contact-item-detailed_card__50dTS
23:38:28.128 INFO  manager.ListenerWD - After find element --> By.cssSelector: .contact-item-detailed_card__50dTS
23:38:28.204 INFO  manager.ListenerWD - Before find element --> By.cssSelector: .contact-item-detailed_card__50dTS
23:38:28.220 INFO  manager.ListenerWD - After find element --> By.cssSelector: .contact-item-detailed_card__50dTS
23:38:28.296 INFO  manager.ListenerWD - Before find element --> By.cssSelector: .contact-item-detailed_card__50dTS
23:38:28.312 INFO  manager.ListenerWD - After find element --> By.cssSelector: .contact-item-detailed_card__50dTS
23:38:28.388 INFO  manager.ListenerWD - Before find element --> By.cssSelector: .contact-item-detailed_card__50dTS
23:38:28.405 INFO  manager.ListenerWD - After find element --> By.cssSelector: .contact-item-detailed_card__50dTS
23:38:28.473 INFO  manager.ListenerWD - Before find element --> By.cssSelector: .contact-item-detailed_card__50dTS
23:38:28.491 INFO  manager.ListenerWD - After find element --> By.cssSelector: .contact-item-detailed_card__50dTS
23:38:28.564 INFO  manager.ListenerWD - Before find element --> By.cssSelector: .contact-item-detailed_card__50dTS
23:38:28.580 INFO  manager.ListenerWD - After find element --> By.cssSelector: .contact-item-detailed_card__50dTS
23:38:28.655 INFO  manager.ListenerWD - Before find element --> By.cssSelector: .contact-item-detailed_card__50dTS
23:38:28.671 INFO  manager.ListenerWD - After find element --> By.cssSelector: .contact-item-detailed_card__50dTS
23:38:28.751 INFO  manager.ListenerWD - Before find element --> By.cssSelector: .contact-item-detailed_card__50dTS
23:38:28.775 INFO  manager.ListenerWD - After find element --> By.cssSelector: .contact-item-detailed_card__50dTS
23:38:28.859 INFO  manager.ListenerWD - Before find element --> By.cssSelector: .contact-item-detailed_card__50dTS
23:38:28.877 INFO  manager.ListenerWD - After find element --> By.cssSelector: .contact-item-detailed_card__50dTS
23:38:28.955 INFO  manager.ListenerWD - Before find element --> By.cssSelector: .contact-item-detailed_card__50dTS
23:38:28.975 INFO  manager.ListenerWD - After find element --> By.cssSelector: .contact-item-detailed_card__50dTS
23:38:29.053 INFO  manager.ListenerWD - Before find element --> By.cssSelector: .contact-item-detailed_card__50dTS
23:38:29.071 INFO  manager.ListenerWD - After find element --> By.cssSelector: .contact-item-detailed_card__50dTS
23:38:29.148 INFO  manager.ListenerWD - Before find element --> By.cssSelector: .contact-item-detailed_card__50dTS
23:38:29.165 INFO  manager.ListenerWD - After find element --> By.cssSelector: .contact-item-detailed_card__50dTS
23:38:29.246 INFO  manager.ListenerWD - Before find element --> By.cssSelector: .contact-item-detailed_card__50dTS
23:38:29.263 INFO  manager.ListenerWD - After find element --> By.cssSelector: .contact-item-detailed_card__50dTS
23:38:29.340 INFO  manager.ListenerWD - Before find element --> By.cssSelector: .contact-item-detailed_card__50dTS
23:38:29.359 INFO  manager.ListenerWD - After find element --> By.cssSelector: .contact-item-detailed_card__50dTS
23:38:29.447 INFO  manager.ListenerWD - Before find element --> By.cssSelector: .contact-item-detailed_card__50dTS
23:38:29.464 INFO  manager.ListenerWD - After find element --> By.cssSelector: .contact-item-detailed_card__50dTS
23:38:29.534 INFO  manager.ListenerWD - Before find element --> By.cssSelector: .contact-item-detailed_card__50dTS
23:38:29.550 INFO  manager.ListenerWD - After find element --> By.cssSelector: .contact-item-detailed_card__50dTS
23:38:29.627 INFO  manager.ListenerWD - Before find element --> By.cssSelector: .contact-item-detailed_card__50dTS
23:38:29.646 INFO  manager.ListenerWD - After find element --> By.cssSelector: .contact-item-detailed_card__50dTS
23:38:29.717 INFO  manager.ListenerWD - Before find element --> By.cssSelector: .contact-item-detailed_card__50dTS
23:38:29.735 INFO  manager.ListenerWD - After find element --> By.cssSelector: .contact-item-detailed_card__50dTS
23:38:29.802 INFO  manager.ListenerWD - Before find element --> By.cssSelector: .contact-item-detailed_card__50dTS
23:38:29.817 INFO  manager.ListenerWD - After find element --> By.cssSelector: .contact-item-detailed_card__50dTS
23:38:29.888 INFO  manager.ListenerWD - Before find element --> By.cssSelector: .contact-item-detailed_card__50dTS
23:38:29.907 INFO  manager.ListenerWD - After find element --> By.cssSelector: .contact-item-detailed_card__50dTS
23:38:29.982 INFO  manager.ListenerWD - Before find element --> By.cssSelector: .contact-item-detailed_card__50dTS
23:38:30.003 INFO  manager.ListenerWD - After find element --> By.cssSelector: .contact-item-detailed_card__50dTS
23:38:30.086 INFO  manager.ListenerWD - Before find element --> By.cssSelector: .contact-item-detailed_card__50dTS
23:38:30.104 INFO  manager.ListenerWD - After find element --> By.cssSelector: .contact-item-detailed_card__50dTS
23:38:30.190 INFO  manager.ListenerWD - Before find element --> By.cssSelector: .contact-item-detailed_card__50dTS
23:38:30.208 INFO  manager.ListenerWD - After find element --> By.cssSelector: .contact-item-detailed_card__50dTS
23:38:30.304 INFO  manager.ListenerWD - Before find element --> By.cssSelector: .contact-item-detailed_card__50dTS
23:38:30.323 INFO  manager.ListenerWD - After find element --> By.cssSelector: .contact-item-detailed_card__50dTS
23:38:30.402 INFO  manager.ListenerWD - Before find element --> By.cssSelector: .contact-item-detailed_card__50dTS
23:38:30.419 INFO  manager.ListenerWD - After find element --> By.cssSelector: .contact-item-detailed_card__50dTS
23:38:30.501 INFO  manager.ListenerWD - Before find element --> By.cssSelector: .contact-item-detailed_card__50dTS
23:38:30.520 INFO  manager.ListenerWD - After find element --> By.cssSelector: .contact-item-detailed_card__50dTS
23:38:30.594 INFO  manager.ListenerWD - Before find element --> By.cssSelector: .contact-item-detailed_card__50dTS
23:38:30.613 INFO  manager.ListenerWD - After find element --> By.cssSelector: .contact-item-detailed_card__50dTS
23:38:30.685 INFO  manager.ListenerWD - Before find element --> By.cssSelector: .contact-item-detailed_card__50dTS
23:38:30.701 INFO  manager.ListenerWD - After find element --> By.cssSelector: .contact-item-detailed_card__50dTS
23:38:30.773 INFO  manager.ListenerWD - Before find element --> By.cssSelector: .contact-item-detailed_card__50dTS
23:38:30.790 INFO  manager.ListenerWD - After find element --> By.cssSelector: .contact-item-detailed_card__50dTS
23:38:30.892 INFO  manager.ListenerWD - Before find element --> By.cssSelector: .contact-item-detailed_card__50dTS
23:38:30.910 INFO  manager.ListenerWD - After find element --> By.cssSelector: .contact-item-detailed_card__50dTS
23:38:30.973 INFO  manager.ListenerWD - Before find element --> By.cssSelector: .contact-item-detailed_card__50dTS
23:38:30.988 INFO  manager.ListenerWD - After find element --> By.cssSelector: .contact-item-detailed_card__50dTS
23:38:31.060 INFO  manager.ListenerWD - Before find element --> By.cssSelector: .contact-item-detailed_card__50dTS
23:38:31.075 INFO  manager.ListenerWD - After find element --> By.cssSelector: .contact-item-detailed_card__50dTS
23:38:31.161 INFO  manager.ListenerWD - Before find element --> By.cssSelector: .contact-item-detailed_card__50dTS
23:38:31.193 INFO  manager.ListenerWD - After find element --> By.cssSelector: .contact-item-detailed_card__50dTS
23:38:31.263 INFO  manager.ListenerWD - Before find element --> By.cssSelector: .contact-item-detailed_card__50dTS
23:38:31.281 INFO  manager.ListenerWD - After find element --> By.cssSelector: .contact-item-detailed_card__50dTS
23:38:31.359 INFO  manager.ListenerWD - Before find element --> By.cssSelector: .contact-item-detailed_card__50dTS
23:38:31.378 INFO  manager.ListenerWD - After find element --> By.cssSelector: .contact-item-detailed_card__50dTS
23:38:31.476 INFO  manager.ListenerWD - Before find element --> By.cssSelector: .contact-item-detailed_card__50dTS
23:38:31.496 INFO  manager.ListenerWD - After find element --> By.cssSelector: .contact-item-detailed_card__50dTS
23:38:31.589 INFO  manager.ListenerWD - Before find element --> By.cssSelector: .contact-item-detailed_card__50dTS
23:38:31.610 INFO  manager.ListenerWD - After find element --> By.cssSelector: .contact-item-detailed_card__50dTS
23:38:31.701 INFO  manager.ListenerWD - Before find element --> By.cssSelector: .contact-item-detailed_card__50dTS
23:38:31.721 INFO  manager.ListenerWD - After find element --> By.cssSelector: .contact-item-detailed_card__50dTS
23:38:31.805 INFO  manager.ListenerWD - Before find element --> By.cssSelector: .contact-item-detailed_card__50dTS
23:38:31.824 INFO  manager.ListenerWD - After find element --> By.cssSelector: .contact-item-detailed_card__50dTS
23:38:31.904 INFO  manager.ListenerWD - Before find element --> By.cssSelector: .contact-item-detailed_card__50dTS
23:38:31.918 INFO  manager.ListenerWD - After find element --> By.cssSelector: .contact-item-detailed_card__50dTS
23:38:31.985 INFO  manager.ListenerWD - Before find element --> By.cssSelector: .contact-item-detailed_card__50dTS
23:38:32.000 INFO  manager.ListenerWD - After find element --> By.cssSelector: .contact-item-detailed_card__50dTS
23:38:32.071 INFO  manager.ListenerWD - Before find element --> By.cssSelector: .contact-item-detailed_card__50dTS
23:38:32.087 INFO  manager.ListenerWD - After find element --> By.cssSelector: .contact-item-detailed_card__50dTS
23:38:32.184 INFO  manager.ListenerWD - Before find element --> By.cssSelector: .contact-item-detailed_card__50dTS
23:38:32.199 INFO  manager.ListenerWD - After find element --> By.cssSelector: .contact-item-detailed_card__50dTS
23:38:32.273 INFO  manager.ListenerWD - Before find element --> By.cssSelector: .contact-item-detailed_card__50dTS
23:38:32.289 INFO  manager.ListenerWD - After find element --> By.cssSelector: .contact-item-detailed_card__50dTS
23:38:32.360 INFO  manager.ListenerWD - Before find element --> By.cssSelector: .contact-item-detailed_card__50dTS
23:38:32.375 INFO  manager.ListenerWD - After find element --> By.cssSelector: .contact-item-detailed_card__50dTS
23:38:32.446 INFO  manager.ListenerWD - Before find element --> By.cssSelector: .contact-item-detailed_card__50dTS
23:38:32.465 INFO  manager.ListenerWD - After find element --> By.cssSelector: .contact-item-detailed_card__50dTS
23:38:32.549 INFO  manager.ListenerWD - Before find element --> By.cssSelector: .contact-item-detailed_card__50dTS
23:38:32.568 INFO  manager.ListenerWD - After find element --> By.cssSelector: .contact-item-detailed_card__50dTS
23:38:32.650 INFO  manager.ListenerWD - Before find element --> By.cssSelector: .contact-item-detailed_card__50dTS
23:38:32.671 INFO  manager.ListenerWD - After find element --> By.cssSelector: .contact-item-detailed_card__50dTS
23:38:32.758 INFO  manager.ListenerWD - Before find element --> By.cssSelector: .contact-item-detailed_card__50dTS
23:38:32.775 INFO  manager.ListenerWD - After find element --> By.cssSelector: .contact-item-detailed_card__50dTS
23:38:32.850 INFO  manager.ListenerWD - Before find element --> By.cssSelector: .contact-item-detailed_card__50dTS
23:38:32.865 INFO  manager.ListenerWD - After find element --> By.cssSelector: .contact-item-detailed_card__50dTS
23:38:32.942 INFO  manager.ListenerWD - Before find element --> By.cssSelector: .contact-item-detailed_card__50dTS
23:38:32.958 INFO  manager.ListenerWD - After find element --> By.cssSelector: .contact-item-detailed_card__50dTS
23:38:33.029 INFO  manager.ListenerWD - Before find element --> By.cssSelector: .contact-item-detailed_card__50dTS
23:38:33.045 INFO  manager.ListenerWD - After find element --> By.cssSelector: .contact-item-detailed_card__50dTS
23:38:33.119 INFO  manager.ListenerWD - Before find element --> By.cssSelector: .contact-item-detailed_card__50dTS
23:38:33.133 INFO  manager.ListenerWD - After find element --> By.cssSelector: .contact-item-detailed_card__50dTS
23:38:33.207 INFO  manager.ListenerWD - Before find element --> By.cssSelector: .contact-item-detailed_card__50dTS
23:38:33.224 INFO  manager.ListenerWD - After find element --> By.cssSelector: .contact-item-detailed_card__50dTS
23:38:33.302 INFO  manager.ListenerWD - Before find element --> By.cssSelector: .contact-item-detailed_card__50dTS
23:38:33.323 INFO  manager.ListenerWD - After find element --> By.cssSelector: .contact-item-detailed_card__50dTS
23:38:33.408 INFO  manager.ListenerWD - Before find element --> By.cssSelector: .contact-item-detailed_card__50dTS
23:38:33.426 INFO  manager.ListenerWD - After find element --> By.cssSelector: .contact-item-detailed_card__50dTS
23:38:33.542 INFO  manager.ListenerWD - Before find element --> By.cssSelector: .contact-item-detailed_card__50dTS
23:38:33.559 INFO  manager.ListenerWD - After find element --> By.cssSelector: .contact-item-detailed_card__50dTS
23:38:33.640 INFO  manager.ListenerWD - Before find element --> By.cssSelector: .contact-item-detailed_card__50dTS
23:38:33.658 INFO  manager.ListenerWD - After find element --> By.cssSelector: .contact-item-detailed_card__50dTS
23:38:33.745 INFO  manager.ListenerWD - Before find element --> By.cssSelector: .contact-item-detailed_card__50dTS
23:38:33.762 INFO  manager.ListenerWD - After find element --> By.cssSelector: .contact-item-detailed_card__50dTS
23:38:33.836 INFO  manager.ListenerWD - Before find element --> By.cssSelector: .contact-item-detailed_card__50dTS
23:38:33.852 INFO  manager.ListenerWD - After find element --> By.cssSelector: .contact-item-detailed_card__50dTS
23:38:33.923 INFO  manager.ListenerWD - Before find element --> By.cssSelector: .contact-item-detailed_card__50dTS
23:38:33.939 INFO  manager.ListenerWD - After find element --> By.cssSelector: .contact-item-detailed_card__50dTS
23:38:34.014 INFO  manager.ListenerWD - Before find element --> By.cssSelector: .contact-item-detailed_card__50dTS
23:38:34.030 INFO  manager.ListenerWD - After find element --> By.cssSelector: .contact-item-detailed_card__50dTS
23:38:34.102 INFO  manager.ListenerWD - Before find element --> By.cssSelector: .contact-item-detailed_card__50dTS
23:38:34.119 INFO  manager.ListenerWD - After find element --> By.cssSelector: .contact-item-detailed_card__50dTS
23:38:34.134 INFO  tests.TestBase - Tests start with data : Contact(name=Marina1535, lastName=Zara, email=Zara1535@gmail.com, address=Haifa, phone=22222221535, description=null)
23:38:34.136 INFO  tests.TestBase - The name of starts method is ---->addNewContactWrongAddress
23:38:34.136 INFO  manager.ListenerWD - Before find elements --> By.xpath: //button[text()='Sign Out']
23:38:34.154 INFO  manager.ListenerWD - After find elements --> By.xpath: //button[text()='Sign Out']
23:38:34.154 INFO  manager.ListenerWD - List suze is --> 1
23:38:34.155 INFO  manager.ListenerWD - Before find element --> By.cssSelector: a[href='/add']
23:38:34.172 INFO  manager.ListenerWD - After find element --> By.cssSelector: a[href='/add']
23:38:35.229 INFO  manager.ListenerWD - Before find element --> By.cssSelector: input[placeholder='Name']
23:38:35.245 INFO  manager.ListenerWD - After find element --> By.cssSelector: input[placeholder='Name']
23:38:35.413 INFO  manager.ListenerWD - Before find element --> By.cssSelector: input[placeholder='Last Name']
23:38:35.429 INFO  manager.ListenerWD - After find element --> By.cssSelector: input[placeholder='Last Name']
23:38:35.587 INFO  manager.ListenerWD - Before find element --> By.cssSelector: input[placeholder='Phone']
23:38:35.601 INFO  manager.ListenerWD - After find element --> By.cssSelector: input[placeholder='Phone']
23:38:35.768 INFO  manager.ListenerWD - Before find element --> By.cssSelector: input[placeholder='email']
23:38:35.783 INFO  manager.ListenerWD - After find element --> By.cssSelector: input[placeholder='email']
23:38:35.945 INFO  manager.ListenerWD - Before find element --> By.cssSelector: input[placeholder='Address']
23:38:35.959 INFO  manager.ListenerWD - After find element --> By.cssSelector: input[placeholder='Address']
23:38:36.106 INFO  manager.ListenerWD - Before find element --> By.cssSelector: input[placeholder='description']
23:38:36.119 INFO  manager.ListenerWD - After find element --> By.cssSelector: input[placeholder='description']
23:38:36.274 INFO  manager.ListenerWD - Before find element --> By.xpath: //b[text()='Save']
23:38:36.289 INFO  manager.ListenerWD - After find element --> By.xpath: //b[text()='Save']
23:38:37.348 INFO  manager.ListenerWD - Before find elements --> By.cssSelector: a.active[href='/add']
23:38:37.389 INFO  manager.ListenerWD - After find elements --> By.cssSelector: a.active[href='/add']
23:38:37.389 INFO  manager.ListenerWD - List suze is --> 1
23:38:37.391 INFO  tests.TestBase - The name of starts method is ---->addNewContactWrongEmail
23:38:37.392 INFO  manager.ListenerWD - Before find elements --> By.xpath: //button[text()='Sign Out']
23:38:37.410 INFO  manager.ListenerWD - After find elements --> By.xpath: //button[text()='Sign Out']
23:38:37.410 INFO  manager.ListenerWD - List suze is --> 1
23:38:37.411 INFO  manager.ListenerWD - Before find element --> By.cssSelector: a[href='/add']
23:38:37.433 INFO  manager.ListenerWD - After find element --> By.cssSelector: a[href='/add']
23:38:38.498 INFO  manager.ListenerWD - Before find element --> By.cssSelector: input[placeholder='Name']
23:38:38.530 INFO  manager.ListenerWD - After find element --> By.cssSelector: input[placeholder='Name']
23:38:38.672 INFO  manager.ListenerWD - Before find element --> By.cssSelector: input[placeholder='Last Name']
23:38:38.687 INFO  manager.ListenerWD - After find element --> By.cssSelector: input[placeholder='Last Name']
23:38:38.829 INFO  manager.ListenerWD - Before find element --> By.cssSelector: input[placeholder='Phone']
23:38:38.844 INFO  manager.ListenerWD - After find element --> By.cssSelector: input[placeholder='Phone']
23:38:38.992 INFO  manager.ListenerWD - Before find element --> By.cssSelector: input[placeholder='email']
23:38:39.006 INFO  manager.ListenerWD - After find element --> By.cssSelector: input[placeholder='email']
23:38:39.161 INFO  manager.ListenerWD - Before find element --> By.cssSelector: input[placeholder='Address']
23:38:39.174 INFO  manager.ListenerWD - After find element --> By.cssSelector: input[placeholder='Address']
23:38:39.300 INFO  manager.ListenerWD - Before find element --> By.cssSelector: input[placeholder='description']
23:38:39.314 INFO  manager.ListenerWD - After find element --> By.cssSelector: input[placeholder='description']
23:38:39.438 INFO  manager.ListenerWD - Before find element --> By.xpath: //b[text()='Save']
23:38:39.455 INFO  manager.ListenerWD - After find element --> By.xpath: //b[text()='Save']
23:38:40.546 INFO  tests.TestBase - The name of starts method is ---->addNewContactWrongLastName
23:38:40.547 INFO  manager.ListenerWD - Before find elements --> By.xpath: //button[text()='Sign Out']
23:38:40.562 INFO  manager.ListenerWD - After find elements --> By.xpath: //button[text()='Sign Out']
23:38:40.562 INFO  manager.ListenerWD - List suze is --> 1
23:38:40.563 INFO  manager.ListenerWD - Before find element --> By.cssSelector: a[href='/add']
23:38:40.578 INFO  manager.ListenerWD - After find element --> By.cssSelector: a[href='/add']
23:38:41.636 INFO  manager.ListenerWD - Before find element --> By.cssSelector: input[placeholder='Name']
23:38:41.667 INFO  manager.ListenerWD - After find element --> By.cssSelector: input[placeholder='Name']
23:38:41.806 INFO  manager.ListenerWD - Before find element --> By.cssSelector: input[placeholder='Last Name']
23:38:41.820 INFO  manager.ListenerWD - After find element --> By.cssSelector: input[placeholder='Last Name']
23:38:41.939 INFO  manager.ListenerWD - Before find element --> By.cssSelector: input[placeholder='Phone']
23:38:41.954 INFO  manager.ListenerWD - After find element --> By.cssSelector: input[placeholder='Phone']
23:38:42.097 INFO  manager.ListenerWD - Before find element --> By.cssSelector: input[placeholder='email']
23:38:42.112 INFO  manager.ListenerWD - After find element --> By.cssSelector: input[placeholder='email']
23:38:42.260 INFO  manager.ListenerWD - Before find element --> By.cssSelector: input[placeholder='Address']
23:38:42.277 INFO  manager.ListenerWD - After find element --> By.cssSelector: input[placeholder='Address']
23:38:42.408 INFO  manager.ListenerWD - Before find element --> By.cssSelector: input[placeholder='description']
23:38:42.425 INFO  manager.ListenerWD - After find element --> By.cssSelector: input[placeholder='description']
23:38:42.575 INFO  manager.ListenerWD - Before find element --> By.xpath: //b[text()='Save']
23:38:42.589 INFO  manager.ListenerWD - After find element --> By.xpath: //b[text()='Save']
23:38:43.628 INFO  manager.ListenerWD - Before find elements --> By.cssSelector: a.active[href='/add']
23:38:43.643 INFO  manager.ListenerWD - After find elements --> By.cssSelector: a.active[href='/add']
23:38:43.643 INFO  manager.ListenerWD - List suze is --> 1
23:38:43.644 INFO  tests.TestBase - The name of starts method is ---->addNewContactWrongName
23:38:43.645 INFO  manager.ListenerWD - Before find elements --> By.xpath: //button[text()='Sign Out']
23:38:43.660 INFO  manager.ListenerWD - After find elements --> By.xpath: //button[text()='Sign Out']
23:38:43.661 INFO  manager.ListenerWD - List suze is --> 1
23:38:43.662 INFO  manager.ListenerWD - Before find element --> By.cssSelector: a[href='/add']
23:38:43.680 INFO  manager.ListenerWD - After find element --> By.cssSelector: a[href='/add']
23:38:44.735 INFO  manager.ListenerWD - Before find element --> By.cssSelector: input[placeholder='Name']
23:38:44.750 INFO  manager.ListenerWD - After find element --> By.cssSelector: input[placeholder='Name']
23:38:44.841 INFO  manager.ListenerWD - Before find element --> By.cssSelector: input[placeholder='Last Name']
23:38:44.857 INFO  manager.ListenerWD - After find element --> By.cssSelector: input[placeholder='Last Name']
23:38:45.048 INFO  manager.ListenerWD - Before find element --> By.cssSelector: input[placeholder='Phone']
23:38:45.061 INFO  manager.ListenerWD - After find element --> By.cssSelector: input[placeholder='Phone']
23:38:45.214 INFO  manager.ListenerWD - Before find element --> By.cssSelector: input[placeholder='email']
23:38:45.230 INFO  manager.ListenerWD - After find element --> By.cssSelector: input[placeholder='email']
23:38:45.381 INFO  manager.ListenerWD - Before find element --> By.cssSelector: input[placeholder='Address']
23:38:45.394 INFO  manager.ListenerWD - After find element --> By.cssSelector: input[placeholder='Address']
23:38:45.522 INFO  manager.ListenerWD - Before find element --> By.cssSelector: input[placeholder='description']
23:38:45.536 INFO  manager.ListenerWD - After find element --> By.cssSelector: input[placeholder='description']
23:38:45.678 INFO  manager.ListenerWD - Before find element --> By.xpath: //b[text()='Save']
23:38:45.691 INFO  manager.ListenerWD - After find element --> By.xpath: //b[text()='Save']
23:38:46.727 INFO  manager.ListenerWD - Before find elements --> By.cssSelector: a.active[href='/add']
23:38:46.761 INFO  manager.ListenerWD - After find elements --> By.cssSelector: a.active[href='/add']
23:38:46.761 INFO  manager.ListenerWD - List suze is --> 1
23:38:46.763 INFO  tests.TestBase - The name of starts method is ---->addNewContactWrongName1
23:38:46.765 INFO  manager.ListenerWD - Before find elements --> By.xpath: //button[text()='Sign Out']
23:38:46.781 INFO  manager.ListenerWD - After find elements --> By.xpath: //button[text()='Sign Out']
23:38:46.782 INFO  manager.ListenerWD - List suze is --> 1
23:38:46.782 INFO  manager.ListenerWD - Before find element --> By.cssSelector: a[href='/add']
23:38:46.796 INFO  manager.ListenerWD - After find element --> By.cssSelector: a[href='/add']
23:38:47.843 INFO  manager.ListenerWD - Before find element --> By.cssSelector: input[placeholder='Name']
23:38:47.862 INFO  manager.ListenerWD - After find element --> By.cssSelector: input[placeholder='Name']
23:38:47.978 INFO  manager.ListenerWD - Before find element --> By.cssSelector: input[placeholder='Last Name']
23:38:47.990 INFO  manager.ListenerWD - After find element --> By.cssSelector: input[placeholder='Last Name']
23:38:48.119 INFO  manager.ListenerWD - Before find element --> By.cssSelector: input[placeholder='Phone']
23:38:48.133 INFO  manager.ListenerWD - After find element --> By.cssSelector: input[placeholder='Phone']
23:38:48.273 INFO  manager.ListenerWD - Before find element --> By.cssSelector: input[placeholder='email']
23:38:48.286 INFO  manager.ListenerWD - After find element --> By.cssSelector: input[placeholder='email']
23:38:48.438 INFO  manager.ListenerWD - Before find element --> By.cssSelector: input[placeholder='Address']
23:38:48.455 INFO  manager.ListenerWD - After find element --> By.cssSelector: input[placeholder='Address']
23:38:48.588 INFO  manager.ListenerWD - Before find element --> By.cssSelector: input[placeholder='description']
23:38:48.603 INFO  manager.ListenerWD - After find element --> By.cssSelector: input[placeholder='description']
23:38:48.745 INFO  manager.ListenerWD - Before find element --> By.xpath: //b[text()='Save']
23:38:48.762 INFO  manager.ListenerWD - After find element --> By.xpath: //b[text()='Save']
23:38:49.806 INFO  manager.ListenerWD - Before find elements --> By.cssSelector: a.active[href='/add']
23:38:49.836 INFO  manager.ListenerWD - After find elements --> By.cssSelector: a.active[href='/add']
23:38:49.836 INFO  manager.ListenerWD - List suze is --> 1
23:38:49.839 INFO  tests.TestBase - The name of starts method is ---->addNewContactWrongPhone
23:38:49.840 INFO  manager.ListenerWD - Before find elements --> By.xpath: //button[text()='Sign Out']
23:38:49.862 INFO  manager.ListenerWD - After find elements --> By.xpath: //button[text()='Sign Out']
23:38:49.891 INFO  manager.ListenerWD - List suze is --> 1
23:38:49.892 INFO  manager.ListenerWD - Before find element --> By.cssSelector: a[href='/add']
23:38:49.905 INFO  manager.ListenerWD - After find element --> By.cssSelector: a[href='/add']
23:38:50.959 INFO  manager.ListenerWD - Before find element --> By.cssSelector: input[placeholder='Name']
23:38:50.972 INFO  manager.ListenerWD - After find element --> By.cssSelector: input[placeholder='Name']
23:38:51.098 INFO  manager.ListenerWD - Before find element --> By.cssSelector: input[placeholder='Last Name']
23:38:51.112 INFO  manager.ListenerWD - After find element --> By.cssSelector: input[placeholder='Last Name']
23:38:51.272 INFO  manager.ListenerWD - Before find element --> By.cssSelector: input[placeholder='Phone']
23:38:51.287 INFO  manager.ListenerWD - After find element --> By.cssSelector: input[placeholder='Phone']
23:38:51.413 INFO  manager.ListenerWD - Before find element --> By.cssSelector: input[placeholder='email']
23:38:51.428 INFO  manager.ListenerWD - After find element --> By.cssSelector: input[placeholder='email']
23:38:51.574 INFO  manager.ListenerWD - Before find element --> By.cssSelector: input[placeholder='Address']
23:38:51.587 INFO  manager.ListenerWD - After find element --> By.cssSelector: input[placeholder='Address']
23:38:51.718 INFO  manager.ListenerWD - Before find element --> By.cssSelector: input[placeholder='description']
23:38:51.731 INFO  manager.ListenerWD - After find element --> By.cssSelector: input[placeholder='description']
23:38:51.857 INFO  manager.ListenerWD - Before find element --> By.xpath: //b[text()='Save']
23:38:51.875 INFO  manager.ListenerWD - After find element --> By.xpath: //b[text()='Save']
