18:42:41.760 INFO  manager.ApplicationManager - All tests star in Chrome Browser
18:42:43.283 INFO  manager.ApplicationManager - Current Url -->https://telranedu.web.app/home
18:42:43.289 INFO  manager.ListenerTNG - onStart Gradle test
18:42:43.315 INFO  tests.TestBase - The name of starts method is ---->loginSuccess
18:42:43.316 INFO  manager.ListenerWD - Before find elements --> By.xpath: //button[text()='Sign Out']
18:42:48.350 INFO  manager.ListenerWD - After find elements --> By.xpath: //button[text()='Sign Out']
18:42:48.352 INFO  manager.ListenerWD - List suze is --> 0
18:42:48.353 INFO  manager.ListenerTNG - OnTestStart loginSuccess
18:42:48.354 INFO  tests.TestBase - Login with valid data : email: 'innayrchenko77@gmail.com' & password: AlisMaksim2!
18:42:48.354 INFO  manager.ListenerWD - Before find element --> By.cssSelector: a[href='/login']
18:42:48.381 INFO  manager.ListenerWD - After find element --> By.cssSelector: a[href='/login']
18:42:48.432 INFO  manager.ListenerWD - Before find element --> By.name: email
18:42:48.460 INFO  manager.ListenerWD - After find element --> By.name: email
18:42:48.571 INFO  manager.ListenerWD - Before find element --> By.name: password
18:42:48.589 INFO  manager.ListenerWD - After find element --> By.name: password
18:42:48.684 INFO  manager.ListenerWD - Before find element --> By.cssSelector: [name='login']
18:42:48.700 INFO  manager.ListenerWD - After find element --> By.cssSelector: [name='login']
18:42:48.724 INFO  manager.ListenerWD - Before find elements --> By.xpath: //button[text()='Sign Out']
18:42:49.740 INFO  manager.ListenerWD - After find elements --> By.xpath: //button[text()='Sign Out']
18:42:49.740 INFO  manager.ListenerWD - List suze is --> 1
18:42:49.742 INFO  tests.TestBase - Tests success
18:42:49.743 INFO  manager.ListenerTNG - OnTestSuccess loginSuccess
18:42:49.746 INFO  manager.ListenerTNG - onFinish Gradle test
