19:00:30.624 INFO  manager.ApplicationManager - All tests star in Chrome Browser
19:00:32.773 INFO  manager.ApplicationManager - Current Url -->https://telranedu.web.app/home
19:00:32.777 INFO  manager.ListenerTNG - onStart Gradle test
19:00:32.809 INFO  tests.TestBase - The name of starts method is ---->loginSuccess
19:00:32.813 INFO  manager.ListenerWD - Before find elements --> By.xpath: //button[text()='Sign Out']
19:00:37.868 INFO  manager.ListenerWD - After find elements --> By.xpath: //button[text()='Sign Out']
19:00:37.870 INFO  manager.ListenerWD - List suze is --> 0
19:00:37.881 INFO  manager.ListenerTNG - OnTestStart loginSuccess
19:00:37.883 INFO  tests.TestBase - Login with valid data : email: 'innayrchenko77@gmail.com' & password: AlisMaksim2!
19:00:37.883 INFO  manager.ListenerWD - Before find element --> By.cssSelector: a[href='/login']
19:00:37.908 INFO  manager.ListenerWD - After find element --> By.cssSelector: a[href='/login']
19:00:37.960 INFO  manager.ListenerWD - Before find element --> By.name: email
19:00:37.985 INFO  manager.ListenerWD - After find element --> By.name: email
19:00:38.103 INFO  manager.ListenerWD - Before find element --> By.name: password
19:00:38.123 INFO  manager.ListenerWD - After find element --> By.name: password
19:00:38.205 INFO  manager.ListenerWD - Before find element --> By.cssSelector: [name='login']
19:00:38.221 INFO  manager.ListenerWD - After find element --> By.cssSelector: [name='login']
19:00:38.247 INFO  manager.ListenerWD - Before find elements --> By.xpath: //button[text()='Sign Out']
19:00:39.257 INFO  manager.ListenerWD - After find elements --> By.xpath: //button[text()='Sign Out']
19:00:39.257 INFO  manager.ListenerWD - List suze is --> 1
19:00:39.258 INFO  tests.TestBase - Tests success
19:00:39.260 INFO  manager.ListenerTNG - OnTestSuccess loginSuccess
19:00:39.264 INFO  manager.ListenerTNG - onFinish Gradle test
