11:51:57.194 INFO  manager.ApplicationManager - All tests star in Chrome Browser
11:51:58.603 INFO  manager.ApplicationManager - Current Url -->https://telranedu.web.app/home
11:51:58.609 INFO  manager.ListenerTNG - onStart Gradle test
11:51:58.633 INFO  tests.TestBase - The name of starts method is ---->loginSuccess
11:51:58.635 INFO  manager.ListenerWD - Before find elements --> By.xpath: //button[text()='Sign Out']
11:52:03.697 INFO  manager.ListenerWD - After find elements --> By.xpath: //button[text()='Sign Out']
11:52:03.699 INFO  manager.ListenerWD - List suze is --> 0
11:52:03.700 INFO  manager.ListenerTNG - OnTestStart loginSuccess
11:52:03.705 INFO  tests.TestBase - Login with valid data : email: innayrchenko77@gmail.com & password: AlisMaksim2!
11:52:03.705 INFO  manager.ListenerWD - Before find element --> By.cssSelector: a[href='/login']
11:52:03.729 INFO  manager.ListenerWD - After find element --> By.cssSelector: a[href='/login']
11:52:03.788 INFO  manager.ListenerWD - Before find element --> By.name: email
11:52:03.811 INFO  manager.ListenerWD - After find element --> By.name: email
11:52:03.925 INFO  manager.ListenerWD - Before find element --> By.name: password
11:52:03.944 INFO  manager.ListenerWD - After find element --> By.name: password
11:52:04.027 INFO  manager.ListenerWD - Before find element --> By.cssSelector: [name='login']
11:52:04.043 INFO  manager.ListenerWD - After find element --> By.cssSelector: [name='login']
11:52:04.069 INFO  manager.ListenerWD - Before find elements --> By.xpath: //button[text()='Sign Out']
11:52:05.914 INFO  manager.ListenerWD - After find elements --> By.xpath: //button[text()='Sign Out']
11:52:05.915 INFO  manager.ListenerWD - List suze is --> 1
11:52:05.917 INFO  tests.TestBase - Tests success
11:52:05.919 INFO  manager.ListenerTNG - OnTestSuccess loginSuccess
11:52:05.920 INFO  tests.TestBase - The name of starts method is ---->loginSuccess
11:52:05.920 INFO  manager.ListenerWD - Before find elements --> By.xpath: //button[text()='Sign Out']
11:52:05.933 INFO  manager.ListenerWD - After find elements --> By.xpath: //button[text()='Sign Out']
11:52:05.934 INFO  manager.ListenerWD - List suze is --> 1
11:52:05.934 INFO  manager.ListenerWD - Before find element --> By.xpath: //button[text()='Sign Out']
11:52:05.949 INFO  manager.ListenerWD - After find element --> By.xpath: //button[text()='Sign Out']
11:52:05.977 INFO  tests.TestBase - I need logout
11:52:05.977 INFO  manager.ListenerTNG - OnTestStart loginSuccess
11:52:05.978 INFO  tests.TestBase - Login with valid data : email: innayrchenko77@gmail.com & password: AlisMaksim2!
11:52:05.978 INFO  manager.ListenerWD - Before find element --> By.cssSelector: a[href='/login']
11:52:05.991 INFO  manager.ListenerWD - After find element --> By.cssSelector: a[href='/login']
11:52:06.019 INFO  manager.ListenerWD - Before find element --> By.name: email
11:52:06.032 INFO  manager.ListenerWD - After find element --> By.name: email
11:52:06.129 INFO  manager.ListenerWD - Before find element --> By.name: password
11:52:06.143 INFO  manager.ListenerWD - After find element --> By.name: password
11:52:06.226 INFO  manager.ListenerWD - Before find element --> By.cssSelector: [name='login']
11:52:06.238 INFO  manager.ListenerWD - After find element --> By.cssSelector: [name='login']
11:52:06.260 INFO  manager.ListenerWD - Before find elements --> By.xpath: //button[text()='Sign Out']
11:52:06.596 INFO  manager.ListenerWD - After find elements --> By.xpath: //button[text()='Sign Out']
11:52:06.596 INFO  manager.ListenerWD - List suze is --> 1
11:52:06.596 INFO  tests.TestBase - Tests success
11:52:06.596 INFO  manager.ListenerTNG - OnTestSuccess loginSuccess
11:52:06.597 INFO  tests.TestBase - The name of starts method is ---->loginSuccess
11:52:06.598 INFO  manager.ListenerWD - Before find elements --> By.xpath: //button[text()='Sign Out']
11:52:06.611 INFO  manager.ListenerWD - After find elements --> By.xpath: //button[text()='Sign Out']
11:52:06.611 INFO  manager.ListenerWD - List suze is --> 1
11:52:06.612 INFO  manager.ListenerWD - Before find element --> By.xpath: //button[text()='Sign Out']
11:52:06.623 INFO  manager.ListenerWD - After find element --> By.xpath: //button[text()='Sign Out']
11:52:06.650 INFO  tests.TestBase - I need logout
11:52:06.651 INFO  manager.ListenerTNG - OnTestStart loginSuccess
11:52:06.651 INFO  tests.TestBase - Login with valid data : email: innayrchenko77@gmail.com & password: AlisMaksim2!
11:52:06.651 INFO  manager.ListenerWD - Before find element --> By.cssSelector: a[href='/login']
11:52:06.665 INFO  manager.ListenerWD - After find element --> By.cssSelector: a[href='/login']
11:52:06.695 INFO  manager.ListenerWD - Before find element --> By.name: email
11:52:06.708 INFO  manager.ListenerWD - After find element --> By.name: email
11:52:06.796 INFO  manager.ListenerWD - Before find element --> By.name: password
11:52:06.806 INFO  manager.ListenerWD - After find element --> By.name: password
11:52:06.885 INFO  manager.ListenerWD - Before find element --> By.cssSelector: [name='login']
11:52:06.896 INFO  manager.ListenerWD - After find element --> By.cssSelector: [name='login']
11:52:06.918 INFO  manager.ListenerWD - Before find elements --> By.xpath: //button[text()='Sign Out']
11:52:07.280 INFO  manager.ListenerWD - After find elements --> By.xpath: //button[text()='Sign Out']
11:52:07.280 INFO  manager.ListenerWD - List suze is --> 1
11:52:07.281 INFO  tests.TestBase - Tests success
11:52:07.282 INFO  manager.ListenerTNG - OnTestSuccess loginSuccess
11:52:07.288 INFO  manager.ListenerTNG - onFinish Gradle test
