13:16:44.397 INFO  manager.ApplicationManager - All tests star in Chrome Browser
13:16:46.083 INFO  manager.ApplicationManager - Current Url -->https://telranedu.web.app/home
13:16:46.087 INFO  manager.ListenerTNG - onStart Gradle test
13:16:46.112 INFO  tests.TestBase - The name of starts method is ---->loginSuccessModel
13:16:46.114 INFO  manager.ListenerWD - Before find elements --> By.xpath: //button[text()='Sign Out']
13:16:51.174 INFO  manager.ListenerWD - After find elements --> By.xpath: //button[text()='Sign Out']
13:16:51.178 INFO  manager.ListenerWD - List suze is --> 0
13:16:51.191 INFO  manager.ListenerTNG - OnTestStart loginSuccessModel
13:16:51.197 INFO  tests.TestBase - Tests start with user model   User(email=innayrchenko77@gmail.com, password=AlisMaksim2!)
13:16:51.198 INFO  manager.ListenerWD - Before find element --> By.cssSelector: a[href='/login']
13:16:51.220 INFO  manager.ListenerWD - After find element --> By.cssSelector: a[href='/login']
13:16:51.270 INFO  manager.ListenerWD - Before find element --> By.name: email
13:16:51.291 INFO  manager.ListenerWD - After find element --> By.name: email
13:16:51.398 INFO  manager.ListenerWD - Before find element --> By.name: password
13:16:51.416 INFO  manager.ListenerWD - After find element --> By.name: password
13:16:51.492 INFO  manager.ListenerWD - Before find element --> By.cssSelector: [name='login']
13:16:51.508 INFO  manager.ListenerWD - After find element --> By.cssSelector: [name='login']
13:16:51.534 INFO  manager.ListenerWD - Before find elements --> By.xpath: //button[text()='Sign Out']
13:16:52.555 INFO  manager.ListenerWD - After find elements --> By.xpath: //button[text()='Sign Out']
13:16:52.555 INFO  manager.ListenerWD - List suze is --> 1
13:16:52.558 INFO  manager.ListenerTNG - OnTestSuccess loginSuccessModel
13:16:52.559 INFO  tests.TestBase - The name of starts method is ---->loginSuccessModel
13:16:52.559 INFO  manager.ListenerWD - Before find elements --> By.xpath: //button[text()='Sign Out']
13:16:52.572 INFO  manager.ListenerWD - After find elements --> By.xpath: //button[text()='Sign Out']
13:16:52.572 INFO  manager.ListenerWD - List suze is --> 1
13:16:52.573 INFO  manager.ListenerWD - Before find element --> By.xpath: //button[text()='Sign Out']
13:16:52.588 INFO  manager.ListenerWD - After find element --> By.xpath: //button[text()='Sign Out']
13:16:52.612 INFO  tests.TestBase - I need logout
13:16:52.613 INFO  manager.ListenerTNG - OnTestStart loginSuccessModel
13:16:52.613 INFO  tests.TestBase - Tests start with user model   User(email=innayrchenko77@gmail.com, password=AlisMaksim2!)
13:16:52.613 INFO  manager.ListenerWD - Before find element --> By.cssSelector: a[href='/login']
13:16:52.627 INFO  manager.ListenerWD - After find element --> By.cssSelector: a[href='/login']
13:16:52.655 INFO  manager.ListenerWD - Before find element --> By.name: email
13:16:52.669 INFO  manager.ListenerWD - After find element --> By.name: email
13:16:52.760 INFO  manager.ListenerWD - Before find element --> By.name: password
13:16:52.771 INFO  manager.ListenerWD - After find element --> By.name: password
13:16:52.853 INFO  manager.ListenerWD - Before find element --> By.cssSelector: [name='login']
13:16:52.863 INFO  manager.ListenerWD - After find element --> By.cssSelector: [name='login']
13:16:52.886 INFO  manager.ListenerWD - Before find elements --> By.xpath: //button[text()='Sign Out']
13:16:53.216 INFO  manager.ListenerWD - After find elements --> By.xpath: //button[text()='Sign Out']
13:16:53.216 INFO  manager.ListenerWD - List suze is --> 1
13:16:53.216 INFO  manager.ListenerTNG - OnTestSuccess loginSuccessModel
13:16:53.217 INFO  tests.TestBase - The name of starts method is ---->loginSuccessModel
13:16:53.218 INFO  manager.ListenerWD - Before find elements --> By.xpath: //button[text()='Sign Out']
13:16:53.229 INFO  manager.ListenerWD - After find elements --> By.xpath: //button[text()='Sign Out']
13:16:53.229 INFO  manager.ListenerWD - List suze is --> 1
13:16:53.229 INFO  manager.ListenerWD - Before find element --> By.xpath: //button[text()='Sign Out']
13:16:53.241 INFO  manager.ListenerWD - After find element --> By.xpath: //button[text()='Sign Out']
13:16:53.265 INFO  tests.TestBase - I need logout
13:16:53.266 INFO  manager.ListenerTNG - OnTestStart loginSuccessModel
13:16:53.267 INFO  tests.TestBase - Tests start with user model   User(email=innayrchenko77@gmail.com, password=AlisMaksim2!)
13:16:53.267 INFO  manager.ListenerWD - Before find element --> By.cssSelector: a[href='/login']
13:16:53.278 INFO  manager.ListenerWD - After find element --> By.cssSelector: a[href='/login']
13:16:53.303 INFO  manager.ListenerWD - Before find element --> By.name: email
13:16:53.312 INFO  manager.ListenerWD - After find element --> By.name: email
13:16:53.400 INFO  manager.ListenerWD - Before find element --> By.name: password
13:16:53.411 INFO  manager.ListenerWD - After find element --> By.name: password
13:16:53.499 INFO  manager.ListenerWD - Before find element --> By.cssSelector: [name='login']
13:16:53.512 INFO  manager.ListenerWD - After find element --> By.cssSelector: [name='login']
13:16:53.537 INFO  manager.ListenerWD - Before find elements --> By.xpath: //button[text()='Sign Out']
13:16:53.890 INFO  manager.ListenerWD - After find elements --> By.xpath: //button[text()='Sign Out']
13:16:53.891 INFO  manager.ListenerWD - List suze is --> 1
13:16:53.891 INFO  manager.ListenerTNG - OnTestSuccess loginSuccessModel
13:16:53.896 INFO  manager.ListenerTNG - onFinish Gradle test
