19:31:53.666 INFO  manager.ApplicationManager - All tests star in Chrome Browser
19:31:55.311 INFO  manager.ApplicationManager - Current Url -->https://telranedu.web.app/home
19:31:55.334 INFO  tests.TestBase - The name of starts method is ---->addContactSuccess
19:31:55.336 INFO  manager.ListenerWD - Before find elements --> By.xpath: //button[text()='Sign Out']
19:32:00.351 INFO  manager.ListenerWD - After find elements --> By.xpath: //button[text()='Sign Out']
19:32:00.353 INFO  manager.ListenerWD - List suze is --> 0
19:32:00.357 INFO  manager.ListenerWD - Before find element --> By.cssSelector: a[href='/login']
19:32:00.382 INFO  manager.ListenerWD - After find element --> By.cssSelector: a[href='/login']
19:32:00.440 INFO  manager.ListenerWD - Before find element --> By.name: email
19:32:00.464 INFO  manager.ListenerWD - After find element --> By.name: email
19:32:00.601 INFO  manager.ListenerWD - Before find element --> By.name: password
19:32:00.625 INFO  manager.ListenerWD - After find element --> By.name: password
19:32:00.713 INFO  manager.ListenerWD - Before find element --> By.cssSelector: [name='login']
19:32:00.728 INFO  manager.ListenerWD - After find element --> By.cssSelector: [name='login']
19:32:00.769 INFO  manager.ListenerWD - Before find element --> By.cssSelector: a[href='/add']
19:32:01.750 INFO  manager.ListenerWD - After find element --> By.cssSelector: a[href='/add']
19:32:02.786 INFO  manager.ListenerWD - Before find element --> By.cssSelector: input[placeholder='Name']
19:32:02.805 INFO  manager.ListenerWD - After find element --> By.cssSelector: input[placeholder='Name']
19:32:02.879 INFO  manager.ListenerWD - Before find element --> By.cssSelector: input[placeholder='Last Name']
19:32:02.893 INFO  manager.ListenerWD - After find element --> By.cssSelector: input[placeholder='Last Name']
19:32:02.959 INFO  manager.ListenerWD - Before find element --> By.cssSelector: input[placeholder='Phone']
19:32:02.972 INFO  manager.ListenerWD - After find element --> By.cssSelector: input[placeholder='Phone']
19:32:03.046 INFO  manager.ListenerWD - Before find element --> By.cssSelector: input[placeholder='email']
19:32:03.063 INFO  manager.ListenerWD - After find element --> By.cssSelector: input[placeholder='email']
19:32:03.143 INFO  manager.ListenerWD - Before find element --> By.cssSelector: input[placeholder='Address']
19:32:03.160 INFO  manager.ListenerWD - After find element --> By.cssSelector: input[placeholder='Address']
19:32:03.232 INFO  manager.ListenerWD - Before find element --> By.cssSelector: input[placeholder='description']
19:32:03.246 INFO  manager.ListenerWD - After find element --> By.cssSelector: input[placeholder='description']
19:32:03.298 INFO  manager.ListenerWD - Before find element --> By.xpath: //b[text()='Save']
19:32:03.311 INFO  manager.ListenerWD - After find element --> By.xpath: //b[text()='Save']
19:32:04.343 INFO  manager.ListenerWD - Before find elements --> By.cssSelector: h2
19:32:04.713 INFO  manager.ListenerWD - After find elements --> By.cssSelector: h2
19:32:04.713 INFO  manager.ListenerWD - List suze is --> 85
19:32:05.527 INFO  manager.ListenerWD - Before find elements --> By.cssSelector: h3
19:32:05.800 INFO  manager.ListenerWD - After find elements --> By.cssSelector: h3
19:32:05.801 INFO  manager.ListenerWD - List suze is --> 85
19:32:06.663 INFO  manager.ListenerWD - Before find elements --> By.cssSelector: .contact-item_card__2SOIM
19:32:06.991 INFO  manager.ListenerWD - After find elements --> By.cssSelector: .contact-item_card__2SOIM
19:32:06.991 INFO  manager.ListenerWD - List suze is --> 85
19:32:07.044 INFO  manager.ListenerWD - Before find element --> By.cssSelector: .contact-item-detailed_card__50dTS
19:32:07.070 INFO  manager.ListenerWD - After find element --> By.cssSelector: .contact-item-detailed_card__50dTS
19:32:07.123 INFO  manager.ListenerWD - Before find element --> By.cssSelector: .contact-item-detailed_card__50dTS
19:32:07.135 INFO  manager.ListenerWD - After find element --> By.cssSelector: .contact-item-detailed_card__50dTS
19:32:07.187 INFO  manager.ListenerWD - Before find element --> By.cssSelector: .contact-item-detailed_card__50dTS
19:32:07.201 INFO  manager.ListenerWD - After find element --> By.cssSelector: .contact-item-detailed_card__50dTS
19:32:07.252 INFO  manager.ListenerWD - Before find element --> By.cssSelector: .contact-item-detailed_card__50dTS
19:32:07.266 INFO  manager.ListenerWD - After find element --> By.cssSelector: .contact-item-detailed_card__50dTS
19:32:07.315 INFO  manager.ListenerWD - Before find element --> By.cssSelector: .contact-item-detailed_card__50dTS
19:32:07.330 INFO  manager.ListenerWD - After find element --> By.cssSelector: .contact-item-detailed_card__50dTS
19:32:07.380 INFO  manager.ListenerWD - Before find element --> By.cssSelector: .contact-item-detailed_card__50dTS
19:32:07.392 INFO  manager.ListenerWD - After find element --> By.cssSelector: .contact-item-detailed_card__50dTS
19:32:07.428 INFO  manager.ListenerWD - Before find element --> By.cssSelector: .contact-item-detailed_card__50dTS
19:32:07.439 INFO  manager.ListenerWD - After find element --> By.cssSelector: .contact-item-detailed_card__50dTS
19:32:07.482 INFO  manager.ListenerWD - Before find element --> By.cssSelector: .contact-item-detailed_card__50dTS
19:32:07.491 INFO  manager.ListenerWD - After find element --> By.cssSelector: .contact-item-detailed_card__50dTS
19:32:07.524 INFO  manager.ListenerWD - Before find element --> By.cssSelector: .contact-item-detailed_card__50dTS
19:32:07.536 INFO  manager.ListenerWD - After find element --> By.cssSelector: .contact-item-detailed_card__50dTS
19:32:07.568 INFO  manager.ListenerWD - Before find element --> By.cssSelector: .contact-item-detailed_card__50dTS
19:32:07.577 INFO  manager.ListenerWD - After find element --> By.cssSelector: .contact-item-detailed_card__50dTS
19:32:07.607 INFO  manager.ListenerWD - Before find element --> By.cssSelector: .contact-item-detailed_card__50dTS
19:32:07.615 INFO  manager.ListenerWD - After find element --> By.cssSelector: .contact-item-detailed_card__50dTS
19:32:07.644 INFO  manager.ListenerWD - Before find element --> By.cssSelector: .contact-item-detailed_card__50dTS
19:32:07.651 INFO  manager.ListenerWD - After find element --> By.cssSelector: .contact-item-detailed_card__50dTS
19:32:07.688 INFO  manager.ListenerWD - Before find element --> By.cssSelector: .contact-item-detailed_card__50dTS
19:32:07.698 INFO  manager.ListenerWD - After find element --> By.cssSelector: .contact-item-detailed_card__50dTS
19:32:07.729 INFO  manager.ListenerWD - Before find element --> By.cssSelector: .contact-item-detailed_card__50dTS
19:32:07.738 INFO  manager.ListenerWD - After find element --> By.cssSelector: .contact-item-detailed_card__50dTS
19:32:07.775 INFO  manager.ListenerWD - Before find element --> By.cssSelector: .contact-item-detailed_card__50dTS
19:32:07.784 INFO  manager.ListenerWD - After find element --> By.cssSelector: .contact-item-detailed_card__50dTS
19:32:07.825 INFO  manager.ListenerWD - Before find element --> By.cssSelector: .contact-item-detailed_card__50dTS
19:32:07.835 INFO  manager.ListenerWD - After find element --> By.cssSelector: .contact-item-detailed_card__50dTS
19:32:07.875 INFO  manager.ListenerWD - Before find element --> By.cssSelector: .contact-item-detailed_card__50dTS
19:32:07.883 INFO  manager.ListenerWD - After find element --> By.cssSelector: .contact-item-detailed_card__50dTS
19:32:07.929 INFO  manager.ListenerWD - Before find element --> By.cssSelector: .contact-item-detailed_card__50dTS
19:32:07.947 INFO  manager.ListenerWD - After find element --> By.cssSelector: .contact-item-detailed_card__50dTS
19:32:07.998 INFO  manager.ListenerWD - Before find element --> By.cssSelector: .contact-item-detailed_card__50dTS
19:32:08.011 INFO  manager.ListenerWD - After find element --> By.cssSelector: .contact-item-detailed_card__50dTS
19:32:08.053 INFO  manager.ListenerWD - Before find element --> By.cssSelector: .contact-item-detailed_card__50dTS
19:32:08.063 INFO  manager.ListenerWD - After find element --> By.cssSelector: .contact-item-detailed_card__50dTS
19:32:08.099 INFO  manager.ListenerWD - Before find element --> By.cssSelector: .contact-item-detailed_card__50dTS
19:32:08.108 INFO  manager.ListenerWD - After find element --> By.cssSelector: .contact-item-detailed_card__50dTS
19:32:08.145 INFO  manager.ListenerWD - Before find element --> By.cssSelector: .contact-item-detailed_card__50dTS
19:32:08.155 INFO  manager.ListenerWD - After find element --> By.cssSelector: .contact-item-detailed_card__50dTS
19:32:08.188 INFO  manager.ListenerWD - Before find element --> By.cssSelector: .contact-item-detailed_card__50dTS
19:32:08.195 INFO  manager.ListenerWD - After find element --> By.cssSelector: .contact-item-detailed_card__50dTS
19:32:08.226 INFO  manager.ListenerWD - Before find element --> By.cssSelector: .contact-item-detailed_card__50dTS
19:32:08.234 INFO  manager.ListenerWD - After find element --> By.cssSelector: .contact-item-detailed_card__50dTS
19:32:08.262 INFO  manager.ListenerWD - Before find element --> By.cssSelector: .contact-item-detailed_card__50dTS
19:32:08.270 INFO  manager.ListenerWD - After find element --> By.cssSelector: .contact-item-detailed_card__50dTS
19:32:08.298 INFO  manager.ListenerWD - Before find element --> By.cssSelector: .contact-item-detailed_card__50dTS
19:32:08.305 INFO  manager.ListenerWD - After find element --> By.cssSelector: .contact-item-detailed_card__50dTS
19:32:08.336 INFO  manager.ListenerWD - Before find element --> By.cssSelector: .contact-item-detailed_card__50dTS
19:32:08.343 INFO  manager.ListenerWD - After find element --> By.cssSelector: .contact-item-detailed_card__50dTS
19:32:08.379 INFO  manager.ListenerWD - Before find element --> By.cssSelector: .contact-item-detailed_card__50dTS
19:32:08.390 INFO  manager.ListenerWD - After find element --> By.cssSelector: .contact-item-detailed_card__50dTS
19:32:08.428 INFO  manager.ListenerWD - Before find element --> By.cssSelector: .contact-item-detailed_card__50dTS
19:32:08.437 INFO  manager.ListenerWD - After find element --> By.cssSelector: .contact-item-detailed_card__50dTS
19:32:08.472 INFO  manager.ListenerWD - Before find element --> By.cssSelector: .contact-item-detailed_card__50dTS
19:32:08.481 INFO  manager.ListenerWD - After find element --> By.cssSelector: .contact-item-detailed_card__50dTS
19:32:08.509 INFO  manager.ListenerWD - Before find element --> By.cssSelector: .contact-item-detailed_card__50dTS
19:32:08.516 INFO  manager.ListenerWD - After find element --> By.cssSelector: .contact-item-detailed_card__50dTS
19:32:08.546 INFO  manager.ListenerWD - Before find element --> By.cssSelector: .contact-item-detailed_card__50dTS
19:32:08.553 INFO  manager.ListenerWD - After find element --> By.cssSelector: .contact-item-detailed_card__50dTS
19:32:08.583 INFO  manager.ListenerWD - Before find element --> By.cssSelector: .contact-item-detailed_card__50dTS
19:32:08.591 INFO  manager.ListenerWD - After find element --> By.cssSelector: .contact-item-detailed_card__50dTS
19:32:08.620 INFO  manager.ListenerWD - Before find element --> By.cssSelector: .contact-item-detailed_card__50dTS
19:32:08.627 INFO  manager.ListenerWD - After find element --> By.cssSelector: .contact-item-detailed_card__50dTS
19:32:08.656 INFO  manager.ListenerWD - Before find element --> By.cssSelector: .contact-item-detailed_card__50dTS
19:32:08.663 INFO  manager.ListenerWD - After find element --> By.cssSelector: .contact-item-detailed_card__50dTS
19:32:08.692 INFO  manager.ListenerWD - Before find element --> By.cssSelector: .contact-item-detailed_card__50dTS
19:32:08.701 INFO  manager.ListenerWD - After find element --> By.cssSelector: .contact-item-detailed_card__50dTS
19:32:08.731 INFO  manager.ListenerWD - Before find element --> By.cssSelector: .contact-item-detailed_card__50dTS
19:32:08.739 INFO  manager.ListenerWD - After find element --> By.cssSelector: .contact-item-detailed_card__50dTS
19:32:08.768 INFO  manager.ListenerWD - Before find element --> By.cssSelector: .contact-item-detailed_card__50dTS
19:32:08.777 INFO  manager.ListenerWD - After find element --> By.cssSelector: .contact-item-detailed_card__50dTS
19:32:08.812 INFO  manager.ListenerWD - Before find element --> By.cssSelector: .contact-item-detailed_card__50dTS
19:32:08.824 INFO  manager.ListenerWD - After find element --> By.cssSelector: .contact-item-detailed_card__50dTS
19:32:08.860 INFO  manager.ListenerWD - Before find element --> By.cssSelector: .contact-item-detailed_card__50dTS
19:32:08.867 INFO  manager.ListenerWD - After find element --> By.cssSelector: .contact-item-detailed_card__50dTS
19:32:08.902 INFO  manager.ListenerWD - Before find element --> By.cssSelector: .contact-item-detailed_card__50dTS
19:32:08.911 INFO  manager.ListenerWD - After find element --> By.cssSelector: .contact-item-detailed_card__50dTS
19:32:08.948 INFO  manager.ListenerWD - Before find element --> By.cssSelector: .contact-item-detailed_card__50dTS
19:32:08.958 INFO  manager.ListenerWD - After find element --> By.cssSelector: .contact-item-detailed_card__50dTS
19:32:08.994 INFO  manager.ListenerWD - Before find element --> By.cssSelector: .contact-item-detailed_card__50dTS
19:32:09.004 INFO  manager.ListenerWD - After find element --> By.cssSelector: .contact-item-detailed_card__50dTS
19:32:09.042 INFO  manager.ListenerWD - Before find element --> By.cssSelector: .contact-item-detailed_card__50dTS
19:32:09.052 INFO  manager.ListenerWD - After find element --> By.cssSelector: .contact-item-detailed_card__50dTS
19:32:09.082 INFO  manager.ListenerWD - Before find element --> By.cssSelector: .contact-item-detailed_card__50dTS
19:32:09.092 INFO  manager.ListenerWD - After find element --> By.cssSelector: .contact-item-detailed_card__50dTS
19:32:09.122 INFO  manager.ListenerWD - Before find element --> By.cssSelector: .contact-item-detailed_card__50dTS
19:32:09.130 INFO  manager.ListenerWD - After find element --> By.cssSelector: .contact-item-detailed_card__50dTS
19:32:09.158 INFO  manager.ListenerWD - Before find element --> By.cssSelector: .contact-item-detailed_card__50dTS
19:32:09.166 INFO  manager.ListenerWD - After find element --> By.cssSelector: .contact-item-detailed_card__50dTS
19:32:09.196 INFO  manager.ListenerWD - Before find element --> By.cssSelector: .contact-item-detailed_card__50dTS
19:32:09.204 INFO  manager.ListenerWD - After find element --> By.cssSelector: .contact-item-detailed_card__50dTS
19:32:09.241 INFO  manager.ListenerWD - Before find element --> By.cssSelector: .contact-item-detailed_card__50dTS
19:32:09.249 INFO  manager.ListenerWD - After find element --> By.cssSelector: .contact-item-detailed_card__50dTS
19:32:09.281 INFO  manager.ListenerWD - Before find element --> By.cssSelector: .contact-item-detailed_card__50dTS
19:32:09.290 INFO  manager.ListenerWD - After find element --> By.cssSelector: .contact-item-detailed_card__50dTS
19:32:09.321 INFO  manager.ListenerWD - Before find element --> By.cssSelector: .contact-item-detailed_card__50dTS
19:32:09.328 INFO  manager.ListenerWD - After find element --> By.cssSelector: .contact-item-detailed_card__50dTS
19:32:09.360 INFO  manager.ListenerWD - Before find element --> By.cssSelector: .contact-item-detailed_card__50dTS
19:32:09.367 INFO  manager.ListenerWD - After find element --> By.cssSelector: .contact-item-detailed_card__50dTS
19:32:09.397 INFO  manager.ListenerWD - Before find element --> By.cssSelector: .contact-item-detailed_card__50dTS
19:32:09.404 INFO  manager.ListenerWD - After find element --> By.cssSelector: .contact-item-detailed_card__50dTS
19:32:09.436 INFO  manager.ListenerWD - Before find element --> By.cssSelector: .contact-item-detailed_card__50dTS
19:32:09.443 INFO  manager.ListenerWD - After find element --> By.cssSelector: .contact-item-detailed_card__50dTS
19:32:09.471 INFO  manager.ListenerWD - Before find element --> By.cssSelector: .contact-item-detailed_card__50dTS
19:32:09.478 INFO  manager.ListenerWD - After find element --> By.cssSelector: .contact-item-detailed_card__50dTS
19:32:09.507 INFO  manager.ListenerWD - Before find element --> By.cssSelector: .contact-item-detailed_card__50dTS
19:32:09.515 INFO  manager.ListenerWD - After find element --> By.cssSelector: .contact-item-detailed_card__50dTS
19:32:09.544 INFO  manager.ListenerWD - Before find element --> By.cssSelector: .contact-item-detailed_card__50dTS
19:32:09.553 INFO  manager.ListenerWD - After find element --> By.cssSelector: .contact-item-detailed_card__50dTS
19:32:09.584 INFO  manager.ListenerWD - Before find element --> By.cssSelector: .contact-item-detailed_card__50dTS
19:32:09.590 INFO  manager.ListenerWD - After find element --> By.cssSelector: .contact-item-detailed_card__50dTS
19:32:09.623 INFO  manager.ListenerWD - Before find element --> By.cssSelector: .contact-item-detailed_card__50dTS
19:32:09.630 INFO  manager.ListenerWD - After find element --> By.cssSelector: .contact-item-detailed_card__50dTS
19:32:09.658 INFO  manager.ListenerWD - Before find element --> By.cssSelector: .contact-item-detailed_card__50dTS
19:32:09.666 INFO  manager.ListenerWD - After find element --> By.cssSelector: .contact-item-detailed_card__50dTS
19:32:09.694 INFO  manager.ListenerWD - Before find element --> By.cssSelector: .contact-item-detailed_card__50dTS
19:32:09.702 INFO  manager.ListenerWD - After find element --> By.cssSelector: .contact-item-detailed_card__50dTS
19:32:09.730 INFO  manager.ListenerWD - Before find element --> By.cssSelector: .contact-item-detailed_card__50dTS
19:32:09.740 INFO  manager.ListenerWD - After find element --> By.cssSelector: .contact-item-detailed_card__50dTS
19:32:09.771 INFO  manager.ListenerWD - Before find element --> By.cssSelector: .contact-item-detailed_card__50dTS
19:32:09.778 INFO  manager.ListenerWD - After find element --> By.cssSelector: .contact-item-detailed_card__50dTS
19:32:09.811 INFO  manager.ListenerWD - Before find element --> By.cssSelector: .contact-item-detailed_card__50dTS
19:32:09.819 INFO  manager.ListenerWD - After find element --> By.cssSelector: .contact-item-detailed_card__50dTS
19:32:09.854 INFO  manager.ListenerWD - Before find element --> By.cssSelector: .contact-item-detailed_card__50dTS
19:32:09.861 INFO  manager.ListenerWD - After find element --> By.cssSelector: .contact-item-detailed_card__50dTS
19:32:09.898 INFO  manager.ListenerWD - Before find element --> By.cssSelector: .contact-item-detailed_card__50dTS
19:32:09.907 INFO  manager.ListenerWD - After find element --> By.cssSelector: .contact-item-detailed_card__50dTS
19:32:09.943 INFO  manager.ListenerWD - Before find element --> By.cssSelector: .contact-item-detailed_card__50dTS
19:32:09.953 INFO  manager.ListenerWD - After find element --> By.cssSelector: .contact-item-detailed_card__50dTS
19:32:09.990 INFO  manager.ListenerWD - Before find element --> By.cssSelector: .contact-item-detailed_card__50dTS
19:32:10.001 INFO  manager.ListenerWD - After find element --> By.cssSelector: .contact-item-detailed_card__50dTS
19:32:10.034 INFO  manager.ListenerWD - Before find element --> By.cssSelector: .contact-item-detailed_card__50dTS
19:32:10.043 INFO  manager.ListenerWD - After find element --> By.cssSelector: .contact-item-detailed_card__50dTS
19:32:10.073 INFO  manager.ListenerWD - Before find element --> By.cssSelector: .contact-item-detailed_card__50dTS
19:32:10.081 INFO  manager.ListenerWD - After find element --> By.cssSelector: .contact-item-detailed_card__50dTS
19:32:10.113 INFO  manager.ListenerWD - Before find element --> By.cssSelector: .contact-item-detailed_card__50dTS
19:32:10.121 INFO  manager.ListenerWD - After find element --> By.cssSelector: .contact-item-detailed_card__50dTS
19:32:10.152 INFO  manager.ListenerWD - Before find element --> By.cssSelector: .contact-item-detailed_card__50dTS
19:32:10.159 INFO  manager.ListenerWD - After find element --> By.cssSelector: .contact-item-detailed_card__50dTS
19:32:10.191 INFO  manager.ListenerWD - Before find element --> By.cssSelector: .contact-item-detailed_card__50dTS
19:32:10.198 INFO  manager.ListenerWD - After find element --> By.cssSelector: .contact-item-detailed_card__50dTS
19:32:10.231 INFO  manager.ListenerWD - Before find element --> By.cssSelector: .contact-item-detailed_card__50dTS
19:32:10.239 INFO  manager.ListenerWD - After find element --> By.cssSelector: .contact-item-detailed_card__50dTS
19:32:10.273 INFO  manager.ListenerWD - Before find element --> By.cssSelector: .contact-item-detailed_card__50dTS
19:32:10.282 INFO  manager.ListenerWD - After find element --> By.cssSelector: .contact-item-detailed_card__50dTS
19:32:10.315 INFO  manager.ListenerWD - Before find element --> By.cssSelector: .contact-item-detailed_card__50dTS
19:32:10.323 INFO  manager.ListenerWD - After find element --> By.cssSelector: .contact-item-detailed_card__50dTS
19:32:10.363 INFO  manager.ListenerWD - Before find element --> By.cssSelector: .contact-item-detailed_card__50dTS
19:32:10.371 INFO  manager.ListenerWD - After find element --> By.cssSelector: .contact-item-detailed_card__50dTS
19:32:10.402 INFO  manager.ListenerWD - Before find element --> By.cssSelector: .contact-item-detailed_card__50dTS
19:32:10.409 INFO  manager.ListenerWD - After find element --> By.cssSelector: .contact-item-detailed_card__50dTS
19:32:10.439 INFO  manager.ListenerWD - Before find element --> By.cssSelector: .contact-item-detailed_card__50dTS
19:32:10.446 INFO  manager.ListenerWD - After find element --> By.cssSelector: .contact-item-detailed_card__50dTS
19:32:10.475 INFO  manager.ListenerWD - Before find element --> By.cssSelector: .contact-item-detailed_card__50dTS
19:32:10.483 INFO  manager.ListenerWD - After find element --> By.cssSelector: .contact-item-detailed_card__50dTS
19:32:10.515 INFO  manager.ListenerWD - Before find element --> By.cssSelector: .contact-item-detailed_card__50dTS
19:32:10.523 INFO  manager.ListenerWD - After find element --> By.cssSelector: .contact-item-detailed_card__50dTS
19:32:10.552 INFO  manager.ListenerWD - Before find element --> By.cssSelector: .contact-item-detailed_card__50dTS
19:32:10.560 INFO  manager.ListenerWD - After find element --> By.cssSelector: .contact-item-detailed_card__50dTS
19:32:10.591 INFO  manager.ListenerWD - Before find element --> By.cssSelector: .contact-item-detailed_card__50dTS
19:32:10.598 INFO  manager.ListenerWD - After find element --> By.cssSelector: .contact-item-detailed_card__50dTS
19:32:10.628 INFO  manager.ListenerWD - Before find element --> By.cssSelector: .contact-item-detailed_card__50dTS
19:32:10.636 INFO  manager.ListenerWD - After find element --> By.cssSelector: .contact-item-detailed_card__50dTS
19:32:10.667 INFO  manager.ListenerWD - Before find element --> By.cssSelector: .contact-item-detailed_card__50dTS
19:32:10.674 INFO  manager.ListenerWD - After find element --> By.cssSelector: .contact-item-detailed_card__50dTS
19:32:10.682 INFO  tests.TestBase - The name of starts method is ---->addContactSuccessRequiredFields
19:32:10.683 INFO  manager.ListenerWD - Before find elements --> By.xpath: //button[text()='Sign Out']
19:32:10.691 INFO  manager.ListenerWD - After find elements --> By.xpath: //button[text()='Sign Out']
19:32:10.692 INFO  manager.ListenerWD - List suze is --> 1
19:32:10.692 INFO  manager.ListenerWD - Before find element --> By.cssSelector: a[href='/add']
19:32:10.701 INFO  manager.ListenerWD - After find element --> By.cssSelector: a[href='/add']
19:32:11.732 INFO  manager.ListenerWD - Before find element --> By.cssSelector: input[placeholder='Name']
19:32:11.758 INFO  manager.ListenerWD - After find element --> By.cssSelector: input[placeholder='Name']
19:32:11.833 INFO  manager.ListenerWD - Before find element --> By.cssSelector: input[placeholder='Last Name']
19:32:11.841 INFO  manager.ListenerWD - After find element --> By.cssSelector: input[placeholder='Last Name']
19:32:11.905 INFO  manager.ListenerWD - Before find element --> By.cssSelector: input[placeholder='Phone']
19:32:11.913 INFO  manager.ListenerWD - After find element --> By.cssSelector: input[placeholder='Phone']
19:32:11.984 INFO  manager.ListenerWD - Before find element --> By.cssSelector: input[placeholder='email']
19:32:11.991 INFO  manager.ListenerWD - After find element --> By.cssSelector: input[placeholder='email']
19:32:12.064 INFO  manager.ListenerWD - Before find element --> By.cssSelector: input[placeholder='Address']
19:32:12.071 INFO  manager.ListenerWD - After find element --> By.cssSelector: input[placeholder='Address']
19:32:12.136 INFO  manager.ListenerWD - Before find element --> By.cssSelector: input[placeholder='description']
19:32:12.143 INFO  manager.ListenerWD - After find element --> By.cssSelector: input[placeholder='description']
19:32:12.196 INFO  manager.ListenerWD - Before find element --> By.xpath: //b[text()='Save']
19:32:12.205 INFO  manager.ListenerWD - After find element --> By.xpath: //b[text()='Save']
19:32:13.240 INFO  manager.ListenerWD - Before find elements --> By.cssSelector: h2
19:32:13.434 INFO  manager.ListenerWD - After find elements --> By.cssSelector: h2
19:32:13.434 INFO  manager.ListenerWD - List suze is --> 86
19:32:14.366 INFO  manager.ListenerWD - Before find elements --> By.cssSelector: h3
19:32:14.572 INFO  manager.ListenerWD - After find elements --> By.cssSelector: h3
19:32:14.572 INFO  manager.ListenerWD - List suze is --> 86
19:32:15.621 INFO  manager.ListenerWD - Before find elements --> By.cssSelector: .contact-item_card__2SOIM
19:32:15.811 INFO  manager.ListenerWD - After find elements --> By.cssSelector: .contact-item_card__2SOIM
19:32:15.811 INFO  manager.ListenerWD - List suze is --> 86
19:32:15.840 INFO  manager.ListenerWD - Before find element --> By.cssSelector: .contact-item-detailed_card__50dTS
19:32:15.851 INFO  manager.ListenerWD - After find element --> By.cssSelector: .contact-item-detailed_card__50dTS
19:32:15.894 INFO  manager.ListenerWD - Before find element --> By.cssSelector: .contact-item-detailed_card__50dTS
19:32:15.902 INFO  manager.ListenerWD - After find element --> By.cssSelector: .contact-item-detailed_card__50dTS
19:32:15.970 INFO  manager.ListenerWD - Before find element --> By.cssSelector: .contact-item-detailed_card__50dTS
19:32:15.996 INFO  manager.ListenerWD - After find element --> By.cssSelector: .contact-item-detailed_card__50dTS
19:32:16.038 INFO  manager.ListenerWD - Before find element --> By.cssSelector: .contact-item-detailed_card__50dTS
19:32:16.046 INFO  manager.ListenerWD - After find element --> By.cssSelector: .contact-item-detailed_card__50dTS
19:32:16.086 INFO  manager.ListenerWD - Before find element --> By.cssSelector: .contact-item-detailed_card__50dTS
19:32:16.093 INFO  manager.ListenerWD - After find element --> By.cssSelector: .contact-item-detailed_card__50dTS
19:32:16.128 INFO  manager.ListenerWD - Before find element --> By.cssSelector: .contact-item-detailed_card__50dTS
19:32:16.136 INFO  manager.ListenerWD - After find element --> By.cssSelector: .contact-item-detailed_card__50dTS
19:32:16.168 INFO  manager.ListenerWD - Before find element --> By.cssSelector: .contact-item-detailed_card__50dTS
19:32:16.175 INFO  manager.ListenerWD - After find element --> By.cssSelector: .contact-item-detailed_card__50dTS
19:32:16.206 INFO  manager.ListenerWD - Before find element --> By.cssSelector: .contact-item-detailed_card__50dTS
19:32:16.213 INFO  manager.ListenerWD - After find element --> By.cssSelector: .contact-item-detailed_card__50dTS
19:32:16.255 INFO  manager.ListenerWD - Before find element --> By.cssSelector: .contact-item-detailed_card__50dTS
19:32:16.268 INFO  manager.ListenerWD - After find element --> By.cssSelector: .contact-item-detailed_card__50dTS
19:32:16.325 INFO  manager.ListenerWD - Before find element --> By.cssSelector: .contact-item-detailed_card__50dTS
19:32:16.338 INFO  manager.ListenerWD - After find element --> By.cssSelector: .contact-item-detailed_card__50dTS
19:32:16.390 INFO  manager.ListenerWD - Before find element --> By.cssSelector: .contact-item-detailed_card__50dTS
19:32:16.401 INFO  manager.ListenerWD - After find element --> By.cssSelector: .contact-item-detailed_card__50dTS
19:32:16.461 INFO  manager.ListenerWD - Before find element --> By.cssSelector: .contact-item-detailed_card__50dTS
19:32:16.491 INFO  manager.ListenerWD - After find element --> By.cssSelector: .contact-item-detailed_card__50dTS
19:32:16.555 INFO  manager.ListenerWD - Before find element --> By.cssSelector: .contact-item-detailed_card__50dTS
19:32:16.573 INFO  manager.ListenerWD - After find element --> By.cssSelector: .contact-item-detailed_card__50dTS
19:32:16.624 INFO  manager.ListenerWD - Before find element --> By.cssSelector: .contact-item-detailed_card__50dTS
19:32:16.635 INFO  manager.ListenerWD - After find element --> By.cssSelector: .contact-item-detailed_card__50dTS
19:32:16.678 INFO  manager.ListenerWD - Before find element --> By.cssSelector: .contact-item-detailed_card__50dTS
19:32:16.694 INFO  manager.ListenerWD - After find element --> By.cssSelector: .contact-item-detailed_card__50dTS
19:32:16.755 INFO  manager.ListenerWD - Before find element --> By.cssSelector: .contact-item-detailed_card__50dTS
19:32:16.769 INFO  manager.ListenerWD - After find element --> By.cssSelector: .contact-item-detailed_card__50dTS
19:32:16.820 INFO  manager.ListenerWD - Before find element --> By.cssSelector: .contact-item-detailed_card__50dTS
19:32:16.832 INFO  manager.ListenerWD - After find element --> By.cssSelector: .contact-item-detailed_card__50dTS
19:32:16.882 INFO  manager.ListenerWD - Before find element --> By.cssSelector: .contact-item-detailed_card__50dTS
19:32:16.894 INFO  manager.ListenerWD - After find element --> By.cssSelector: .contact-item-detailed_card__50dTS
19:32:16.951 INFO  manager.ListenerWD - Before find element --> By.cssSelector: .contact-item-detailed_card__50dTS
19:32:16.964 INFO  manager.ListenerWD - After find element --> By.cssSelector: .contact-item-detailed_card__50dTS
19:32:17.022 INFO  manager.ListenerWD - Before find element --> By.cssSelector: .contact-item-detailed_card__50dTS
19:32:17.035 INFO  manager.ListenerWD - After find element --> By.cssSelector: .contact-item-detailed_card__50dTS
19:32:17.086 INFO  manager.ListenerWD - Before find element --> By.cssSelector: .contact-item-detailed_card__50dTS
19:32:17.097 INFO  manager.ListenerWD - After find element --> By.cssSelector: .contact-item-detailed_card__50dTS
19:32:17.142 INFO  manager.ListenerWD - Before find element --> By.cssSelector: .contact-item-detailed_card__50dTS
19:32:17.153 INFO  manager.ListenerWD - After find element --> By.cssSelector: .contact-item-detailed_card__50dTS
19:32:17.200 INFO  manager.ListenerWD - Before find element --> By.cssSelector: .contact-item-detailed_card__50dTS
19:32:17.213 INFO  manager.ListenerWD - After find element --> By.cssSelector: .contact-item-detailed_card__50dTS
19:32:17.264 INFO  manager.ListenerWD - Before find element --> By.cssSelector: .contact-item-detailed_card__50dTS
19:32:17.273 INFO  manager.ListenerWD - After find element --> By.cssSelector: .contact-item-detailed_card__50dTS
19:32:17.333 INFO  manager.ListenerWD - Before find element --> By.cssSelector: .contact-item-detailed_card__50dTS
19:32:17.353 INFO  manager.ListenerWD - After find element --> By.cssSelector: .contact-item-detailed_card__50dTS
19:32:17.403 INFO  manager.ListenerWD - Before find element --> By.cssSelector: .contact-item-detailed_card__50dTS
19:32:17.416 INFO  manager.ListenerWD - After find element --> By.cssSelector: .contact-item-detailed_card__50dTS
19:32:17.486 INFO  manager.ListenerWD - Before find element --> By.cssSelector: .contact-item-detailed_card__50dTS
19:32:17.496 INFO  manager.ListenerWD - After find element --> By.cssSelector: .contact-item-detailed_card__50dTS
19:32:17.534 INFO  manager.ListenerWD - Before find element --> By.cssSelector: .contact-item-detailed_card__50dTS
19:32:17.541 INFO  manager.ListenerWD - After find element --> By.cssSelector: .contact-item-detailed_card__50dTS
19:32:17.578 INFO  manager.ListenerWD - Before find element --> By.cssSelector: .contact-item-detailed_card__50dTS
19:32:17.587 INFO  manager.ListenerWD - After find element --> By.cssSelector: .contact-item-detailed_card__50dTS
19:32:17.620 INFO  manager.ListenerWD - Before find element --> By.cssSelector: .contact-item-detailed_card__50dTS
19:32:17.628 INFO  manager.ListenerWD - After find element --> By.cssSelector: .contact-item-detailed_card__50dTS
19:32:17.666 INFO  manager.ListenerWD - Before find element --> By.cssSelector: .contact-item-detailed_card__50dTS
19:32:17.674 INFO  manager.ListenerWD - After find element --> By.cssSelector: .contact-item-detailed_card__50dTS
19:32:17.712 INFO  manager.ListenerWD - Before find element --> By.cssSelector: .contact-item-detailed_card__50dTS
19:32:17.721 INFO  manager.ListenerWD - After find element --> By.cssSelector: .contact-item-detailed_card__50dTS
19:32:17.753 INFO  manager.ListenerWD - Before find element --> By.cssSelector: .contact-item-detailed_card__50dTS
19:32:17.761 INFO  manager.ListenerWD - After find element --> By.cssSelector: .contact-item-detailed_card__50dTS
19:32:17.800 INFO  manager.ListenerWD - Before find element --> By.cssSelector: .contact-item-detailed_card__50dTS
19:32:17.807 INFO  manager.ListenerWD - After find element --> By.cssSelector: .contact-item-detailed_card__50dTS
19:32:17.844 INFO  manager.ListenerWD - Before find element --> By.cssSelector: .contact-item-detailed_card__50dTS
19:32:17.853 INFO  manager.ListenerWD - After find element --> By.cssSelector: .contact-item-detailed_card__50dTS
19:32:17.893 INFO  manager.ListenerWD - Before find element --> By.cssSelector: .contact-item-detailed_card__50dTS
19:32:17.901 INFO  manager.ListenerWD - After find element --> By.cssSelector: .contact-item-detailed_card__50dTS
19:32:17.938 INFO  manager.ListenerWD - Before find element --> By.cssSelector: .contact-item-detailed_card__50dTS
19:32:17.946 INFO  manager.ListenerWD - After find element --> By.cssSelector: .contact-item-detailed_card__50dTS
19:32:17.982 INFO  manager.ListenerWD - Before find element --> By.cssSelector: .contact-item-detailed_card__50dTS
19:32:17.990 INFO  manager.ListenerWD - After find element --> By.cssSelector: .contact-item-detailed_card__50dTS
19:32:18.033 INFO  manager.ListenerWD - Before find element --> By.cssSelector: .contact-item-detailed_card__50dTS
19:32:18.042 INFO  manager.ListenerWD - After find element --> By.cssSelector: .contact-item-detailed_card__50dTS
19:32:18.086 INFO  manager.ListenerWD - Before find element --> By.cssSelector: .contact-item-detailed_card__50dTS
19:32:18.094 INFO  manager.ListenerWD - After find element --> By.cssSelector: .contact-item-detailed_card__50dTS
19:32:18.137 INFO  manager.ListenerWD - Before find element --> By.cssSelector: .contact-item-detailed_card__50dTS
19:32:18.148 INFO  manager.ListenerWD - After find element --> By.cssSelector: .contact-item-detailed_card__50dTS
19:32:18.187 INFO  manager.ListenerWD - Before find element --> By.cssSelector: .contact-item-detailed_card__50dTS
19:32:18.195 INFO  manager.ListenerWD - After find element --> By.cssSelector: .contact-item-detailed_card__50dTS
19:32:18.232 INFO  manager.ListenerWD - Before find element --> By.cssSelector: .contact-item-detailed_card__50dTS
19:32:18.239 INFO  manager.ListenerWD - After find element --> By.cssSelector: .contact-item-detailed_card__50dTS
19:32:18.279 INFO  manager.ListenerWD - Before find element --> By.cssSelector: .contact-item-detailed_card__50dTS
19:32:18.288 INFO  manager.ListenerWD - After find element --> By.cssSelector: .contact-item-detailed_card__50dTS
19:32:18.321 INFO  manager.ListenerWD - Before find element --> By.cssSelector: .contact-item-detailed_card__50dTS
19:32:18.328 INFO  manager.ListenerWD - After find element --> By.cssSelector: .contact-item-detailed_card__50dTS
19:32:18.366 INFO  manager.ListenerWD - Before find element --> By.cssSelector: .contact-item-detailed_card__50dTS
19:32:18.373 INFO  manager.ListenerWD - After find element --> By.cssSelector: .contact-item-detailed_card__50dTS
19:32:18.408 INFO  manager.ListenerWD - Before find element --> By.cssSelector: .contact-item-detailed_card__50dTS
19:32:18.418 INFO  manager.ListenerWD - After find element --> By.cssSelector: .contact-item-detailed_card__50dTS
19:32:18.453 INFO  manager.ListenerWD - Before find element --> By.cssSelector: .contact-item-detailed_card__50dTS
19:32:18.461 INFO  manager.ListenerWD - After find element --> By.cssSelector: .contact-item-detailed_card__50dTS
19:32:18.500 INFO  manager.ListenerWD - Before find element --> By.cssSelector: .contact-item-detailed_card__50dTS
19:32:18.508 INFO  manager.ListenerWD - After find element --> By.cssSelector: .contact-item-detailed_card__50dTS
19:32:18.547 INFO  manager.ListenerWD - Before find element --> By.cssSelector: .contact-item-detailed_card__50dTS
19:32:18.555 INFO  manager.ListenerWD - After find element --> By.cssSelector: .contact-item-detailed_card__50dTS
19:32:18.589 INFO  manager.ListenerWD - Before find element --> By.cssSelector: .contact-item-detailed_card__50dTS
19:32:18.598 INFO  manager.ListenerWD - After find element --> By.cssSelector: .contact-item-detailed_card__50dTS
19:32:18.632 INFO  manager.ListenerWD - Before find element --> By.cssSelector: .contact-item-detailed_card__50dTS
19:32:18.639 INFO  manager.ListenerWD - After find element --> By.cssSelector: .contact-item-detailed_card__50dTS
19:32:18.674 INFO  manager.ListenerWD - Before find element --> By.cssSelector: .contact-item-detailed_card__50dTS
19:32:18.681 INFO  manager.ListenerWD - After find element --> By.cssSelector: .contact-item-detailed_card__50dTS
19:32:18.717 INFO  manager.ListenerWD - Before find element --> By.cssSelector: .contact-item-detailed_card__50dTS
19:32:18.724 INFO  manager.ListenerWD - After find element --> By.cssSelector: .contact-item-detailed_card__50dTS
19:32:18.760 INFO  manager.ListenerWD - Before find element --> By.cssSelector: .contact-item-detailed_card__50dTS
19:32:18.768 INFO  manager.ListenerWD - After find element --> By.cssSelector: .contact-item-detailed_card__50dTS
19:32:18.806 INFO  manager.ListenerWD - Before find element --> By.cssSelector: .contact-item-detailed_card__50dTS
19:32:18.814 INFO  manager.ListenerWD - After find element --> By.cssSelector: .contact-item-detailed_card__50dTS
19:32:18.854 INFO  manager.ListenerWD - Before find element --> By.cssSelector: .contact-item-detailed_card__50dTS
19:32:18.862 INFO  manager.ListenerWD - After find element --> By.cssSelector: .contact-item-detailed_card__50dTS
19:32:18.897 INFO  manager.ListenerWD - Before find element --> By.cssSelector: .contact-item-detailed_card__50dTS
19:32:18.905 INFO  manager.ListenerWD - After find element --> By.cssSelector: .contact-item-detailed_card__50dTS
19:32:18.937 INFO  manager.ListenerWD - Before find element --> By.cssSelector: .contact-item-detailed_card__50dTS
19:32:18.943 INFO  manager.ListenerWD - After find element --> By.cssSelector: .contact-item-detailed_card__50dTS
19:32:18.978 INFO  manager.ListenerWD - Before find element --> By.cssSelector: .contact-item-detailed_card__50dTS
19:32:18.985 INFO  manager.ListenerWD - After find element --> By.cssSelector: .contact-item-detailed_card__50dTS
19:32:19.018 INFO  manager.ListenerWD - Before find element --> By.cssSelector: .contact-item-detailed_card__50dTS
19:32:19.025 INFO  manager.ListenerWD - After find element --> By.cssSelector: .contact-item-detailed_card__50dTS
19:32:19.057 INFO  manager.ListenerWD - Before find element --> By.cssSelector: .contact-item-detailed_card__50dTS
19:32:19.065 INFO  manager.ListenerWD - After find element --> By.cssSelector: .contact-item-detailed_card__50dTS
19:32:19.099 INFO  manager.ListenerWD - Before find element --> By.cssSelector: .contact-item-detailed_card__50dTS
19:32:19.107 INFO  manager.ListenerWD - After find element --> By.cssSelector: .contact-item-detailed_card__50dTS
19:32:19.145 INFO  manager.ListenerWD - Before find element --> By.cssSelector: .contact-item-detailed_card__50dTS
19:32:19.153 INFO  manager.ListenerWD - After find element --> By.cssSelector: .contact-item-detailed_card__50dTS
19:32:19.184 INFO  manager.ListenerWD - Before find element --> By.cssSelector: .contact-item-detailed_card__50dTS
19:32:19.191 INFO  manager.ListenerWD - After find element --> By.cssSelector: .contact-item-detailed_card__50dTS
19:32:19.229 INFO  manager.ListenerWD - Before find element --> By.cssSelector: .contact-item-detailed_card__50dTS
19:32:19.236 INFO  manager.ListenerWD - After find element --> By.cssSelector: .contact-item-detailed_card__50dTS
19:32:19.270 INFO  manager.ListenerWD - Before find element --> By.cssSelector: .contact-item-detailed_card__50dTS
19:32:19.276 INFO  manager.ListenerWD - After find element --> By.cssSelector: .contact-item-detailed_card__50dTS
19:32:19.310 INFO  manager.ListenerWD - Before find element --> By.cssSelector: .contact-item-detailed_card__50dTS
19:32:19.317 INFO  manager.ListenerWD - After find element --> By.cssSelector: .contact-item-detailed_card__50dTS
19:32:19.350 INFO  manager.ListenerWD - Before find element --> By.cssSelector: .contact-item-detailed_card__50dTS
19:32:19.357 INFO  manager.ListenerWD - After find element --> By.cssSelector: .contact-item-detailed_card__50dTS
19:32:19.391 INFO  manager.ListenerWD - Before find element --> By.cssSelector: .contact-item-detailed_card__50dTS
19:32:19.398 INFO  manager.ListenerWD - After find element --> By.cssSelector: .contact-item-detailed_card__50dTS
19:32:19.430 INFO  manager.ListenerWD - Before find element --> By.cssSelector: .contact-item-detailed_card__50dTS
19:32:19.437 INFO  manager.ListenerWD - After find element --> By.cssSelector: .contact-item-detailed_card__50dTS
19:32:19.473 INFO  manager.ListenerWD - Before find element --> By.cssSelector: .contact-item-detailed_card__50dTS
19:32:19.481 INFO  manager.ListenerWD - After find element --> By.cssSelector: .contact-item-detailed_card__50dTS
19:32:19.516 INFO  manager.ListenerWD - Before find element --> By.cssSelector: .contact-item-detailed_card__50dTS
19:32:19.523 INFO  manager.ListenerWD - After find element --> By.cssSelector: .contact-item-detailed_card__50dTS
19:32:19.557 INFO  manager.ListenerWD - Before find element --> By.cssSelector: .contact-item-detailed_card__50dTS
19:32:19.565 INFO  manager.ListenerWD - After find element --> By.cssSelector: .contact-item-detailed_card__50dTS
19:32:19.597 INFO  manager.ListenerWD - Before find element --> By.cssSelector: .contact-item-detailed_card__50dTS
19:32:19.604 INFO  manager.ListenerWD - After find element --> By.cssSelector: .contact-item-detailed_card__50dTS
19:32:19.638 INFO  manager.ListenerWD - Before find element --> By.cssSelector: .contact-item-detailed_card__50dTS
19:32:19.645 INFO  manager.ListenerWD - After find element --> By.cssSelector: .contact-item-detailed_card__50dTS
19:32:19.681 INFO  manager.ListenerWD - Before find element --> By.cssSelector: .contact-item-detailed_card__50dTS
19:32:19.687 INFO  manager.ListenerWD - After find element --> By.cssSelector: .contact-item-detailed_card__50dTS
19:32:19.722 INFO  manager.ListenerWD - Before find element --> By.cssSelector: .contact-item-detailed_card__50dTS
19:32:19.729 INFO  manager.ListenerWD - After find element --> By.cssSelector: .contact-item-detailed_card__50dTS
19:32:19.764 INFO  manager.ListenerWD - Before find element --> By.cssSelector: .contact-item-detailed_card__50dTS
19:32:19.771 INFO  manager.ListenerWD - After find element --> By.cssSelector: .contact-item-detailed_card__50dTS
19:32:19.805 INFO  manager.ListenerWD - Before find element --> By.cssSelector: .contact-item-detailed_card__50dTS
19:32:19.812 INFO  manager.ListenerWD - After find element --> By.cssSelector: .contact-item-detailed_card__50dTS
19:32:19.848 INFO  manager.ListenerWD - Before find element --> By.cssSelector: .contact-item-detailed_card__50dTS
19:32:19.855 INFO  manager.ListenerWD - After find element --> By.cssSelector: .contact-item-detailed_card__50dTS
19:32:19.890 INFO  manager.ListenerWD - Before find element --> By.cssSelector: .contact-item-detailed_card__50dTS
19:32:19.900 INFO  manager.ListenerWD - After find element --> By.cssSelector: .contact-item-detailed_card__50dTS
19:32:19.938 INFO  manager.ListenerWD - Before find element --> By.cssSelector: .contact-item-detailed_card__50dTS
19:32:19.947 INFO  manager.ListenerWD - After find element --> By.cssSelector: .contact-item-detailed_card__50dTS
19:32:19.983 INFO  manager.ListenerWD - Before find element --> By.cssSelector: .contact-item-detailed_card__50dTS
19:32:19.989 INFO  manager.ListenerWD - After find element --> By.cssSelector: .contact-item-detailed_card__50dTS
19:32:20.025 INFO  manager.ListenerWD - Before find element --> By.cssSelector: .contact-item-detailed_card__50dTS
19:32:20.032 INFO  manager.ListenerWD - After find element --> By.cssSelector: .contact-item-detailed_card__50dTS
19:32:20.065 INFO  manager.ListenerWD - Before find element --> By.cssSelector: .contact-item-detailed_card__50dTS
19:32:20.072 INFO  manager.ListenerWD - After find element --> By.cssSelector: .contact-item-detailed_card__50dTS
19:32:20.079 INFO  tests.TestBase - Tests start with data : Contact(name=Marina1035, lastName=Zara, email=Zara1035@gmail.com, address=Haifa, phone=22222221035, description=null)
19:32:20.080 INFO  tests.TestBase - The name of starts method is ---->addNewContactWrongAddress
19:32:20.080 INFO  manager.ListenerWD - Before find elements --> By.xpath: //button[text()='Sign Out']
19:32:20.087 INFO  manager.ListenerWD - After find elements --> By.xpath: //button[text()='Sign Out']
19:32:20.087 INFO  manager.ListenerWD - List suze is --> 1
19:32:20.087 INFO  manager.ListenerWD - Before find element --> By.cssSelector: a[href='/add']
19:32:20.094 INFO  manager.ListenerWD - After find element --> By.cssSelector: a[href='/add']
19:32:21.114 INFO  manager.ListenerWD - Before find element --> By.cssSelector: input[placeholder='Name']
19:32:21.128 INFO  manager.ListenerWD - After find element --> By.cssSelector: input[placeholder='Name']
19:32:21.198 INFO  manager.ListenerWD - Before find element --> By.cssSelector: input[placeholder='Last Name']
19:32:21.206 INFO  manager.ListenerWD - After find element --> By.cssSelector: input[placeholder='Last Name']
19:32:21.269 INFO  manager.ListenerWD - Before find element --> By.cssSelector: input[placeholder='Phone']
19:32:21.276 INFO  manager.ListenerWD - After find element --> By.cssSelector: input[placeholder='Phone']
19:32:21.347 INFO  manager.ListenerWD - Before find element --> By.cssSelector: input[placeholder='email']
19:32:21.353 INFO  manager.ListenerWD - After find element --> By.cssSelector: input[placeholder='email']
19:32:21.424 INFO  manager.ListenerWD - Before find element --> By.cssSelector: input[placeholder='Address']
19:32:21.432 INFO  manager.ListenerWD - After find element --> By.cssSelector: input[placeholder='Address']
19:32:21.501 INFO  manager.ListenerWD - Before find element --> By.cssSelector: input[placeholder='description']
19:32:21.508 INFO  manager.ListenerWD - After find element --> By.cssSelector: input[placeholder='description']
19:32:21.606 INFO  manager.ListenerWD - Before find element --> By.xpath: //b[text()='Save']
19:32:21.614 INFO  manager.ListenerWD - After find element --> By.xpath: //b[text()='Save']
19:32:22.642 INFO  manager.ListenerWD - Before find elements --> By.cssSelector: a.active[href='/add']
19:32:22.666 INFO  manager.ListenerWD - After find elements --> By.cssSelector: a.active[href='/add']
19:32:22.666 INFO  manager.ListenerWD - List suze is --> 1
19:32:22.666 INFO  tests.TestBase - The name of starts method is ---->addNewContactWrongEmail
19:32:22.666 INFO  manager.ListenerWD - Before find elements --> By.xpath: //button[text()='Sign Out']
19:32:22.673 INFO  manager.ListenerWD - After find elements --> By.xpath: //button[text()='Sign Out']
19:32:22.673 INFO  manager.ListenerWD - List suze is --> 1
19:32:22.673 INFO  manager.ListenerWD - Before find element --> By.cssSelector: a[href='/add']
19:32:22.681 INFO  manager.ListenerWD - After find element --> By.cssSelector: a[href='/add']
19:32:23.709 INFO  manager.ListenerWD - Before find element --> By.cssSelector: input[placeholder='Name']
19:32:23.725 INFO  manager.ListenerWD - After find element --> By.cssSelector: input[placeholder='Name']
19:32:23.881 INFO  manager.ListenerWD - Before find element --> By.cssSelector: input[placeholder='Last Name']
19:32:23.892 INFO  manager.ListenerWD - After find element --> By.cssSelector: input[placeholder='Last Name']
19:32:23.953 INFO  manager.ListenerWD - Before find element --> By.cssSelector: input[placeholder='Phone']
19:32:23.960 INFO  manager.ListenerWD - After find element --> By.cssSelector: input[placeholder='Phone']
19:32:24.015 INFO  manager.ListenerWD - Before find element --> By.cssSelector: input[placeholder='email']
19:32:24.022 INFO  manager.ListenerWD - After find element --> By.cssSelector: input[placeholder='email']
19:32:24.080 INFO  manager.ListenerWD - Before find element --> By.cssSelector: input[placeholder='Address']
19:32:24.087 INFO  manager.ListenerWD - After find element --> By.cssSelector: input[placeholder='Address']
19:32:24.144 INFO  manager.ListenerWD - Before find element --> By.cssSelector: input[placeholder='description']
19:32:24.151 INFO  manager.ListenerWD - After find element --> By.cssSelector: input[placeholder='description']
19:32:24.201 INFO  manager.ListenerWD - Before find element --> By.xpath: //b[text()='Save']
19:32:24.207 INFO  manager.ListenerWD - After find element --> By.xpath: //b[text()='Save']
19:32:25.285 INFO  tests.TestBase - The name of starts method is ---->addNewContactWrongLastName
19:32:25.285 INFO  manager.ListenerWD - Before find elements --> By.xpath: //button[text()='Sign Out']
19:32:25.305 INFO  manager.ListenerWD - After find elements --> By.xpath: //button[text()='Sign Out']
19:32:25.305 INFO  manager.ListenerWD - List suze is --> 1
19:32:25.306 INFO  manager.ListenerWD - Before find element --> By.cssSelector: a[href='/add']
19:32:25.318 INFO  manager.ListenerWD - After find element --> By.cssSelector: a[href='/add']
19:32:26.347 INFO  manager.ListenerWD - Before find element --> By.cssSelector: input[placeholder='Name']
19:32:26.355 INFO  manager.ListenerWD - After find element --> By.cssSelector: input[placeholder='Name']
19:32:26.429 INFO  manager.ListenerWD - Before find element --> By.cssSelector: input[placeholder='Last Name']
19:32:26.437 INFO  manager.ListenerWD - After find element --> By.cssSelector: input[placeholder='Last Name']
19:32:26.511 INFO  manager.ListenerWD - Before find element --> By.cssSelector: input[placeholder='Phone']
19:32:26.520 INFO  manager.ListenerWD - After find element --> By.cssSelector: input[placeholder='Phone']
19:32:26.599 INFO  manager.ListenerWD - Before find element --> By.cssSelector: input[placeholder='email']
19:32:26.608 INFO  manager.ListenerWD - After find element --> By.cssSelector: input[placeholder='email']
19:32:26.687 INFO  manager.ListenerWD - Before find element --> By.cssSelector: input[placeholder='Address']
19:32:26.696 INFO  manager.ListenerWD - After find element --> By.cssSelector: input[placeholder='Address']
19:32:26.764 INFO  manager.ListenerWD - Before find element --> By.cssSelector: input[placeholder='description']
19:32:26.772 INFO  manager.ListenerWD - After find element --> By.cssSelector: input[placeholder='description']
19:32:26.835 INFO  manager.ListenerWD - Before find element --> By.xpath: //b[text()='Save']
19:32:26.843 INFO  manager.ListenerWD - After find element --> By.xpath: //b[text()='Save']
19:32:27.866 INFO  manager.ListenerWD - Before find elements --> By.cssSelector: a.active[href='/add']
19:32:27.877 INFO  manager.ListenerWD - After find elements --> By.cssSelector: a.active[href='/add']
19:32:27.877 INFO  manager.ListenerWD - List suze is --> 1
19:32:27.878 INFO  tests.TestBase - The name of starts method is ---->addNewContactWrongName
19:32:27.878 INFO  manager.ListenerWD - Before find elements --> By.xpath: //button[text()='Sign Out']
19:32:27.885 INFO  manager.ListenerWD - After find elements --> By.xpath: //button[text()='Sign Out']
19:32:27.885 INFO  manager.ListenerWD - List suze is --> 1
19:32:27.886 INFO  manager.ListenerWD - Before find element --> By.cssSelector: a[href='/add']
19:32:27.892 INFO  manager.ListenerWD - After find element --> By.cssSelector: a[href='/add']
19:32:28.912 INFO  manager.ListenerWD - Before find element --> By.cssSelector: input[placeholder='Name']
19:32:28.922 INFO  manager.ListenerWD - After find element --> By.cssSelector: input[placeholder='Name']
19:32:28.966 INFO  manager.ListenerWD - Before find element --> By.cssSelector: input[placeholder='Last Name']
19:32:28.973 INFO  manager.ListenerWD - After find element --> By.cssSelector: input[placeholder='Last Name']
19:32:29.030 INFO  manager.ListenerWD - Before find element --> By.cssSelector: input[placeholder='Phone']
19:32:29.038 INFO  manager.ListenerWD - After find element --> By.cssSelector: input[placeholder='Phone']
19:32:29.121 INFO  manager.ListenerWD - Before find element --> By.cssSelector: input[placeholder='email']
19:32:29.132 INFO  manager.ListenerWD - After find element --> By.cssSelector: input[placeholder='email']
19:32:29.234 INFO  manager.ListenerWD - Before find element --> By.cssSelector: input[placeholder='Address']
19:32:29.245 INFO  manager.ListenerWD - After find element --> By.cssSelector: input[placeholder='Address']
19:32:29.325 INFO  manager.ListenerWD - Before find element --> By.cssSelector: input[placeholder='description']
19:32:29.334 INFO  manager.ListenerWD - After find element --> By.cssSelector: input[placeholder='description']
19:32:29.434 INFO  manager.ListenerWD - Before find element --> By.xpath: //b[text()='Save']
19:32:29.440 INFO  manager.ListenerWD - After find element --> By.xpath: //b[text()='Save']
19:32:30.466 INFO  manager.ListenerWD - Before find elements --> By.cssSelector: a.active[href='/add']
19:32:30.474 INFO  manager.ListenerWD - After find elements --> By.cssSelector: a.active[href='/add']
19:32:30.474 INFO  manager.ListenerWD - List suze is --> 1
19:32:30.475 INFO  tests.TestBase - The name of starts method is ---->addNewContactWrongName1
19:32:30.475 INFO  manager.ListenerWD - Before find elements --> By.xpath: //button[text()='Sign Out']
19:32:30.483 INFO  manager.ListenerWD - After find elements --> By.xpath: //button[text()='Sign Out']
19:32:30.483 INFO  manager.ListenerWD - List suze is --> 1
19:32:30.483 INFO  manager.ListenerWD - Before find element --> By.cssSelector: a[href='/add']
19:32:30.490 INFO  manager.ListenerWD - After find element --> By.cssSelector: a[href='/add']
19:32:31.506 INFO  manager.ListenerWD - Before find element --> By.cssSelector: input[placeholder='Name']
19:32:31.526 INFO  manager.ListenerWD - After find element --> By.cssSelector: input[placeholder='Name']
19:32:31.574 INFO  manager.ListenerWD - Before find element --> By.cssSelector: input[placeholder='Last Name']
19:32:31.580 INFO  manager.ListenerWD - After find element --> By.cssSelector: input[placeholder='Last Name']
19:32:31.626 INFO  manager.ListenerWD - Before find element --> By.cssSelector: input[placeholder='Phone']
19:32:31.632 INFO  manager.ListenerWD - After find element --> By.cssSelector: input[placeholder='Phone']
19:32:31.686 INFO  manager.ListenerWD - Before find element --> By.cssSelector: input[placeholder='email']
19:32:31.693 INFO  manager.ListenerWD - After find element --> By.cssSelector: input[placeholder='email']
19:32:31.748 INFO  manager.ListenerWD - Before find element --> By.cssSelector: input[placeholder='Address']
19:32:31.757 INFO  manager.ListenerWD - After find element --> By.cssSelector: input[placeholder='Address']
19:32:31.807 INFO  manager.ListenerWD - Before find element --> By.cssSelector: input[placeholder='description']
19:32:31.814 INFO  manager.ListenerWD - After find element --> By.cssSelector: input[placeholder='description']
19:32:31.868 INFO  manager.ListenerWD - Before find element --> By.xpath: //b[text()='Save']
19:32:31.877 INFO  manager.ListenerWD - After find element --> By.xpath: //b[text()='Save']
19:32:32.897 INFO  manager.ListenerWD - Before find elements --> By.cssSelector: a.active[href='/add']
19:32:32.927 INFO  manager.ListenerWD - After find elements --> By.cssSelector: a.active[href='/add']
19:32:32.927 INFO  manager.ListenerWD - List suze is --> 1
19:32:32.930 INFO  tests.TestBase - The name of starts method is ---->addNewContactWrongPhone
19:32:32.931 INFO  manager.ListenerWD - Before find elements --> By.xpath: //button[text()='Sign Out']
19:32:32.944 INFO  manager.ListenerWD - After find elements --> By.xpath: //button[text()='Sign Out']
19:32:32.944 INFO  manager.ListenerWD - List suze is --> 1
19:32:32.944 INFO  manager.ListenerWD - Before find element --> By.cssSelector: a[href='/add']
19:32:32.951 INFO  manager.ListenerWD - After find element --> By.cssSelector: a[href='/add']
19:32:33.979 INFO  manager.ListenerWD - Before find element --> By.cssSelector: input[placeholder='Name']
19:32:33.999 INFO  manager.ListenerWD - After find element --> By.cssSelector: input[placeholder='Name']
19:32:34.046 INFO  manager.ListenerWD - Before find element --> By.cssSelector: input[placeholder='Last Name']
19:32:34.054 INFO  manager.ListenerWD - After find element --> By.cssSelector: input[placeholder='Last Name']
19:32:34.099 INFO  manager.ListenerWD - Before find element --> By.cssSelector: input[placeholder='Phone']
19:32:34.105 INFO  manager.ListenerWD - After find element --> By.cssSelector: input[placeholder='Phone']
19:32:34.152 INFO  manager.ListenerWD - Before find element --> By.cssSelector: input[placeholder='email']
19:32:34.159 INFO  manager.ListenerWD - After find element --> By.cssSelector: input[placeholder='email']
19:32:34.213 INFO  manager.ListenerWD - Before find element --> By.cssSelector: input[placeholder='Address']
19:32:34.220 INFO  manager.ListenerWD - After find element --> By.cssSelector: input[placeholder='Address']
19:32:34.277 INFO  manager.ListenerWD - Before find element --> By.cssSelector: input[placeholder='description']
19:32:34.300 INFO  manager.ListenerWD - After find element --> By.cssSelector: input[placeholder='description']
19:32:34.345 INFO  manager.ListenerWD - Before find element --> By.xpath: //b[text()='Save']
19:32:34.351 INFO  manager.ListenerWD - After find element --> By.xpath: //b[text()='Save']
