11:20:01.276 INFO  manager.ApplicationManager - All tests star in Chrome Browser
11:20:02.836 INFO  manager.ApplicationManager - Current Url -->https://telranedu.web.app/home
11:20:02.863 INFO  tests.TestBase - The name of starts method is ---->addContactSuccess
11:20:02.864 INFO  manager.ListenerWD - Before find elements --> By.xpath: //button[text()='Sign Out']
11:20:07.911 INFO  manager.ListenerWD - After find elements --> By.xpath: //button[text()='Sign Out']
11:20:07.914 INFO  manager.ListenerWD - List suze is --> 0
11:20:07.916 INFO  manager.ListenerWD - Before find element --> By.cssSelector: a[href='/login']
11:20:07.942 INFO  manager.ListenerWD - After find element --> By.cssSelector: a[href='/login']
11:20:08.010 INFO  manager.ListenerWD - Before find element --> By.name: email
11:20:08.037 INFO  manager.ListenerWD - After find element --> By.name: email
11:20:08.192 INFO  manager.ListenerWD - Before find element --> By.name: password
11:20:08.213 INFO  manager.ListenerWD - After find element --> By.name: password
11:20:08.314 INFO  manager.ListenerWD - Before find element --> By.cssSelector: [name='login']
11:20:08.332 INFO  manager.ListenerWD - After find element --> By.cssSelector: [name='login']
11:20:08.379 INFO  manager.ListenerWD - Before find element --> By.cssSelector: a[href='/add']
11:20:09.520 INFO  manager.ListenerWD - After find element --> By.cssSelector: a[href='/add']
11:20:10.563 INFO  manager.ListenerWD - Before find element --> By.cssSelector: input[placeholder='Name']
11:20:10.592 INFO  manager.ListenerWD - After find element --> By.cssSelector: input[placeholder='Name']
11:20:10.716 INFO  manager.ListenerWD - Before find element --> By.cssSelector: input[placeholder='Last Name']
11:20:10.735 INFO  manager.ListenerWD - After find element --> By.cssSelector: input[placeholder='Last Name']
11:20:10.828 INFO  manager.ListenerWD - Before find element --> By.cssSelector: input[placeholder='Phone']
11:20:10.842 INFO  manager.ListenerWD - After find element --> By.cssSelector: input[placeholder='Phone']
11:20:10.926 INFO  manager.ListenerWD - Before find element --> By.cssSelector: input[placeholder='email']
11:20:10.941 INFO  manager.ListenerWD - After find element --> By.cssSelector: input[placeholder='email']
11:20:11.081 INFO  manager.ListenerWD - Before find element --> By.cssSelector: input[placeholder='Address']
11:20:11.108 INFO  manager.ListenerWD - After find element --> By.cssSelector: input[placeholder='Address']
11:20:11.230 INFO  manager.ListenerWD - Before find element --> By.cssSelector: input[placeholder='description']
11:20:11.250 INFO  manager.ListenerWD - After find element --> By.cssSelector: input[placeholder='description']
11:20:11.314 INFO  manager.ListenerWD - Before find element --> By.xpath: //b[text()='Save']
11:20:11.329 INFO  manager.ListenerWD - After find element --> By.xpath: //b[text()='Save']
11:20:12.365 INFO  manager.ListenerWD - Before find elements --> By.cssSelector: h2
11:20:12.802 INFO  manager.ListenerWD - After find elements --> By.cssSelector: h2
11:20:12.802 INFO  manager.ListenerWD - List suze is --> 87
11:20:13.693 INFO  manager.ListenerWD - Before find elements --> By.cssSelector: h3
11:20:14.061 INFO  manager.ListenerWD - After find elements --> By.cssSelector: h3
11:20:14.061 INFO  manager.ListenerWD - List suze is --> 87
11:20:14.988 INFO  manager.ListenerWD - Before find elements --> By.cssSelector: .contact-item_card__2SOIM
11:20:15.285 INFO  manager.ListenerWD - After find elements --> By.cssSelector: .contact-item_card__2SOIM
11:20:15.285 INFO  manager.ListenerWD - List suze is --> 87
11:20:15.335 INFO  manager.ListenerWD - Before find element --> By.cssSelector: .contact-item-detailed_card__50dTS
11:20:15.355 INFO  manager.ListenerWD - After find element --> By.cssSelector: .contact-item-detailed_card__50dTS
11:20:15.410 INFO  manager.ListenerWD - Before find element --> By.cssSelector: .contact-item-detailed_card__50dTS
11:20:15.427 INFO  manager.ListenerWD - After find element --> By.cssSelector: .contact-item-detailed_card__50dTS
11:20:15.474 INFO  manager.ListenerWD - Before find element --> By.cssSelector: .contact-item-detailed_card__50dTS
11:20:15.485 INFO  manager.ListenerWD - After find element --> By.cssSelector: .contact-item-detailed_card__50dTS
11:20:15.524 INFO  manager.ListenerWD - Before find element --> By.cssSelector: .contact-item-detailed_card__50dTS
11:20:15.537 INFO  manager.ListenerWD - After find element --> By.cssSelector: .contact-item-detailed_card__50dTS
11:20:15.582 INFO  manager.ListenerWD - Before find element --> By.cssSelector: .contact-item-detailed_card__50dTS
11:20:15.594 INFO  manager.ListenerWD - After find element --> By.cssSelector: .contact-item-detailed_card__50dTS
11:20:15.632 INFO  manager.ListenerWD - Before find element --> By.cssSelector: .contact-item-detailed_card__50dTS
11:20:15.646 INFO  manager.ListenerWD - After find element --> By.cssSelector: .contact-item-detailed_card__50dTS
11:20:15.701 INFO  manager.ListenerWD - Before find element --> By.cssSelector: .contact-item-detailed_card__50dTS
11:20:15.715 INFO  manager.ListenerWD - After find element --> By.cssSelector: .contact-item-detailed_card__50dTS
11:20:15.772 INFO  manager.ListenerWD - Before find element --> By.cssSelector: .contact-item-detailed_card__50dTS
11:20:15.785 INFO  manager.ListenerWD - After find element --> By.cssSelector: .contact-item-detailed_card__50dTS
11:20:15.844 INFO  manager.ListenerWD - Before find element --> By.cssSelector: .contact-item-detailed_card__50dTS
11:20:15.861 INFO  manager.ListenerWD - After find element --> By.cssSelector: .contact-item-detailed_card__50dTS
11:20:15.908 INFO  manager.ListenerWD - Before find element --> By.cssSelector: .contact-item-detailed_card__50dTS
11:20:15.921 INFO  manager.ListenerWD - After find element --> By.cssSelector: .contact-item-detailed_card__50dTS
11:20:15.959 INFO  manager.ListenerWD - Before find element --> By.cssSelector: .contact-item-detailed_card__50dTS
11:20:15.972 INFO  manager.ListenerWD - After find element --> By.cssSelector: .contact-item-detailed_card__50dTS
11:20:16.008 INFO  manager.ListenerWD - Before find element --> By.cssSelector: .contact-item-detailed_card__50dTS
11:20:16.017 INFO  manager.ListenerWD - After find element --> By.cssSelector: .contact-item-detailed_card__50dTS
11:20:16.058 INFO  manager.ListenerWD - Before find element --> By.cssSelector: .contact-item-detailed_card__50dTS
11:20:16.067 INFO  manager.ListenerWD - After find element --> By.cssSelector: .contact-item-detailed_card__50dTS
11:20:16.101 INFO  manager.ListenerWD - Before find element --> By.cssSelector: .contact-item-detailed_card__50dTS
11:20:16.108 INFO  manager.ListenerWD - After find element --> By.cssSelector: .contact-item-detailed_card__50dTS
11:20:16.139 INFO  manager.ListenerWD - Before find element --> By.cssSelector: .contact-item-detailed_card__50dTS
11:20:16.146 INFO  manager.ListenerWD - After find element --> By.cssSelector: .contact-item-detailed_card__50dTS
11:20:16.178 INFO  manager.ListenerWD - Before find element --> By.cssSelector: .contact-item-detailed_card__50dTS
11:20:16.186 INFO  manager.ListenerWD - After find element --> By.cssSelector: .contact-item-detailed_card__50dTS
11:20:16.218 INFO  manager.ListenerWD - Before find element --> By.cssSelector: .contact-item-detailed_card__50dTS
11:20:16.227 INFO  manager.ListenerWD - After find element --> By.cssSelector: .contact-item-detailed_card__50dTS
11:20:16.257 INFO  manager.ListenerWD - Before find element --> By.cssSelector: .contact-item-detailed_card__50dTS
11:20:16.266 INFO  manager.ListenerWD - After find element --> By.cssSelector: .contact-item-detailed_card__50dTS
11:20:16.301 INFO  manager.ListenerWD - Before find element --> By.cssSelector: .contact-item-detailed_card__50dTS
11:20:16.311 INFO  manager.ListenerWD - After find element --> By.cssSelector: .contact-item-detailed_card__50dTS
11:20:16.346 INFO  manager.ListenerWD - Before find element --> By.cssSelector: .contact-item-detailed_card__50dTS
11:20:16.355 INFO  manager.ListenerWD - After find element --> By.cssSelector: .contact-item-detailed_card__50dTS
11:20:16.388 INFO  manager.ListenerWD - Before find element --> By.cssSelector: .contact-item-detailed_card__50dTS
11:20:16.398 INFO  manager.ListenerWD - After find element --> By.cssSelector: .contact-item-detailed_card__50dTS
11:20:16.432 INFO  manager.ListenerWD - Before find element --> By.cssSelector: .contact-item-detailed_card__50dTS
11:20:16.441 INFO  manager.ListenerWD - After find element --> By.cssSelector: .contact-item-detailed_card__50dTS
11:20:16.478 INFO  manager.ListenerWD - Before find element --> By.cssSelector: .contact-item-detailed_card__50dTS
11:20:16.489 INFO  manager.ListenerWD - After find element --> By.cssSelector: .contact-item-detailed_card__50dTS
11:20:16.523 INFO  manager.ListenerWD - Before find element --> By.cssSelector: .contact-item-detailed_card__50dTS
11:20:16.532 INFO  manager.ListenerWD - After find element --> By.cssSelector: .contact-item-detailed_card__50dTS
11:20:16.570 INFO  manager.ListenerWD - Before find element --> By.cssSelector: .contact-item-detailed_card__50dTS
11:20:16.578 INFO  manager.ListenerWD - After find element --> By.cssSelector: .contact-item-detailed_card__50dTS
11:20:16.617 INFO  manager.ListenerWD - Before find element --> By.cssSelector: .contact-item-detailed_card__50dTS
11:20:16.631 INFO  manager.ListenerWD - After find element --> By.cssSelector: .contact-item-detailed_card__50dTS
11:20:16.670 INFO  manager.ListenerWD - Before find element --> By.cssSelector: .contact-item-detailed_card__50dTS
11:20:16.678 INFO  manager.ListenerWD - After find element --> By.cssSelector: .contact-item-detailed_card__50dTS
11:20:16.715 INFO  manager.ListenerWD - Before find element --> By.cssSelector: .contact-item-detailed_card__50dTS
11:20:16.725 INFO  manager.ListenerWD - After find element --> By.cssSelector: .contact-item-detailed_card__50dTS
11:20:16.760 INFO  manager.ListenerWD - Before find element --> By.cssSelector: .contact-item-detailed_card__50dTS
11:20:16.769 INFO  manager.ListenerWD - After find element --> By.cssSelector: .contact-item-detailed_card__50dTS
11:20:16.803 INFO  manager.ListenerWD - Before find element --> By.cssSelector: .contact-item-detailed_card__50dTS
11:20:16.814 INFO  manager.ListenerWD - After find element --> By.cssSelector: .contact-item-detailed_card__50dTS
11:20:16.856 INFO  manager.ListenerWD - Before find element --> By.cssSelector: .contact-item-detailed_card__50dTS
11:20:16.868 INFO  manager.ListenerWD - After find element --> By.cssSelector: .contact-item-detailed_card__50dTS
11:20:16.909 INFO  manager.ListenerWD - Before find element --> By.cssSelector: .contact-item-detailed_card__50dTS
11:20:16.919 INFO  manager.ListenerWD - After find element --> By.cssSelector: .contact-item-detailed_card__50dTS
11:20:16.956 INFO  manager.ListenerWD - Before find element --> By.cssSelector: .contact-item-detailed_card__50dTS
11:20:16.965 INFO  manager.ListenerWD - After find element --> By.cssSelector: .contact-item-detailed_card__50dTS
11:20:16.999 INFO  manager.ListenerWD - Before find element --> By.cssSelector: .contact-item-detailed_card__50dTS
11:20:17.007 INFO  manager.ListenerWD - After find element --> By.cssSelector: .contact-item-detailed_card__50dTS
11:20:17.039 INFO  manager.ListenerWD - Before find element --> By.cssSelector: .contact-item-detailed_card__50dTS
11:20:17.046 INFO  manager.ListenerWD - After find element --> By.cssSelector: .contact-item-detailed_card__50dTS
11:20:17.076 INFO  manager.ListenerWD - Before find element --> By.cssSelector: .contact-item-detailed_card__50dTS
11:20:17.085 INFO  manager.ListenerWD - After find element --> By.cssSelector: .contact-item-detailed_card__50dTS
11:20:17.117 INFO  manager.ListenerWD - Before find element --> By.cssSelector: .contact-item-detailed_card__50dTS
11:20:17.125 INFO  manager.ListenerWD - After find element --> By.cssSelector: .contact-item-detailed_card__50dTS
11:20:17.158 INFO  manager.ListenerWD - Before find element --> By.cssSelector: .contact-item-detailed_card__50dTS
11:20:17.167 INFO  manager.ListenerWD - After find element --> By.cssSelector: .contact-item-detailed_card__50dTS
11:20:17.201 INFO  manager.ListenerWD - Before find element --> By.cssSelector: .contact-item-detailed_card__50dTS
11:20:17.211 INFO  manager.ListenerWD - After find element --> By.cssSelector: .contact-item-detailed_card__50dTS
11:20:17.245 INFO  manager.ListenerWD - Before find element --> By.cssSelector: .contact-item-detailed_card__50dTS
11:20:17.254 INFO  manager.ListenerWD - After find element --> By.cssSelector: .contact-item-detailed_card__50dTS
11:20:17.283 INFO  manager.ListenerWD - Before find element --> By.cssSelector: .contact-item-detailed_card__50dTS
11:20:17.290 INFO  manager.ListenerWD - After find element --> By.cssSelector: .contact-item-detailed_card__50dTS
11:20:17.321 INFO  manager.ListenerWD - Before find element --> By.cssSelector: .contact-item-detailed_card__50dTS
11:20:17.328 INFO  manager.ListenerWD - After find element --> By.cssSelector: .contact-item-detailed_card__50dTS
11:20:17.359 INFO  manager.ListenerWD - Before find element --> By.cssSelector: .contact-item-detailed_card__50dTS
11:20:17.367 INFO  manager.ListenerWD - After find element --> By.cssSelector: .contact-item-detailed_card__50dTS
11:20:17.399 INFO  manager.ListenerWD - Before find element --> By.cssSelector: .contact-item-detailed_card__50dTS
11:20:17.406 INFO  manager.ListenerWD - After find element --> By.cssSelector: .contact-item-detailed_card__50dTS
11:20:17.436 INFO  manager.ListenerWD - Before find element --> By.cssSelector: .contact-item-detailed_card__50dTS
11:20:17.443 INFO  manager.ListenerWD - After find element --> By.cssSelector: .contact-item-detailed_card__50dTS
11:20:17.475 INFO  manager.ListenerWD - Before find element --> By.cssSelector: .contact-item-detailed_card__50dTS
11:20:17.483 INFO  manager.ListenerWD - After find element --> By.cssSelector: .contact-item-detailed_card__50dTS
11:20:17.512 INFO  manager.ListenerWD - Before find element --> By.cssSelector: .contact-item-detailed_card__50dTS
11:20:17.520 INFO  manager.ListenerWD - After find element --> By.cssSelector: .contact-item-detailed_card__50dTS
11:20:17.550 INFO  manager.ListenerWD - Before find element --> By.cssSelector: .contact-item-detailed_card__50dTS
11:20:17.557 INFO  manager.ListenerWD - After find element --> By.cssSelector: .contact-item-detailed_card__50dTS
11:20:17.587 INFO  manager.ListenerWD - Before find element --> By.cssSelector: .contact-item-detailed_card__50dTS
11:20:17.593 INFO  manager.ListenerWD - After find element --> By.cssSelector: .contact-item-detailed_card__50dTS
11:20:17.625 INFO  manager.ListenerWD - Before find element --> By.cssSelector: .contact-item-detailed_card__50dTS
11:20:17.634 INFO  manager.ListenerWD - After find element --> By.cssSelector: .contact-item-detailed_card__50dTS
11:20:17.666 INFO  manager.ListenerWD - Before find element --> By.cssSelector: .contact-item-detailed_card__50dTS
11:20:17.674 INFO  manager.ListenerWD - After find element --> By.cssSelector: .contact-item-detailed_card__50dTS
11:20:17.703 INFO  manager.ListenerWD - Before find element --> By.cssSelector: .contact-item-detailed_card__50dTS
11:20:17.711 INFO  manager.ListenerWD - After find element --> By.cssSelector: .contact-item-detailed_card__50dTS
11:20:17.743 INFO  manager.ListenerWD - Before find element --> By.cssSelector: .contact-item-detailed_card__50dTS
11:20:17.751 INFO  manager.ListenerWD - After find element --> By.cssSelector: .contact-item-detailed_card__50dTS
11:20:17.786 INFO  manager.ListenerWD - Before find element --> By.cssSelector: .contact-item-detailed_card__50dTS
11:20:17.793 INFO  manager.ListenerWD - After find element --> By.cssSelector: .contact-item-detailed_card__50dTS
11:20:17.825 INFO  manager.ListenerWD - Before find element --> By.cssSelector: .contact-item-detailed_card__50dTS
11:20:17.834 INFO  manager.ListenerWD - After find element --> By.cssSelector: .contact-item-detailed_card__50dTS
11:20:17.866 INFO  manager.ListenerWD - Before find element --> By.cssSelector: .contact-item-detailed_card__50dTS
11:20:17.876 INFO  manager.ListenerWD - After find element --> By.cssSelector: .contact-item-detailed_card__50dTS
11:20:17.907 INFO  manager.ListenerWD - Before find element --> By.cssSelector: .contact-item-detailed_card__50dTS
11:20:17.914 INFO  manager.ListenerWD - After find element --> By.cssSelector: .contact-item-detailed_card__50dTS
11:20:17.944 INFO  manager.ListenerWD - Before find element --> By.cssSelector: .contact-item-detailed_card__50dTS
11:20:17.952 INFO  manager.ListenerWD - After find element --> By.cssSelector: .contact-item-detailed_card__50dTS
11:20:17.981 INFO  manager.ListenerWD - Before find element --> By.cssSelector: .contact-item-detailed_card__50dTS
11:20:17.989 INFO  manager.ListenerWD - After find element --> By.cssSelector: .contact-item-detailed_card__50dTS
11:20:18.021 INFO  manager.ListenerWD - Before find element --> By.cssSelector: .contact-item-detailed_card__50dTS
11:20:18.028 INFO  manager.ListenerWD - After find element --> By.cssSelector: .contact-item-detailed_card__50dTS
11:20:18.057 INFO  manager.ListenerWD - Before find element --> By.cssSelector: .contact-item-detailed_card__50dTS
11:20:18.063 INFO  manager.ListenerWD - After find element --> By.cssSelector: .contact-item-detailed_card__50dTS
11:20:18.093 INFO  manager.ListenerWD - Before find element --> By.cssSelector: .contact-item-detailed_card__50dTS
11:20:18.101 INFO  manager.ListenerWD - After find element --> By.cssSelector: .contact-item-detailed_card__50dTS
11:20:18.132 INFO  manager.ListenerWD - Before find element --> By.cssSelector: .contact-item-detailed_card__50dTS
11:20:18.139 INFO  manager.ListenerWD - After find element --> By.cssSelector: .contact-item-detailed_card__50dTS
11:20:18.168 INFO  manager.ListenerWD - Before find element --> By.cssSelector: .contact-item-detailed_card__50dTS
11:20:18.175 INFO  manager.ListenerWD - After find element --> By.cssSelector: .contact-item-detailed_card__50dTS
11:20:18.206 INFO  manager.ListenerWD - Before find element --> By.cssSelector: .contact-item-detailed_card__50dTS
11:20:18.213 INFO  manager.ListenerWD - After find element --> By.cssSelector: .contact-item-detailed_card__50dTS
11:20:18.245 INFO  manager.ListenerWD - Before find element --> By.cssSelector: .contact-item-detailed_card__50dTS
11:20:18.254 INFO  manager.ListenerWD - After find element --> By.cssSelector: .contact-item-detailed_card__50dTS
11:20:18.283 INFO  manager.ListenerWD - Before find element --> By.cssSelector: .contact-item-detailed_card__50dTS
11:20:18.290 INFO  manager.ListenerWD - After find element --> By.cssSelector: .contact-item-detailed_card__50dTS
11:20:18.321 INFO  manager.ListenerWD - Before find element --> By.cssSelector: .contact-item-detailed_card__50dTS
11:20:18.328 INFO  manager.ListenerWD - After find element --> By.cssSelector: .contact-item-detailed_card__50dTS
11:20:18.360 INFO  manager.ListenerWD - Before find element --> By.cssSelector: .contact-item-detailed_card__50dTS
11:20:18.367 INFO  manager.ListenerWD - After find element --> By.cssSelector: .contact-item-detailed_card__50dTS
11:20:18.397 INFO  manager.ListenerWD - Before find element --> By.cssSelector: .contact-item-detailed_card__50dTS
11:20:18.405 INFO  manager.ListenerWD - After find element --> By.cssSelector: .contact-item-detailed_card__50dTS
11:20:18.435 INFO  manager.ListenerWD - Before find element --> By.cssSelector: .contact-item-detailed_card__50dTS
11:20:18.441 INFO  manager.ListenerWD - After find element --> By.cssSelector: .contact-item-detailed_card__50dTS
11:20:18.471 INFO  manager.ListenerWD - Before find element --> By.cssSelector: .contact-item-detailed_card__50dTS
11:20:18.478 INFO  manager.ListenerWD - After find element --> By.cssSelector: .contact-item-detailed_card__50dTS
11:20:18.509 INFO  manager.ListenerWD - Before find element --> By.cssSelector: .contact-item-detailed_card__50dTS
11:20:18.517 INFO  manager.ListenerWD - After find element --> By.cssSelector: .contact-item-detailed_card__50dTS
11:20:18.547 INFO  manager.ListenerWD - Before find element --> By.cssSelector: .contact-item-detailed_card__50dTS
11:20:18.555 INFO  manager.ListenerWD - After find element --> By.cssSelector: .contact-item-detailed_card__50dTS
11:20:18.584 INFO  manager.ListenerWD - Before find element --> By.cssSelector: .contact-item-detailed_card__50dTS
11:20:18.591 INFO  manager.ListenerWD - After find element --> By.cssSelector: .contact-item-detailed_card__50dTS
11:20:18.622 INFO  manager.ListenerWD - Before find element --> By.cssSelector: .contact-item-detailed_card__50dTS
11:20:18.638 INFO  manager.ListenerWD - After find element --> By.cssSelector: .contact-item-detailed_card__50dTS
11:20:18.674 INFO  manager.ListenerWD - Before find element --> By.cssSelector: .contact-item-detailed_card__50dTS
11:20:18.683 INFO  manager.ListenerWD - After find element --> By.cssSelector: .contact-item-detailed_card__50dTS
11:20:18.714 INFO  manager.ListenerWD - Before find element --> By.cssSelector: .contact-item-detailed_card__50dTS
11:20:18.722 INFO  manager.ListenerWD - After find element --> By.cssSelector: .contact-item-detailed_card__50dTS
11:20:18.752 INFO  manager.ListenerWD - Before find element --> By.cssSelector: .contact-item-detailed_card__50dTS
11:20:18.759 INFO  manager.ListenerWD - After find element --> By.cssSelector: .contact-item-detailed_card__50dTS
11:20:18.789 INFO  manager.ListenerWD - Before find element --> By.cssSelector: .contact-item-detailed_card__50dTS
11:20:18.797 INFO  manager.ListenerWD - After find element --> By.cssSelector: .contact-item-detailed_card__50dTS
11:20:18.831 INFO  manager.ListenerWD - Before find element --> By.cssSelector: .contact-item-detailed_card__50dTS
11:20:18.838 INFO  manager.ListenerWD - After find element --> By.cssSelector: .contact-item-detailed_card__50dTS
11:20:18.870 INFO  manager.ListenerWD - Before find element --> By.cssSelector: .contact-item-detailed_card__50dTS
11:20:18.879 INFO  manager.ListenerWD - After find element --> By.cssSelector: .contact-item-detailed_card__50dTS
11:20:18.914 INFO  manager.ListenerWD - Before find element --> By.cssSelector: .contact-item-detailed_card__50dTS
11:20:18.926 INFO  manager.ListenerWD - After find element --> By.cssSelector: .contact-item-detailed_card__50dTS
11:20:18.957 INFO  manager.ListenerWD - Before find element --> By.cssSelector: .contact-item-detailed_card__50dTS
11:20:18.965 INFO  manager.ListenerWD - After find element --> By.cssSelector: .contact-item-detailed_card__50dTS
11:20:18.997 INFO  manager.ListenerWD - Before find element --> By.cssSelector: .contact-item-detailed_card__50dTS
11:20:19.005 INFO  manager.ListenerWD - After find element --> By.cssSelector: .contact-item-detailed_card__50dTS
11:20:19.035 INFO  manager.ListenerWD - Before find element --> By.cssSelector: .contact-item-detailed_card__50dTS
11:20:19.042 INFO  manager.ListenerWD - After find element --> By.cssSelector: .contact-item-detailed_card__50dTS
11:20:19.073 INFO  manager.ListenerWD - Before find element --> By.cssSelector: .contact-item-detailed_card__50dTS
11:20:19.082 INFO  manager.ListenerWD - After find element --> By.cssSelector: .contact-item-detailed_card__50dTS
11:20:19.093 INFO  tests.TestBase - The name of starts method is ---->registrationSuccess
11:20:19.094 INFO  manager.ListenerWD - Before find elements --> By.xpath: //button[text()='Sign Out']
11:20:19.103 INFO  manager.ListenerWD - After find elements --> By.xpath: //button[text()='Sign Out']
11:20:19.103 INFO  manager.ListenerWD - List suze is --> 1
11:20:19.103 INFO  manager.ListenerWD - Before find element --> By.xpath: //button[text()='Sign Out']
11:20:19.114 INFO  manager.ListenerWD - After find element --> By.xpath: //button[text()='Sign Out']
11:20:19.142 INFO  manager.ListenerWD - Before find element --> By.cssSelector: a[href='/login']
11:20:19.152 INFO  manager.ListenerWD - After find element --> By.cssSelector: a[href='/login']
11:20:19.178 INFO  manager.ListenerWD - Before find element --> By.name: email
11:20:19.188 INFO  manager.ListenerWD - After find element --> By.name: email
11:20:19.275 INFO  manager.ListenerWD - Before find element --> By.name: password
11:20:19.287 INFO  manager.ListenerWD - After find element --> By.name: password
11:20:19.368 INFO  manager.ListenerWD - Before find element --> By.cssSelector: [name='registration']
11:20:19.379 INFO  manager.ListenerWD - After find element --> By.cssSelector: [name='registration']
11:20:19.403 INFO  manager.ListenerWD - Before find elements --> By.xpath: //button[text()='Sign Out']
11:20:19.967 INFO  manager.ListenerWD - After find elements --> By.xpath: //button[text()='Sign Out']
11:20:19.967 INFO  manager.ListenerWD - List suze is --> 1
